#
# A fatal error has been detected by the Java Runtime Environment:
#
#  SIGSEGV (0xb) at pc=0x00007f27cee59343, pid=3070, tid=0x00007f27cc893700
#
# JRE version: Java(TM) SE Runtime Environment (8.0_162-b12) (build 1.8.0_162-b12)
# Java VM: Java HotSpot(TM) 64-Bit Server VM (25.162-b12 mixed mode linux-amd64 compressed oops)
# Problematic frame:
# V  [libjvm.so+0x996343]  oopDesc* PSPromotionManager::copy_to_survivor_space<false>(oopDesc*)+0x143
#
# Failed to write core dump. Core dumps have been disabled. To enable core dumping, try "ulimit -c unlimited" before starting Java again
#
# If you would like to submit a bug report, please visit:
#   http://bugreport.java.com/bugreport/crash.jsp
#

---------------  T H R E A D  ---------------

Current thread (0x00007f27c8024000):  GCTaskThread [stack: 0x00007f27cc793000,0x00007f27cc894000] [id=3073]

siginfo: si_signo: 11 (SIGSEGV), si_code: 1 (SEGV_MAPERR), si_addr: 0x0000000000000008

Registers:
RAX=0x00007f27cf45f680, RBX=0x00000000f510e394, RCX=0x0000000000000003, RDX=0x0000000000000001
RSP=0x00007f27cc8928a0, RBP=0x00007f27cc892910, RSI=0x00000000e47baab8, RDI=0x0000000000000000
R8 =0x00000000f510e3f0, R9 =0x00007f27cf492e10, R10=0x00007f27cf483b99, R11=0x00007f27cf656390
R12=0x00000000e47baab8, R13=0x0000000000000000, R14=0x0000000000000000, R15=0x00007f27c8079a28
RIP=0x00007f27cee59343, EFLAGS=0x0000000000010246, CSGSFS=0x002b000000000033, ERR=0x0000000000000004
  TRAPNO=0x000000000000000e

Top of Stack: (sp=0x00007f27cc8928a0)
0x00007f27cc8928a0:   0000000100001938 00007f27cf483b99
0x00007f27cc8928b0:   00007f27cc892910 00007f27c80799c0
0x00007f27cc8928c0:   00000000f50f0145 00007f27cf492e10
0x00007f27cc8928d0:   00000000f5108198 0000000000001000
0x00007f27cc8928e0:   00000000f45de54d 00000000f510e394
0x00007f27cc8928f0:   00007f27c80799c0 00007f27cf45f670
0x00007f27cc892900:   0000000000000000 00007f27c8079a28
0x00007f27cc892910:   00007f27cc892a00 00007f27cee58c10
0x00007f27cc892920:   00000000a5b7cd79 00007f27cc892990
0x00007f27cc892930:   00007f27cc8929a0 00007f27cc892960
0x00007f27cc892940:   00007f27cc892970 00007f27cc8929c0
0x00007f27cc892950:   00007f27c8024f28 00007f27c8079a58
0x00007f27cc892960:   00000000a58fefa0 00007f27c8079a20
0x00007f27cc892970:   00007f27c801c670 00000000a5b7e4cc
0x00007f27cc892980:   00000000a5e78025 00007f27cedcb1ff
0x00007f27cc892990:   000000010002b380 00000000a5e78024
0x00007f27cc8929a0:   00007f27cc892a00 00007f27ceb146f0
0x00007f27cc8929b0:   00000000a5b7e849 00007f27cf492e10
0x00007f27cc8929c0:   00000000f510e395 00007f27c8079a20
0x00007f27cc8929d0:   00007f27c8024000 00000000a5e78220
0x00007f27cc8929e0:   00000000a5e78200 00007f27cca893c1
0x00007f27cc8929f0:   00007f27c801c670 00007f27cca8940b
0x00007f27cc892a00:   00007f27cc892ac0 00007f27ce8c5a1e
0x00007f27cc892a10:   00007f27cc892a50 00007f27cca8940a
0x00007f27cc892a20:   00007f27cca89381 00007f27cf483b99
0x00007f27cc892a30:   00007f27c80799c0 00000000a6919c48
0x00007f27cc892a40:   00007f27c801c3b0 00007f27cca8e8cf
0x00007f27cc892a50:   00000000a5e700a0 0000000000000200
0x00007f27cc892a60:   00000000a5e81438 00007f27cca893c0
0x00007f27cc892a70:   0000000000000240 00007f27cca89400
0x00007f27cc892a80:   00007f27cca89580 00007f27cca893c1
0x00007f27cc892a90:   00007f27cca893c0 00007f27c802b900 

Instructions: (pc=0x00007f27cee59343)
0x00007f27cee59323:   83 e0 07 48 83 f8 05 75 d3 31 db eb d6 48 8b 05
0x00007f27cee59333:   79 71 5e 00 8b 7e 08 8b 48 08 48 d3 e7 48 03 38
0x00007f27cee59343:   8b 77 08 83 fe 00 0f 8f 0a ff ff ff 0f 85 4b 02
0x00007f27cee59353:   00 00 0f 1f 00 48 8b 07 4c 89 e6 4c 89 55 98 ff 

Register to memory mapping:

RAX=0x00007f27cf45f680: <offset 0xf9c680> in /usr/local/java/jdk1.8.0_162/jre/lib/amd64/server/libjvm.so at 0x00007f27ce4c3000
RBX=0x00000000f510e394 is an unknown value
RCX=0x0000000000000003 is an unknown value
RDX=0x0000000000000001 is an unknown value
RSP=0x00007f27cc8928a0 is an unknown value
RBP=0x00007f27cc892910 is an unknown value
RSI=0x00000000e47baab8 is an unknown value
RDI=0x0000000000000000 is an unknown value
R8 =0x00000000f510e3f0 is an oop
java.lang.String 
 - klass: 'java/lang/String'
R9 =0x00007f27cf492e10: <offset 0xfcfe10> in /usr/local/java/jdk1.8.0_162/jre/lib/amd64/server/libjvm.so at 0x00007f27ce4c3000
R10=0x00007f27cf483b99: <offset 0xfc0b99> in /usr/local/java/jdk1.8.0_162/jre/lib/amd64/server/libjvm.so at 0x00007f27ce4c3000
R11=0x00007f27cf656390: <offset 0x196390> in /lib/x86_64-linux-gnu/libc.so.6 at 0x00007f27cf4c0000
R12=0x00000000e47baab8 is an unknown value
R13=0x0000000000000000 is an unknown value
R14=0x0000000000000000 is an unknown value
R15=0x00007f27c8079a28 is an unknown value


Stack: [0x00007f27cc793000,0x00007f27cc894000],  sp=0x00007f27cc8928a0,  free space=1022k
Native frames: (J=compiled Java code, j=interpreted, Vv=VM code, C=native code)
V  [libjvm.so+0x996343]  oopDesc* PSPromotionManager::copy_to_survivor_space<false>(oopDesc*)+0x143
V  [libjvm.so+0x995c10]  PSPromotionManager::drain_stacks_depth(bool)+0x830
V  [libjvm.so+0x402a1e]  CardTableExtension::scavenge_contents_parallel(ObjectStartArray*, MutableSpace*, HeapWord*, PSPromotionManager*, unsigned int, unsigned int)+0xafe
V  [libjvm.so+0x99948b]  OldToYoungRootsTask::do_it(GCTaskManager*, unsigned int)+0x4b
V  [libjvm.so+0x5dc0ff]  GCTaskThread::run()+0x12f
V  [libjvm.so+0x92dcc8]  java_start(Thread*)+0x108


---------------  P R O C E S S  ---------------

Java Threads: ( => current thread )
  0x00007f276407e000 JavaThread "http-nio-8080-AsyncTimeout" daemon [_thread_blocked, id=6197, stack(0x00007f2737eff000,0x00007f2738000000)]
  0x00007f276407c800 JavaThread "http-nio-8080-Acceptor-0" daemon [_thread_in_native, id=6196, stack(0x00007f27a77de000,0x00007f27a78df000)]
  0x00007f276407b000 JavaThread "http-nio-8080-ClientPoller-1" daemon [_thread_in_native, id=6195, stack(0x00007f2737bfc000,0x00007f2737cfd000)]
  0x00007f2764060800 JavaThread "http-nio-8080-ClientPoller-0" daemon [_thread_in_native, id=6194, stack(0x00007f27a5ad0000,0x00007f27a5bd1000)]
  0x00007f2764046800 JavaThread "http-nio-8080-exec-10" daemon [_thread_blocked, id=6193, stack(0x00007f27a5cd2000,0x00007f27a5dd3000)]
  0x00007f2764045000 JavaThread "http-nio-8080-exec-9" daemon [_thread_blocked, id=6192, stack(0x00007f27a43c1000,0x00007f27a44c2000)]
  0x00007f2764043800 JavaThread "http-nio-8080-exec-8" daemon [_thread_blocked, id=6191, stack(0x00007f27a44c2000,0x00007f27a45c3000)]
  0x00007f2764042800 JavaThread "http-nio-8080-exec-7" daemon [_thread_blocked, id=6190, stack(0x00007f27a48c6000,0x00007f27a49c7000)]
  0x00007f2764041000 JavaThread "http-nio-8080-exec-6" daemon [_thread_blocked, id=6189, stack(0x00007f27a4dcb000,0x00007f27a4ecc000)]
  0x00007f276403f800 JavaThread "http-nio-8080-exec-5" daemon [_thread_blocked, id=6188, stack(0x00007f27a4cca000,0x00007f27a4dcb000)]
  0x00007f276403e000 JavaThread "http-nio-8080-exec-4" daemon [_thread_blocked, id=6187, stack(0x00007f27a45c3000,0x00007f27a46c4000)]
  0x00007f276403d000 JavaThread "http-nio-8080-exec-3" daemon [_thread_blocked, id=6186, stack(0x00007f27a4bc9000,0x00007f27a4cca000)]
  0x00007f276401c000 JavaThread "http-nio-8080-exec-2" daemon [_thread_blocked, id=6185, stack(0x00007f27a46c4000,0x00007f27a47c5000)]
  0x00007f276401a800 JavaThread "http-nio-8080-exec-1" daemon [_thread_blocked, id=6184, stack(0x00007f27a49c7000,0x00007f27a4ac8000)]
  0x00007f2764019800 JavaThread "NioBlockingSelector.BlockPoller-2" daemon [_thread_in_native, id=6183, stack(0x00007f27a4ac8000,0x00007f27a4bc9000)]
  0x00007f276401f000 JavaThread "File Watcher" daemon [_thread_blocked, id=6182, stack(0x00007f27a47c5000,0x00007f27a48c6000)]
  0x00007f2764018000 JavaThread "HikariPool-2 housekeeper" daemon [_thread_blocked, id=6178, stack(0x00007f27a4fcd000,0x00007f27a50ce000)]
  0x00007f2764022800 JavaThread "container-1" [_thread_blocked, id=6177, stack(0x00007f27a41bf000,0x00007f27a42c0000)]
  0x00007f2764021800 JavaThread "ContainerBackgroundProcessor[StandardEngine[Tomcat-1]]" daemon [_thread_blocked, id=6176, stack(0x00007f27a60d4000,0x00007f27a61d5000)]
  0x00007f2730011800 JavaThread "File Watcher" daemon [_thread_blocked, id=6151, stack(0x00007f27a53cf000,0x00007f27a54d0000)]
  0x00007f27c800e800 JavaThread "DestroyJavaVM" [_thread_blocked, id=3072, stack(0x00007f27cffc4000,0x00007f27d00c5000)]
  0x00007f2750b22800 JavaThread "Live Reload Server" daemon [_thread_in_native, id=3124, stack(0x00007f27a50ce000,0x00007f27a51cf000)]
  0x00007f2750726000 JavaThread "Abandoned connection cleanup thread" daemon [_thread_blocked, id=3109, stack(0x00007f27a5fd3000,0x00007f27a60d4000)]
  0x00007f276400a800 JavaThread "JMX server connection timeout 16" daemon [_thread_blocked, id=3099, stack(0x00007f27a78df000,0x00007f27a79e0000)]
  0x00007f276c00a000 JavaThread "RMI Scheduler(0)" daemon [_thread_blocked, id=3094, stack(0x00007f27a7afd000,0x00007f27a7bfe000)]
  0x00007f27c851e800 JavaThread "RMI TCP Accept-0" daemon [_thread_in_native, id=3091, stack(0x00007f27ac03f000,0x00007f27ac140000)]
  0x00007f27c84ed000 JavaThread "RMI TCP Accept-36159" daemon [_thread_in_native, id=3090, stack(0x00007f27ac14a000,0x00007f27ac24b000)]
  0x00007f27c84d8000 JavaThread "RMI TCP Accept-0" daemon [_thread_in_native, id=3089, stack(0x00007f27ac24b000,0x00007f27ac34c000)]
  0x00007f27c80e7000 JavaThread "Service Thread" daemon [_thread_blocked, id=3088, stack(0x00007f27afafb000,0x00007f27afbfc000)]
  0x00007f27c80c2000 JavaThread "C1 CompilerThread2" daemon [_thread_blocked, id=3087, stack(0x00007f27afbfc000,0x00007f27afcfd000)]
  0x00007f27c80c0000 JavaThread "C2 CompilerThread1" daemon [_thread_blocked, id=3086, stack(0x00007f27afcfd000,0x00007f27afdfe000)]
  0x00007f27c80bd000 JavaThread "C2 CompilerThread0" daemon [_thread_blocked, id=3085, stack(0x00007f27afdfe000,0x00007f27afeff000)]
  0x00007f27c80bb800 JavaThread "Signal Dispatcher" daemon [_thread_blocked, id=3084, stack(0x00007f27afeff000,0x00007f27b0000000)]
  0x00007f27c8088800 JavaThread "Finalizer" daemon [_thread_blocked, id=3080, stack(0x00007f27b4645000,0x00007f27b4746000)]
  0x00007f27c8084000 JavaThread "Reference Handler" daemon [_thread_blocked, id=3078, stack(0x00007f27b4746000,0x00007f27b4847000)]

Other Threads:
  0x00007f27c807c800 VMThread [stack: 0x00007f27b4847000,0x00007f27b4948000] [id=3077]
  0x00007f27c8521000 WatcherThread [stack: 0x00007f27a7eff000,0x00007f27a8000000] [id=3092]

=>0x00007f27c8024000 (exited) GCTaskThread [stack: 0x00007f27cc793000,0x00007f27cc894000] [id=3073]

VM state:at safepoint (normal execution)

VM Mutex/Monitor currently owned by a thread:  ([mutex/lock_event])
[0x00007f27c800aea0] Threads_lock - owner thread: 0x00007f27c807c800
[0x00007f27c800b3a0] Heap_lock - owner thread: 0x00007f276401f000

Heap:
 PSYoungGen      total 326656K, used 322768K [0x00000000e1780000, 0x00000000f6a80000, 0x0000000100000000)
  eden space 311296K, 100% used [0x00000000e1780000,0x00000000f4780000,0x00000000f4780000)
  from space 15360K, 74% used [0x00000000f5800000,0x00000000f6334150,0x00000000f6700000)
  to   space 16896K, 60% used [0x00000000f4780000,0x00000000f5180198,0x00000000f5800000)
 ParOldGen       total 1000960K, used 35943K [0x00000000a4600000, 0x00000000e1780000, 0x00000000e1780000)
  object space 1000960K, 3% used [0x00000000a4600000,0x00000000a6919c48,0x00000000e1780000)
 Metaspace       used 46183K, capacity 48230K, committed 48680K, reserved 1091584K
  class space    used 6211K, capacity 6620K, committed 6696K, reserved 1048576K

Card table byte_map: [0x00007f27cca7d000,0x00007f27ccd5b000] byte_map_base: 0x00007f27cc55a000

Marking Bits: (ParMarkBitMap*) 0x00007f27cf492ca0
 Begin Bits: [0x00007f27b6230000, 0x00007f27b7918000)
 End Bits:   [0x00007f27b7918000, 0x00007f27b9000000)

Polling page: 0x00007f27d00e5000

CodeCache: size=245760Kb used=12556Kb max_used=12556Kb free=233203Kb
 bounds [0x00007f27b9000000, 0x00007f27b9c50000, 0x00007f27c8000000]
 total_blobs=6940 nmethods=6406 adapters=446
 compilation: enabled

Compilation events (10 events):
Event: 1712,285 Thread 0x00007f27c80c2000 6492       1       ch.qos.logback.classic.Level::toString (5 bytes)
Event: 1712,285 Thread 0x00007f27c80c2000 nmethod 6492 0x00007f27b9c41dd0 code [0x00007f27b9c41f20, 0x00007f27b9c42030]
Event: 1712,315 Thread 0x00007f27c80c2000 6498       1       org.springframework.context.event.GenericApplicationListenerAdapter::resolveDeclaredEventType (44 bytes)
Event: 1712,316 Thread 0x00007f27c80c2000 nmethod 6498 0x00007f27b9c42090 code [0x00007f27b9c422a0, 0x00007f27b9c42868]
Event: 1712,316 Thread 0x00007f27c80c2000 6497       1       org.springframework.context.support.AbstractApplicationContext::publishEvent (170 bytes)
Event: 1712,317 Thread 0x00007f27c80c2000 nmethod 6497 0x00007f27b9c42d10 code [0x00007f27b9c42f60, 0x00007f27b9c43738]
Event: 1712,318 Thread 0x00007f27c80c2000 6499       1       org.springframework.core.ResolvableType::hasUnresolvableGenerics (132 bytes)
Event: 1712,318 Thread 0x00007f27c80c2000 nmethod 6499 0x00007f27b9c43c90 code [0x00007f27b9c43e80, 0x00007f27b9c44318]
Event: 1713,415 Thread 0x00007f27c80c2000 6500       1       java.util.zip.ZipFile::finalize (5 bytes)
Event: 1713,415 Thread 0x00007f27c80c2000 nmethod 6500 0x00007f27b9c44790 code [0x00007f27b9c44900, 0x00007f27b9c44a28]

GC Heap History (10 events):
Event: 1690,637 GC heap after
Heap after GC invocations=346 (full 4):
 PSYoungGen      total 298496K, used 0K [0x00000000e1780000, 0x00000000f4100000, 0x0000000100000000)
  eden space 292352K, 0% used [0x00000000e1780000,0x00000000e1780000,0x00000000f3500000)
  from space 6144K, 0% used [0x00000000f3b00000,0x00000000f3b00000,0x00000000f4100000)
  to   space 6144K, 0% used [0x00000000f3500000,0x00000000f3500000,0x00000000f3b00000)
 ParOldGen       total 93184K, used 22027K [0x00000000a4600000, 0x00000000aa100000, 0x00000000e1780000)
  object space 93184K, 23% used [0x00000000a4600000,0x00000000a5b82c18,0x00000000aa100000)
 Metaspace       used 45867K, capacity 47682K, committed 48424K, reserved 1091584K
  class space    used 6163K, capacity 6539K, committed 6696K, reserved 1048576K
}
Event: 1704,072 GC heap before
{Heap before GC invocations=347 (full 4):
 PSYoungGen      total 298496K, used 292352K [0x00000000e1780000, 0x00000000f4100000, 0x0000000100000000)
  eden space 292352K, 100% used [0x00000000e1780000,0x00000000f3500000,0x00000000f3500000)
  from space 6144K, 0% used [0x00000000f3b00000,0x00000000f3b00000,0x00000000f4100000)
  to   space 6144K, 0% used [0x00000000f3500000,0x00000000f3500000,0x00000000f3b00000)
 ParOldGen       total 93184K, used 22027K [0x00000000a4600000, 0x00000000aa100000, 0x00000000e1780000)
  object space 93184K, 23% used [0x00000000a4600000,0x00000000a5b82c18,0x00000000aa100000)
 Metaspace       used 46015K, capacity 47950K, committed 48424K, reserved 1091584K
  class space    used 6192K, capacity 6564K, committed 6696K, reserved 1048576K
Event: 1704,087 GC heap after
Heap after GC invocations=347 (full 4):
 PSYoungGen      total 298496K, used 6112K [0x00000000e1780000, 0x00000000f4800000, 0x0000000100000000)
  eden space 292352K, 0% used [0x00000000e1780000,0x00000000e1780000,0x00000000f3500000)
  from space 6144K, 99% used [0x00000000f3500000,0x00000000f3af8020,0x00000000f3b00000)
  to   space 7680K, 0% used [0x00000000f4080000,0x00000000f4080000,0x00000000f4800000)
 ParOldGen       total 93184K, used 22921K [0x00000000a4600000, 0x00000000aa100000, 0x00000000e1780000)
  object space 93184K, 24% used [0x00000000a4600000,0x00000000a5c62548,0x00000000aa100000)
 Metaspace       used 46015K, capacity 47950K, committed 48424K, reserved 1091584K
  class space    used 6192K, capacity 6564K, committed 6696K, reserved 1048576K
}
Event: 1709,866 GC heap before
{Heap before GC invocations=348 (full 4):
 PSYoungGen      total 298496K, used 298464K [0x00000000e1780000, 0x00000000f4800000, 0x0000000100000000)
  eden space 292352K, 100% used [0x00000000e1780000,0x00000000f3500000,0x00000000f3500000)
  from space 6144K, 99% used [0x00000000f3500000,0x00000000f3af8020,0x00000000f3b00000)
  to   space 7680K, 0% used [0x00000000f4080000,0x00000000f4080000,0x00000000f4800000)
 ParOldGen       total 93184K, used 22921K [0x00000000a4600000, 0x00000000aa100000, 0x00000000e1780000)
  object space 93184K, 24% used [0x00000000a4600000,0x00000000a5c62548,0x00000000aa100000)
 Metaspace       used 46036K, capacity 47992K, committed 48424K, reserved 1091584K
  class space    used 6197K, capacity 6572K, committed 6696K, reserved 1048576K
Event: 1709,909 GC heap after
Heap after GC invocations=348 (full 4):
 PSYoungGen      total 302080K, used 7648K [0x00000000e1780000, 0x00000000f5080000, 0x0000000100000000)
  eden space 294400K, 0% used [0x00000000e1780000,0x00000000e1780000,0x00000000f3700000)
  from space 7680K, 99% used [0x00000000f4080000,0x00000000f47f8020,0x00000000f4800000)
  to   space 9728K, 0% used [0x00000000f3700000,0x00000000f3700000,0x00000000f4080000)
 ParOldGen       total 93184K, used 24749K [0x00000000a4600000, 0x00000000aa100000, 0x00000000e1780000)
  object space 93184K, 26% used [0x00000000a4600000,0x00000000a5e2b428,0x00000000aa100000)
 Metaspace       used 46036K, capacity 47992K, committed 48424K, reserved 1091584K
  class space    used 6197K, capacity 6572K, committed 6696K, reserved 1048576K
}
Event: 1713,333 GC heap before
{Heap before GC invocations=349 (full 4):
 PSYoungGen      total 302080K, used 302048K [0x00000000e1780000, 0x00000000f5080000, 0x0000000100000000)
  eden space 294400K, 100% used [0x00000000e1780000,0x00000000f3700000,0x00000000f3700000)
  from space 7680K, 99% used [0x00000000f4080000,0x00000000f47f8020,0x00000000f4800000)
  to   space 9728K, 0% used [0x00000000f3700000,0x00000000f3700000,0x00000000f4080000)
 ParOldGen       total 93184K, used 24749K [0x00000000a4600000, 0x00000000aa100000, 0x00000000e1780000)
  object space 93184K, 26% used [0x00000000a4600000,0x00000000a5e2b428,0x00000000aa100000)
 Metaspace       used 46183K, capacity 48230K, committed 48680K, reserved 1091584K
  class space    used 6211K, capacity 6620K, committed 6696K, reserved 1048576K
Event: 1713,409 GC heap after
Heap after GC invocations=349 (full 4):
 PSYoungGen      total 304128K, used 9696K [0x00000000e1780000, 0x00000000f6700000, 0x0000000100000000)
  eden space 294400K, 0% used [0x00000000e1780000,0x00000000e1780000,0x00000000f3700000)
  from space 9728K, 99% used [0x00000000f3700000,0x00000000f4078150,0x00000000f4080000)
  to   space 15360K, 0% used [0x00000000f5800000,0x00000000f5800000,0x00000000f6700000)
 ParOldGen       total 93184K, used 35935K [0x00000000a4600000, 0x00000000aa100000, 0x00000000e1780000)
  object space 93184K, 38% used [0x00000000a4600000,0x00000000a6917c48,0x00000000aa100000)
 Metaspace       used 46183K, capacity 48230K, committed 48680K, reserved 1091584K
  class space    used 6211K, capacity 6620K, committed 6696K, reserved 1048576K
}
Event: 1719,770 GC heap before
{Heap before GC invocations=350 (full 4):
 PSYoungGen      total 304128K, used 304096K [0x00000000e1780000, 0x00000000f6700000, 0x0000000100000000)
  eden space 294400K, 100% used [0x00000000e1780000,0x00000000f3700000,0x00000000f3700000)
  from space 9728K, 99% used [0x00000000f3700000,0x00000000f4078150,0x00000000f4080000)
  to   space 15360K, 0% used [0x00000000f5800000,0x00000000f5800000,0x00000000f6700000)
 ParOldGen       total 93184K, used 35935K [0x00000000a4600000, 0x00000000aa100000, 0x00000000e1780000)
  object space 93184K, 38% used [0x00000000a4600000,0x00000000a6917c48,0x00000000aa100000)
 Metaspace       used 46183K, capacity 48230K, committed 48680K, reserved 1091584K
  class space    used 6211K, capacity 6620K, committed 6696K, reserved 1048576K
Event: 1719,823 GC heap after
Heap after GC invocations=350 (full 4):
 PSYoungGen      total 326656K, used 11472K [0x00000000e1780000, 0x00000000f6a80000, 0x0000000100000000)
  eden space 311296K, 0% used [0x00000000e1780000,0x00000000e1780000,0x00000000f4780000)
  from space 15360K, 74% used [0x00000000f5800000,0x00000000f6334150,0x00000000f6700000)
  to   space 16896K, 0% used [0x00000000f4780000,0x00000000f4780000,0x00000000f5800000)
 ParOldGen       total 93184K, used 35943K [0x00000000a4600000, 0x00000000aa100000, 0x00000000e1780000)
  object space 93184K, 38% used [0x00000000a4600000,0x00000000a6919c48,0x00000000aa100000)
 Metaspace       used 46183K, capacity 48230K, committed 48680K, reserved 1091584K
  class space    used 6211K, capacity 6620K, committed 6696K, reserved 1048576K
}
Event: 1725,967 GC heap before
{Heap before GC invocations=351 (full 4):
 PSYoungGen      total 326656K, used 322768K [0x00000000e1780000, 0x00000000f6a80000, 0x0000000100000000)
  eden space 311296K, 100% used [0x00000000e1780000,0x00000000f4780000,0x00000000f4780000)
  from space 15360K, 74% used [0x00000000f5800000,0x00000000f6334150,0x00000000f6700000)
  to   space 16896K, 0% used [0x00000000f4780000,0x00000000f4780000,0x00000000f5800000)
 ParOldGen       total 93184K, used 35943K [0x00000000a4600000, 0x00000000aa100000, 0x00000000e1780000)
  object space 93184K, 38% used [0x00000000a4600000,0x00000000a6919c48,0x00000000aa100000)
 Metaspace       used 46183K, capacity 48230K, committed 48680K, reserved 1091584K
  class space    used 6211K, capacity 6620K, committed 6696K, reserved 1048576K

Deoptimization events (0 events):
No events

Classes redefined (0 events):
No events

Internal exceptions (10 events):
Event: 1712,271 Thread 0x00007f2730013000 Exception <a 'java/io/IOException'> (0x00000000ef5f7720) thrown at [/HUDSON/workspace/8-2-build-linux-amd64/jdk8u162/10278/hotspot/src/share/vm/prims/jni.cpp, line 709]
Event: 1712,271 Thread 0x00007f2730013000 Exception <a 'java/io/IOException'> (0x00000000ef5f7ba0) thrown at [/HUDSON/workspace/8-2-build-linux-amd64/jdk8u162/10278/hotspot/src/share/vm/prims/jni.cpp, line 709]
Event: 1712,280 Thread 0x00007f2730013000 Exception <a 'java/io/IOException'> (0x00000000ef6698f8) thrown at [/HUDSON/workspace/8-2-build-linux-amd64/jdk8u162/10278/hotspot/src/share/vm/prims/jni.cpp, line 709]
Event: 1712,281 Thread 0x00007f2730013000 Exception <a 'java/io/IOException'> (0x00000000ef669d78) thrown at [/HUDSON/workspace/8-2-build-linux-amd64/jdk8u162/10278/hotspot/src/share/vm/prims/jni.cpp, line 709]
Event: 1712,311 Thread 0x00007f2730013000 Exception <a 'java/io/IOException'> (0x00000000ef6de8b0) thrown at [/HUDSON/workspace/8-2-build-linux-amd64/jdk8u162/10278/hotspot/src/share/vm/prims/jni.cpp, line 709]
Event: 1712,311 Thread 0x00007f2730013000 Exception <a 'java/io/IOException'> (0x00000000ef6ded30) thrown at [/HUDSON/workspace/8-2-build-linux-amd64/jdk8u162/10278/hotspot/src/share/vm/prims/jni.cpp, line 709]
Event: 1712,313 Thread 0x00007f2730013000 Exception <a 'java/io/IOException'> (0x00000000ef6eb4d8) thrown at [/HUDSON/workspace/8-2-build-linux-amd64/jdk8u162/10278/hotspot/src/share/vm/prims/jni.cpp, line 709]
Event: 1712,313 Thread 0x00007f2730013000 Exception <a 'java/io/IOException'> (0x00000000ef6eb958) thrown at [/HUDSON/workspace/8-2-build-linux-amd64/jdk8u162/10278/hotspot/src/share/vm/prims/jni.cpp, line 709]
Event: 1712,321 Thread 0x00007f2730013000 Exception <a 'java/io/IOException'> (0x00000000ef714c78) thrown at [/HUDSON/workspace/8-2-build-linux-amd64/jdk8u162/10278/hotspot/src/share/vm/prims/jni.cpp, line 709]
Event: 1712,321 Thread 0x00007f2730013000 Exception <a 'java/io/IOException'> (0x00000000ef7150f8) thrown at [/HUDSON/workspace/8-2-build-linux-amd64/jdk8u162/10278/hotspot/src/share/vm/prims/jni.cpp, line 709]

Events (10 events):
Event: 1716,007 Thread 0x00007f274c001800 Thread exited: 0x00007f274c001800
Event: 1719,770 Executing VM operation: ParallelGCFailedAllocation
Event: 1719,823 Executing VM operation: ParallelGCFailedAllocation done
Event: 1720,439 Executing VM operation: RevokeBias
Event: 1720,439 Executing VM operation: RevokeBias done
Event: 1720,439 Executing VM operation: RevokeBias
Event: 1720,439 Executing VM operation: RevokeBias done
Event: 1720,439 Thread 0x00007f2764020800 Thread exited: 0x00007f2764020800
Event: 1720,439 Thread 0x00007f2738003000 Thread exited: 0x00007f2738003000
Event: 1725,967 Executing VM operation: ParallelGCFailedAllocation


Dynamic libraries:
00400000-00401000 r-xp 00000000 08:02 16517874                           /usr/local/java/jdk1.8.0_162/bin/java
00600000-00601000 rw-p 00000000 08:02 16517874                           /usr/local/java/jdk1.8.0_162/bin/java
01f2e000-021e0000 rw-p 00000000 00:00 0                                  [heap]
a4600000-e1780000 rw-p 00000000 00:00 0 
e1780000-f6a80000 rw-p 00000000 00:00 0 
f6a80000-100000000 ---p 00000000 00:00 0 
100000000-10068a000 rw-p 00000000 00:00 0 
10068a000-140000000 ---p 00000000 00:00 0 
7f2730000000-7f2730021000 rw-p 00000000 00:00 0 
7f2730021000-7f2734000000 ---p 00000000 00:00 0 
7f27375fa000-7f27376fa000 rw-p 00000000 00:00 0 
7f27376fa000-7f27377fa000 ---p 00000000 00:00 0 
7f27377fa000-7f27379fa000 rw-p 00000000 00:00 0 
7f27379fa000-7f27379fd000 ---p 00000000 00:00 0 
7f27379fd000-7f2737afb000 rw-p 00000000 00:00 0 
7f2737afb000-7f2737afe000 ---p 00000000 00:00 0 
7f2737afe000-7f2737bfc000 rw-p 00000000 00:00 0 
7f2737bfc000-7f2737bff000 ---p 00000000 00:00 0 
7f2737bff000-7f2737cfd000 rw-p 00000000 00:00 0 
7f2737cfd000-7f2737d00000 ---p 00000000 00:00 0 
7f2737d00000-7f2737dfe000 rw-p 00000000 00:00 0 
7f2737dfe000-7f2737e01000 ---p 00000000 00:00 0 
7f2737e01000-7f2737eff000 rw-p 00000000 00:00 0 
7f2737eff000-7f2737f02000 ---p 00000000 00:00 0 
7f2737f02000-7f2738000000 rw-p 00000000 00:00 0 
7f2738000000-7f2738021000 rw-p 00000000 00:00 0 
7f2738021000-7f273c000000 ---p 00000000 00:00 0 
7f273c000000-7f273c021000 rw-p 00000000 00:00 0 
7f273c021000-7f2740000000 ---p 00000000 00:00 0 
7f2740000000-7f2740108000 rw-p 00000000 00:00 0 
7f2740108000-7f2744000000 ---p 00000000 00:00 0 
7f2744000000-7f2744126000 rw-p 00000000 00:00 0 
7f2744126000-7f2748000000 ---p 00000000 00:00 0 
7f2748000000-7f2748062000 rw-p 00000000 00:00 0 
7f2748062000-7f274c000000 ---p 00000000 00:00 0 
7f274c000000-7f274c021000 rw-p 00000000 00:00 0 
7f274c021000-7f2750000000 ---p 00000000 00:00 0 
7f2750000000-7f2750bc4000 rw-p 00000000 00:00 0 
7f2750bc4000-7f2754000000 ---p 00000000 00:00 0 
7f2754000000-7f27542c8000 rw-p 00000000 00:00 0 
7f27542c8000-7f2758000000 ---p 00000000 00:00 0 
7f2758000000-7f2758021000 rw-p 00000000 00:00 0 
7f2758021000-7f275c000000 ---p 00000000 00:00 0 
7f275c000000-7f275c021000 rw-p 00000000 00:00 0 
7f275c021000-7f2760000000 ---p 00000000 00:00 0 
7f2760000000-7f2760021000 rw-p 00000000 00:00 0 
7f2760021000-7f2764000000 ---p 00000000 00:00 0 
7f2764000000-7f2764080000 rw-p 00000000 00:00 0 
7f2764080000-7f2768000000 ---p 00000000 00:00 0 
7f2768000000-7f2768021000 rw-p 00000000 00:00 0 
7f2768021000-7f276c000000 ---p 00000000 00:00 0 
7f276c000000-7f276c021000 rw-p 00000000 00:00 0 
7f276c021000-7f2770000000 ---p 00000000 00:00 0 
7f2770000000-7f2770021000 rw-p 00000000 00:00 0 
7f2770021000-7f2774000000 ---p 00000000 00:00 0 
7f2774000000-7f2774021000 rw-p 00000000 00:00 0 
7f2774021000-7f2778000000 ---p 00000000 00:00 0 
7f2778000000-7f2778021000 rw-p 00000000 00:00 0 
7f2778021000-7f277c000000 ---p 00000000 00:00 0 
7f277c000000-7f277c021000 rw-p 00000000 00:00 0 
7f277c021000-7f2780000000 ---p 00000000 00:00 0 
7f2780000000-7f2780021000 rw-p 00000000 00:00 0 
7f2780021000-7f2784000000 ---p 00000000 00:00 0 
7f2784000000-7f27847ec000 rw-p 00000000 00:00 0 
7f27847ec000-7f2788000000 ---p 00000000 00:00 0 
7f2788000000-7f2788021000 rw-p 00000000 00:00 0 
7f2788021000-7f278c000000 ---p 00000000 00:00 0 
7f278c000000-7f278c036000 rw-p 00000000 00:00 0 
7f278c036000-7f2790000000 ---p 00000000 00:00 0 
7f2790000000-7f2790021000 rw-p 00000000 00:00 0 
7f2790021000-7f2794000000 ---p 00000000 00:00 0 
7f2794000000-7f2794021000 rw-p 00000000 00:00 0 
7f2794021000-7f2798000000 ---p 00000000 00:00 0 
7f2798000000-7f2798021000 rw-p 00000000 00:00 0 
7f2798021000-7f279c000000 ---p 00000000 00:00 0 
7f279c000000-7f279c03a000 rw-p 00000000 00:00 0 
7f279c03a000-7f27a0000000 ---p 00000000 00:00 0 
7f27a0000000-7f27a0026000 rw-p 00000000 00:00 0 
7f27a0026000-7f27a4000000 ---p 00000000 00:00 0 
7f27a40be000-7f27a40c1000 ---p 00000000 00:00 0 
7f27a40c1000-7f27a41bf000 rw-p 00000000 00:00 0 
7f27a41bf000-7f27a41c2000 ---p 00000000 00:00 0 
7f27a41c2000-7f27a42c0000 rw-p 00000000 00:00 0 
7f27a42c0000-7f27a42c3000 ---p 00000000 00:00 0 
7f27a42c3000-7f27a43c1000 rw-p 00000000 00:00 0 
7f27a43c1000-7f27a43c4000 ---p 00000000 00:00 0 
7f27a43c4000-7f27a44c2000 rw-p 00000000 00:00 0 
7f27a44c2000-7f27a44c5000 ---p 00000000 00:00 0 
7f27a44c5000-7f27a45c3000 rw-p 00000000 00:00 0 
7f27a45c3000-7f27a45c6000 ---p 00000000 00:00 0 
7f27a45c6000-7f27a46c4000 rw-p 00000000 00:00 0 
7f27a46c4000-7f27a46c7000 ---p 00000000 00:00 0 
7f27a46c7000-7f27a47c5000 rw-p 00000000 00:00 0 
7f27a47c5000-7f27a47c8000 ---p 00000000 00:00 0 
7f27a47c8000-7f27a48c6000 rw-p 00000000 00:00 0 
7f27a48c6000-7f27a48c9000 ---p 00000000 00:00 0 
7f27a48c9000-7f27a49c7000 rw-p 00000000 00:00 0 
7f27a49c7000-7f27a49ca000 ---p 00000000 00:00 0 
7f27a49ca000-7f27a4ac8000 rw-p 00000000 00:00 0 
7f27a4ac8000-7f27a4acb000 ---p 00000000 00:00 0 
7f27a4acb000-7f27a4bc9000 rw-p 00000000 00:00 0 
7f27a4bc9000-7f27a4bcc000 ---p 00000000 00:00 0 
7f27a4bcc000-7f27a4cca000 rw-p 00000000 00:00 0 
7f27a4cca000-7f27a4ccd000 ---p 00000000 00:00 0 
7f27a4ccd000-7f27a4dcb000 rw-p 00000000 00:00 0 
7f27a4dcb000-7f27a4dce000 ---p 00000000 00:00 0 
7f27a4dce000-7f27a4ecc000 rw-p 00000000 00:00 0 
7f27a4ecc000-7f27a4ecf000 ---p 00000000 00:00 0 
7f27a4ecf000-7f27a4fcd000 rw-p 00000000 00:00 0 
7f27a4fcd000-7f27a4fd0000 ---p 00000000 00:00 0 
7f27a4fd0000-7f27a50ce000 rw-p 00000000 00:00 0 
7f27a50ce000-7f27a50d1000 ---p 00000000 00:00 0 
7f27a50d1000-7f27a53cf000 rw-p 00000000 00:00 0 
7f27a53cf000-7f27a53d2000 ---p 00000000 00:00 0 
7f27a53d2000-7f27a56d0000 rw-p 00000000 00:00 0 
7f27a56d0000-7f27a58d0000 rw-p 00000000 00:00 0 
7f27a58d0000-7f27a5ad0000 rw-p 00000000 00:00 0 
7f27a5ad0000-7f27a5ad3000 ---p 00000000 00:00 0 
7f27a5ad3000-7f27a5bd1000 rw-p 00000000 00:00 0 
7f27a5bd1000-7f27a5bd4000 ---p 00000000 00:00 0 
7f27a5bd4000-7f27a5cd2000 rw-p 00000000 00:00 0 
7f27a5cd2000-7f27a5cd5000 ---p 00000000 00:00 0 
7f27a5cd5000-7f27a5fd3000 rw-p 00000000 00:00 0 
7f27a5fd3000-7f27a5fd6000 ---p 00000000 00:00 0 
7f27a5fd6000-7f27a60d4000 rw-p 00000000 00:00 0 
7f27a60d4000-7f27a60d7000 ---p 00000000 00:00 0 
7f27a60d7000-7f27a61d5000 rw-p 00000000 00:00 0 
7f27a61d5000-7f27a61d8000 ---p 00000000 00:00 0 
7f27a61d8000-7f27a64d6000 rw-p 00000000 00:00 0 
7f27a64d6000-7f27a66d6000 rw-p 00000000 00:00 0 
7f27a66d6000-7f27a68d6000 rw-p 00000000 00:00 0 
7f27a68d6000-7f27a6ad6000 rw-p 00000000 00:00 0 
7f27a6ad6000-7f27a6adb000 r--s 002f9000 08:02 17042995                   /usr/local/java/jdk1.8.0_162/jre/lib/charsets.jar
7f27a6adb000-7f27a6ade000 ---p 00000000 00:00 0 
7f27a6ade000-7f27a6ddc000 rw-p 00000000 00:00 0 
7f27a6ddc000-7f27a6fdc000 rw-p 00000000 00:00 0 
7f27a6fdc000-7f27a71dc000 rw-p 00000000 00:00 0 
7f27a71dc000-7f27a73dc000 rw-p 00000000 00:00 0 
7f27a73dc000-7f27a75dc000 rw-p 00000000 00:00 0 
7f27a75dc000-7f27a75df000 ---p 00000000 00:00 0 
7f27a75df000-7f27a76dd000 rw-p 00000000 00:00 0 
7f27a76dd000-7f27a76e0000 ---p 00000000 00:00 0 
7f27a76e0000-7f27a77de000 rw-p 00000000 00:00 0 
7f27a77de000-7f27a77e1000 ---p 00000000 00:00 0 
7f27a77e1000-7f27a78df000 rw-p 00000000 00:00 0 
7f27a78df000-7f27a78e2000 ---p 00000000 00:00 0 
7f27a78e2000-7f27a79e0000 rw-p 00000000 00:00 0 
7f27a79e0000-7f27a79fc000 r--s 00393000 08:02 17172589                   /usr/local/java/jdk1.8.0_162/jre/lib/ext/cldrdata.jar
7f27a79fc000-7f27a79ff000 ---p 00000000 00:00 0 
7f27a79ff000-7f27a7afd000 rw-p 00000000 00:00 0 
7f27a7afd000-7f27a7b00000 ---p 00000000 00:00 0 
7f27a7b00000-7f27a7bfe000 rw-p 00000000 00:00 0 
7f27a7bfe000-7f27a7c01000 ---p 00000000 00:00 0 
7f27a7c01000-7f27a7eff000 rw-p 00000000 00:00 0 
7f27a7eff000-7f27a7f00000 ---p 00000000 00:00 0 
7f27a7f00000-7f27a8000000 rw-p 00000000 00:00 0 
7f27a8000000-7f27a8021000 rw-p 00000000 00:00 0 
7f27a8021000-7f27ac000000 ---p 00000000 00:00 0 
7f27ac000000-7f27ac013000 r--s 00345000 08:02 17043001                   /usr/local/java/jdk1.8.0_162/jre/lib/resources.jar
7f27ac013000-7f27ac01a000 r--s 00000000 08:02 16651651                   /usr/lib/x86_64-linux-gnu/gconv/gconv-modules.cache
7f27ac01a000-7f27ac03f000 r--p 00000000 08:02 18223226                   /usr/share/locale-langpack/es/LC_MESSAGES/libc.mo
7f27ac03f000-7f27ac042000 ---p 00000000 00:00 0 
7f27ac042000-7f27ac140000 rw-p 00000000 00:00 0 
7f27ac140000-7f27ac14a000 r--s 00116000 08:02 17174272                   /usr/local/java/jdk1.8.0_162/jre/lib/ext/localedata.jar
7f27ac14a000-7f27ac14d000 ---p 00000000 00:00 0 
7f27ac14d000-7f27ac24b000 rw-p 00000000 00:00 0 
7f27ac24b000-7f27ac24e000 ---p 00000000 00:00 0 
7f27ac24e000-7f27ac34c000 rw-p 00000000 00:00 0 
7f27ac34c000-7f27ac351000 r--s 0009d000 08:02 17043002                   /usr/local/java/jdk1.8.0_162/jre/lib/jsse.jar
7f27ac351000-7f27ac353000 r--s 00004000 08:02 9438767                    /home/kevin/.m2/repository/org/springframework/spring-jcl/5.0.6.RELEASE/spring-jcl-5.0.6.RELEASE.jar
7f27ac353000-7f27ac36b000 r--s 00114000 08:02 9438765                    /home/kevin/.m2/repository/org/springframework/spring-core/5.0.6.RELEASE/spring-core-5.0.6.RELEASE.jar
7f27ac36b000-7f27ac375000 r--s 000ec000 08:02 9438737                    /home/kevin/.m2/repository/mysql/mysql-connector-java/5.1.46/mysql-connector-java-5.1.46.jar
7f27ac375000-7f27ac396000 r--s 000fb000 08:02 9438735                    /home/kevin/.m2/repository/org/springframework/boot/spring-boot-autoconfigure/2.0.2.RELEASE/spring-boot-autoconfigure-2.0.2.RELEASE.jar
7f27ac396000-7f27ac3ab000 r--s 000ce000 08:02 9183808                    /home/kevin/.m2/repository/org/springframework/boot/spring-boot/2.0.2.RELEASE/spring-boot-2.0.2.RELEASE.jar
7f27ac3ab000-7f27ac3b1000 r--s 0002d000 08:02 9438733                    /home/kevin/.m2/repository/org/springframework/boot/spring-boot-devtools/2.0.2.RELEASE/spring-boot-devtools-2.0.2.RELEASE.jar
7f27ac3b1000-7f27ac3b6000 r--s 00040000 08:02 9438731                    /home/kevin/.m2/repository/org/springframework/spring-expression/5.0.6.RELEASE/spring-expression-5.0.6.RELEASE.jar
7f27ac3b6000-7f27ac3c5000 r--s 000b2000 08:02 9438729                    /home/kevin/.m2/repository/org/springframework/spring-webmvc/5.0.6.RELEASE/spring-webmvc-5.0.6.RELEASE.jar
7f27ac3c5000-7f27ac3df000 r--s 00119000 08:02 9438727                    /home/kevin/.m2/repository/org/springframework/spring-web/5.0.6.RELEASE/spring-web-5.0.6.RELEASE.jar
7f27ac3df000-7f27ac3e4000 r--s 00012000 08:02 9438725                    /home/kevin/.m2/repository/javax/validation/validation-api/2.0.1.Final/validation-api-2.0.1.Final.jar
7f27ac3e4000-7f27ac401000 r--s 000f8000 08:02 9438723                    /home/kevin/.m2/repository/org/hibernate/validator/hibernate-validator/6.0.9.Final/hibernate-validator-6.0.9.Final.jar
7f27ac401000-7f27ac406000 r--s 0003a000 08:02 9438721                    /home/kevin/.m2/repository/org/apache/tomcat/embed/tomcat-embed-websocket/8.5.31/tomcat-embed-websocket-8.5.31.jar
7f27ac406000-7f27ac40a000 r--s 00037000 08:02 9438719                    /home/kevin/.m2/repository/org/apache/tomcat/embed/tomcat-embed-el/8.5.31/tomcat-embed-el-8.5.31.jar
7f27ac40a000-7f27ac433000 r--s 002d0000 08:02 9438717                    /home/kevin/.m2/repository/org/apache/tomcat/embed/tomcat-embed-core/8.5.31/tomcat-embed-core-8.5.31.jar
7f27ac433000-7f27ac435000 r--s 00001000 08:02 9438713                    /home/kevin/.m2/repository/com/fasterxml/jackson/module/jackson-module-parameter-names/2.9.5/jackson-module-parameter-names-2.9.5.jar
7f27ac435000-7f27ac438000 r--s 00016000 08:02 9438711                    /home/kevin/.m2/repository/com/fasterxml/jackson/datatype/jackson-datatype-jsr310/2.9.5/jackson-datatype-jsr310-2.9.5.jar
7f27ac438000-7f27ac44b000 r--s 00135000 08:02 9438703                    /home/kevin/.m2/repository/com/fasterxml/jackson/core/jackson-databind/2.9.5/jackson-databind-2.9.5.jar
7f27ac44b000-7f27ac4c9000 r--s 005f0000 08:02 9438657                    /home/kevin/.m2/repository/org/hibernate/hibernate-core/5.2.17.Final/hibernate-core-5.2.17.Final.jar
7f27ac4c9000-7f27ac4da000 r-xp 00000000 08:02 17174417                   /usr/local/java/jdk1.8.0_162/jre/lib/amd64/libnio.so
7f27ac4da000-7f27ac6d9000 ---p 00011000 08:02 17174417                   /usr/local/java/jdk1.8.0_162/jre/lib/amd64/libnio.so
7f27ac6d9000-7f27ac6da000 rw-p 00010000 08:02 17174417                   /usr/local/java/jdk1.8.0_162/jre/lib/amd64/libnio.so
7f27ac6da000-7f27af6db000 rw-p 00000000 00:00 0 
7f27af6db000-7f27af6f1000 r-xp 00000000 08:02 17174414                   /usr/local/java/jdk1.8.0_162/jre/lib/amd64/libnet.so
7f27af6f1000-7f27af8f1000 ---p 00016000 08:02 17174414                   /usr/local/java/jdk1.8.0_162/jre/lib/amd64/libnet.so
7f27af8f1000-7f27af8f2000 rw-p 00016000 08:02 17174414                   /usr/local/java/jdk1.8.0_162/jre/lib/amd64/libnet.so
7f27af8f2000-7f27af8fb000 r-xp 00000000 08:02 17174422                   /usr/local/java/jdk1.8.0_162/jre/lib/amd64/libmanagement.so
7f27af8fb000-7f27afafa000 ---p 00009000 08:02 17174422                   /usr/local/java/jdk1.8.0_162/jre/lib/amd64/libmanagement.so
7f27afafa000-7f27afafb000 rw-p 00008000 08:02 17174422                   /usr/local/java/jdk1.8.0_162/jre/lib/amd64/libmanagement.so
7f27afafb000-7f27afafe000 ---p 00000000 00:00 0 
7f27afafe000-7f27afbfc000 rw-p 00000000 00:00 0 
7f27afbfc000-7f27afbff000 ---p 00000000 00:00 0 
7f27afbff000-7f27afcfd000 rw-p 00000000 00:00 0 
7f27afcfd000-7f27afd00000 ---p 00000000 00:00 0 
7f27afd00000-7f27afdfe000 rw-p 00000000 00:00 0 
7f27afdfe000-7f27afe01000 ---p 00000000 00:00 0 
7f27afe01000-7f27afeff000 rw-p 00000000 00:00 0 
7f27afeff000-7f27aff02000 ---p 00000000 00:00 0 
7f27aff02000-7f27b0000000 rw-p 00000000 00:00 0 
7f27b0000000-7f27b0295000 rw-p 00000000 00:00 0 
7f27b0295000-7f27b4000000 ---p 00000000 00:00 0 
7f27b4000000-7f27b4001000 r--s 00000000 08:02 9438715                    /home/kevin/.m2/repository/org/springframework/boot/spring-boot-starter-tomcat/2.0.2.RELEASE/spring-boot-starter-tomcat-2.0.2.RELEASE.jar
7f27b4001000-7f27b4003000 r--s 00007000 08:02 9438709                    /home/kevin/.m2/repository/com/fasterxml/jackson/datatype/jackson-datatype-jdk8/2.9.5/jackson-datatype-jdk8-2.9.5.jar
7f27b4003000-7f27b4007000 r--s 0004b000 08:02 9438707                    /home/kevin/.m2/repository/com/fasterxml/jackson/core/jackson-core/2.9.5/jackson-core-2.9.5.jar
7f27b4007000-7f27b400a000 r--s 0000e000 08:02 9438705                    /home/kevin/.m2/repository/com/fasterxml/jackson/core/jackson-annotations/2.9.0/jackson-annotations-2.9.0.jar
7f27b400a000-7f27b400b000 r--s 00000000 08:02 9438701                    /home/kevin/.m2/repository/org/springframework/boot/spring-boot-starter-json/2.0.2.RELEASE/spring-boot-starter-json-2.0.2.RELEASE.jar
7f27b400b000-7f27b400c000 r--s 00000000 08:02 9438699                    /home/kevin/.m2/repository/org/springframework/boot/spring-boot-starter-web/2.0.2.RELEASE/spring-boot-starter-web-2.0.2.RELEASE.jar
7f27b400c000-7f27b400f000 r--s 00026000 08:02 9438695                    /home/kevin/.m2/repository/org/unbescape/unbescape/1.1.5.RELEASE/unbescape-1.1.5.RELEASE.jar
7f27b400f000-7f27b4013000 r--s 00035000 08:02 9438693                    /home/kevin/.m2/repository/org/attoparser/attoparser/2.0.4.RELEASE/attoparser-2.0.4.RELEASE.jar
7f27b4013000-7f27b4023000 r--s 000c5000 08:02 9438691                    /home/kevin/.m2/repository/org/thymeleaf/thymeleaf/3.0.9.RELEASE/thymeleaf-3.0.9.RELEASE.jar
7f27b4023000-7f27b4027000 r--s 00027000 08:02 9438689                    /home/kevin/.m2/repository/org/thymeleaf/thymeleaf-spring5/3.0.9.RELEASE/thymeleaf-spring5-3.0.9.RELEASE.jar
7f27b4027000-7f27b4030000 r--s 00059000 08:02 9438685                    /home/kevin/.m2/repository/org/springframework/spring-jdbc/5.0.6.RELEASE/spring-jdbc-5.0.6.RELEASE.jar
7f27b4030000-7f27b4034000 r--s 00020000 08:02 9438683                    /home/kevin/.m2/repository/com/zaxxer/HikariCP/2.7.9/HikariCP-2.7.9.jar
7f27b4034000-7f27b4040000 r--s 00096000 08:02 9438677                    /home/kevin/.m2/repository/org/springframework/spring-beans/5.0.6.RELEASE/spring-beans-5.0.6.RELEASE.jar
7f27b4040000-7f27b4048000 r--s 00037000 08:02 9438675                    /home/kevin/.m2/repository/org/springframework/spring-tx/5.0.6.RELEASE/spring-tx-5.0.6.RELEASE.jar
7f27b4048000-7f27b4062000 r--s 000f1000 08:02 9438673                    /home/kevin/.m2/repository/org/springframework/spring-context/5.0.6.RELEASE/spring-context-5.0.6.RELEASE.jar
7f27b4062000-7f27b40f8000 r--s 0110a000 08:02 17172598                   /usr/local/java/jdk1.8.0_162/jre/lib/ext/jfxrt.jar
7f27b40f8000-7f27b4645000 r--p 00000000 08:02 16384199                   /usr/lib/locale/locale-archive
7f27b4645000-7f27b4648000 ---p 00000000 00:00 0 
7f27b4648000-7f27b4746000 rw-p 00000000 00:00 0 
7f27b4746000-7f27b4749000 ---p 00000000 00:00 0 
7f27b4749000-7f27b4847000 rw-p 00000000 00:00 0 
7f27b4847000-7f27b4848000 ---p 00000000 00:00 0 
7f27b4848000-7f27b5857000 rw-p 00000000 00:00 0 
7f27b5857000-7f27b5a30000 r--s 03d65000 08:02 17042997                   /usr/local/java/jdk1.8.0_162/jre/lib/rt.jar
7f27b5a30000-7f27b9000000 rw-p 00000000 00:00 0 
7f27b9000000-7f27b9c50000 rwxp 00000000 00:00 0 
7f27b9c50000-7f27c8000000 ---p 00000000 00:00 0 
7f27c8000000-7f27c8819000 rw-p 00000000 00:00 0 
7f27c8819000-7f27cc000000 ---p 00000000 00:00 0 
7f27cc000000-7f27cc001000 r--s 00009000 08:02 9438697                    /home/kevin/.m2/repository/org/thymeleaf/extras/thymeleaf-extras-java8time/3.0.1.RELEASE/thymeleaf-extras-java8time-3.0.1.RELEASE.jar
7f27cc001000-7f27cc002000 r--s 00000000 08:02 9438687                    /home/kevin/.m2/repository/org/springframework/boot/spring-boot-starter-thymeleaf/2.0.2.RELEASE/spring-boot-starter-thymeleaf-2.0.2.RELEASE.jar
7f27cc002000-7f27cc004000 r--s 0000a000 08:02 9438679                    /home/kevin/.m2/repository/org/springframework/spring-aspects/5.0.6.RELEASE/spring-aspects-5.0.6.RELEASE.jar
7f27cc004000-7f27cc006000 r--s 00009000 08:02 9314098                    /home/kevin/.m2/repository/org/slf4j/slf4j-api/1.7.25/slf4j-api-1.7.25.jar
7f27cc006000-7f27cc00a000 r--s 0002b000 08:02 9438671                    /home/kevin/.m2/repository/org/springframework/spring-orm/5.0.6.RELEASE/spring-orm-5.0.6.RELEASE.jar
7f27cc00a000-7f27cc021000 r--s 000f0000 08:02 9438669                    /home/kevin/.m2/repository/org/springframework/data/spring-data-commons/2.0.7.RELEASE/spring-data-commons-2.0.7.RELEASE.jar
7f27cc021000-7f27cc028000 r--s 0004b000 08:02 9438667                    /home/kevin/.m2/repository/org/springframework/data/spring-data-jpa/2.0.7.RELEASE/spring-data-jpa-2.0.7.RELEASE.jar
7f27cc028000-7f27cc02a000 r--s 00006000 08:02 9314082                    /home/kevin/.m2/repository/javax/transaction/javax.transaction-api/1.2/javax.transaction-api-1.2.jar
7f27cc02a000-7f27cc02d000 r--s 00010000 08:02 9314078                    /home/kevin/.m2/repository/org/hibernate/common/hibernate-commons-annotations/5.0.1.Final/hibernate-commons-annotations-5.0.1.Final.jar
7f27cc02d000-7f27cc032000 r--s 00048000 08:02 9314076                    /home/kevin/.m2/repository/dom4j/dom4j/1.6.1/dom4j-1.6.1.jar
7f27cc032000-7f27cc034000 r--s 0000e000 08:02 9438665                    /home/kevin/.m2/repository/com/fasterxml/classmate/1.3.4/classmate-1.3.4.jar
7f27cc034000-7f27cc039000 r--s 00068000 08:02 9314072                    /home/kevin/.m2/repository/antlr/antlr/2.7.7/antlr-2.7.7.jar
7f27cc039000-7f27cc043000 r--s 000ab000 08:02 9438661                    /home/kevin/.m2/repository/org/javassist/javassist/3.22.0-GA/javassist-3.22.0-GA.jar
7f27cc043000-7f27cc048000 r--s 00017000 08:02 9314068                    /home/kevin/.m2/repository/org/hibernate/javax/persistence/hibernate-jpa-2.1-api/1.0.0.Final/hibernate-jpa-2.1-api-1.0.0.Final.jar
7f27cc048000-7f27cc061000 r--s 001bf000 08:02 9438655                    /home/kevin/.m2/repository/org/aspectj/aspectjweaver/1.8.13/aspectjweaver-1.8.13.jar
7f27cc061000-7f27cc06a000 r--s 00051000 08:02 9438653                    /home/kevin/.m2/repository/org/springframework/spring-aop/5.0.6.RELEASE/spring-aop-5.0.6.RELEASE.jar
7f27cc06a000-7f27cc490000 rw-p 00000000 00:00 0 
7f27cc490000-7f27cc491000 ---p 00000000 00:00 0 
7f27cc491000-7f27cc591000 rw-p 00000000 00:00 0 
7f27cc591000-7f27cc592000 ---p 00000000 00:00 0 
7f27cc592000-7f27cc692000 rw-p 00000000 00:00 0 
7f27cc692000-7f27cc693000 ---p 00000000 00:00 0 
7f27cc693000-7f27cc793000 rw-p 00000000 00:00 0 
7f27cc793000-7f27cc794000 ---p 00000000 00:00 0 
7f27cc794000-7f27cca7d000 rw-p 00000000 00:00 0 
7f27cca7d000-7f27ccc65000 rw-p 00000000 00:00 0 
7f27ccc65000-7f27ccd10000 rw-p 00000000 00:00 0 
7f27ccd10000-7f27ccd5a000 ---p 00000000 00:00 0 
7f27ccd5a000-7f27ccd8d000 rw-p 00000000 00:00 0 
7f27ccd8d000-7f27cd11b000 ---p 00000000 00:00 0 
7f27cd11b000-7f27cd136000 r-xp 00000000 08:02 17174410                   /usr/local/java/jdk1.8.0_162/jre/lib/amd64/libzip.so
7f27cd136000-7f27cd336000 ---p 0001b000 08:02 17174410                   /usr/local/java/jdk1.8.0_162/jre/lib/amd64/libzip.so
7f27cd336000-7f27cd337000 rw-p 0001b000 08:02 17174410                   /usr/local/java/jdk1.8.0_162/jre/lib/amd64/libzip.so
7f27cd337000-7f27cd342000 r-xp 00000000 08:02 21758048                   /lib/x86_64-linux-gnu/libnss_files-2.23.so
7f27cd342000-7f27cd541000 ---p 0000b000 08:02 21758048                   /lib/x86_64-linux-gnu/libnss_files-2.23.so
7f27cd541000-7f27cd542000 r--p 0000a000 08:02 21758048                   /lib/x86_64-linux-gnu/libnss_files-2.23.so
7f27cd542000-7f27cd543000 rw-p 0000b000 08:02 21758048                   /lib/x86_64-linux-gnu/libnss_files-2.23.so
7f27cd543000-7f27cd549000 rw-p 00000000 00:00 0 
7f27cd549000-7f27cd554000 r-xp 00000000 08:02 21762516                   /lib/x86_64-linux-gnu/libnss_nis-2.23.so
7f27cd554000-7f27cd753000 ---p 0000b000 08:02 21762516                   /lib/x86_64-linux-gnu/libnss_nis-2.23.so
7f27cd753000-7f27cd754000 r--p 0000a000 08:02 21762516                   /lib/x86_64-linux-gnu/libnss_nis-2.23.so
7f27cd754000-7f27cd755000 rw-p 0000b000 08:02 21762516                   /lib/x86_64-linux-gnu/libnss_nis-2.23.so
7f27cd755000-7f27cd76b000 r-xp 00000000 08:02 21757966                   /lib/x86_64-linux-gnu/libnsl-2.23.so
7f27cd76b000-7f27cd96a000 ---p 00016000 08:02 21757966                   /lib/x86_64-linux-gnu/libnsl-2.23.so
7f27cd96a000-7f27cd96b000 r--p 00015000 08:02 21757966                   /lib/x86_64-linux-gnu/libnsl-2.23.so
7f27cd96b000-7f27cd96c000 rw-p 00016000 08:02 21757966                   /lib/x86_64-linux-gnu/libnsl-2.23.so
7f27cd96c000-7f27cd96e000 rw-p 00000000 00:00 0 
7f27cd96e000-7f27cd976000 r-xp 00000000 08:02 21758043                   /lib/x86_64-linux-gnu/libnss_compat-2.23.so
7f27cd976000-7f27cdb75000 ---p 00008000 08:02 21758043                   /lib/x86_64-linux-gnu/libnss_compat-2.23.so
7f27cdb75000-7f27cdb76000 r--p 00007000 08:02 21758043                   /lib/x86_64-linux-gnu/libnss_compat-2.23.so
7f27cdb76000-7f27cdb77000 rw-p 00008000 08:02 21758043                   /lib/x86_64-linux-gnu/libnss_compat-2.23.so
7f27cdb77000-7f27cdba2000 r-xp 00000000 08:02 17174404                   /usr/local/java/jdk1.8.0_162/jre/lib/amd64/libjava.so
7f27cdba2000-7f27cdda1000 ---p 0002b000 08:02 17174404                   /usr/local/java/jdk1.8.0_162/jre/lib/amd64/libjava.so
7f27cdda1000-7f27cdda3000 rw-p 0002a000 08:02 17174404                   /usr/local/java/jdk1.8.0_162/jre/lib/amd64/libjava.so
7f27cdda3000-7f27cddb0000 r-xp 00000000 08:02 17174409                   /usr/local/java/jdk1.8.0_162/jre/lib/amd64/libverify.so
7f27cddb0000-7f27cdfb0000 ---p 0000d000 08:02 17174409                   /usr/local/java/jdk1.8.0_162/jre/lib/amd64/libverify.so
7f27cdfb0000-7f27cdfb2000 rw-p 0000d000 08:02 17174409                   /usr/local/java/jdk1.8.0_162/jre/lib/amd64/libverify.so
7f27cdfb2000-7f27cdfb9000 r-xp 00000000 08:02 21762517                   /lib/x86_64-linux-gnu/librt-2.23.so
7f27cdfb9000-7f27ce1b8000 ---p 00007000 08:02 21762517                   /lib/x86_64-linux-gnu/librt-2.23.so
7f27ce1b8000-7f27ce1b9000 r--p 00006000 08:02 21762517                   /lib/x86_64-linux-gnu/librt-2.23.so
7f27ce1b9000-7f27ce1ba000 rw-p 00007000 08:02 21762517                   /lib/x86_64-linux-gnu/librt-2.23.so
7f27ce1ba000-7f27ce2c2000 r-xp 00000000 08:02 21757957                   /lib/x86_64-linux-gnu/libm-2.23.so
7f27ce2c2000-7f27ce4c1000 ---p 00108000 08:02 21757957                   /lib/x86_64-linux-gnu/libm-2.23.so
7f27ce4c1000-7f27ce4c2000 r--p 00107000 08:02 21757957                   /lib/x86_64-linux-gnu/libm-2.23.so
7f27ce4c2000-7f27ce4c3000 rw-p 00108000 08:02 21757957                   /lib/x86_64-linux-gnu/libm-2.23.so
7f27ce4c3000-7f27cf19c000 r-xp 00000000 08:02 17301606                   /usr/local/java/jdk1.8.0_162/jre/lib/amd64/server/libjvm.so
7f27cf19c000-7f27cf39b000 ---p 00cd9000 08:02 17301606                   /usr/local/java/jdk1.8.0_162/jre/lib/amd64/server/libjvm.so
7f27cf39b000-7f27cf475000 rw-p 00cd8000 08:02 17301606                   /usr/local/java/jdk1.8.0_162/jre/lib/amd64/server/libjvm.so
7f27cf475000-7f27cf4c0000 rw-p 00000000 00:00 0 
7f27cf4c0000-7f27cf680000 r-xp 00000000 08:02 21758035                   /lib/x86_64-linux-gnu/libc-2.23.so
7f27cf680000-7f27cf880000 ---p 001c0000 08:02 21758035                   /lib/x86_64-linux-gnu/libc-2.23.so
7f27cf880000-7f27cf884000 r--p 001c0000 08:02 21758035                   /lib/x86_64-linux-gnu/libc-2.23.so
7f27cf884000-7f27cf886000 rw-p 001c4000 08:02 21758035                   /lib/x86_64-linux-gnu/libc-2.23.so
7f27cf886000-7f27cf88a000 rw-p 00000000 00:00 0 
7f27cf88a000-7f27cf88d000 r-xp 00000000 08:02 21758037                   /lib/x86_64-linux-gnu/libdl-2.23.so
7f27cf88d000-7f27cfa8c000 ---p 00003000 08:02 21758037                   /lib/x86_64-linux-gnu/libdl-2.23.so
7f27cfa8c000-7f27cfa8d000 r--p 00002000 08:02 21758037                   /lib/x86_64-linux-gnu/libdl-2.23.so
7f27cfa8d000-7f27cfa8e000 rw-p 00003000 08:02 21758037                   /lib/x86_64-linux-gnu/libdl-2.23.so
7f27cfa8e000-7f27cfaa4000 r-xp 00000000 08:02 17041765                   /usr/local/java/jdk1.8.0_162/lib/amd64/jli/libjli.so
7f27cfaa4000-7f27cfca3000 ---p 00016000 08:02 17041765                   /usr/local/java/jdk1.8.0_162/lib/amd64/jli/libjli.so
7f27cfca3000-7f27cfca4000 rw-p 00015000 08:02 17041765                   /usr/local/java/jdk1.8.0_162/lib/amd64/jli/libjli.so
7f27cfca4000-7f27cfcbc000 r-xp 00000000 08:02 21757977                   /lib/x86_64-linux-gnu/libpthread-2.23.so
7f27cfcbc000-7f27cfebb000 ---p 00018000 08:02 21757977                   /lib/x86_64-linux-gnu/libpthread-2.23.so
7f27cfebb000-7f27cfebc000 r--p 00017000 08:02 21757977                   /lib/x86_64-linux-gnu/libpthread-2.23.so
7f27cfebc000-7f27cfebd000 rw-p 00018000 08:02 21757977                   /lib/x86_64-linux-gnu/libpthread-2.23.so
7f27cfebd000-7f27cfec1000 rw-p 00000000 00:00 0 
7f27cfec1000-7f27cfee7000 r-xp 00000000 08:02 21757969                   /lib/x86_64-linux-gnu/ld-2.23.so
7f27cfee7000-7f27cfee8000 r--s 00000000 08:02 9438681                    /home/kevin/.m2/repository/org/springframework/boot/spring-boot-starter-jdbc/2.0.2.RELEASE/spring-boot-starter-jdbc-2.0.2.RELEASE.jar
7f27cfee8000-7f27cfeeb000 r--s 0002b000 08:02 9438663                    /home/kevin/.m2/repository/org/jboss/jandex/2.0.3.Final/jandex-2.0.3.Final.jar
7f27cfeeb000-7f27cfeed000 r--s 0000f000 08:02 9438659                    /home/kevin/.m2/repository/org/jboss/logging/jboss-logging/3.3.2.Final/jboss-logging-3.3.2.Final.jar
7f27cfeed000-7f27cfef4000 r--s 00042000 08:02 9438649                    /home/kevin/.m2/repository/org/yaml/snakeyaml/1.19/snakeyaml-1.19.jar
7f27cfef4000-7f27cfef6000 r--s 00005000 08:02 9438647                    /home/kevin/.m2/repository/javax/annotation/javax.annotation-api/1.3.2/javax.annotation-api-1.3.2.jar
7f27cfef6000-7f27cfef8000 r--s 00000000 08:02 9314044                    /home/kevin/.m2/repository/org/slf4j/jul-to-slf4j/1.7.25/jul-to-slf4j-1.7.25.jar
7f27cfef8000-7f27cff03000 r--s 00069000 08:02 9438643                    /home/kevin/.m2/repository/ch/qos/logback/logback-core/1.2.3/logback-core-1.2.3.jar
7f27cff03000-7f27cffc4000 rw-p 00000000 00:00 0 
7f27cffc4000-7f27cffc7000 ---p 00000000 00:00 0 
7f27cffc7000-7f27d00ca000 rw-p 00000000 00:00 0 
7f27d00ca000-7f27d00cb000 r--s 00000000 08:02 9438651                    /home/kevin/.m2/repository/org/springframework/boot/spring-boot-starter-aop/2.0.2.RELEASE/spring-boot-starter-aop-2.0.2.RELEASE.jar
7f27d00cb000-7f27d00d1000 r--s 00039000 08:02 9438645                    /home/kevin/.m2/repository/org/apache/logging/log4j/log4j-api/2.10.0/log4j-api-2.10.0.jar
7f27d00d1000-7f27d00d3000 r--s 00003000 08:02 9044099                    /home/kevin/.m2/repository/org/apache/logging/log4j/log4j-to-slf4j/2.10.0/log4j-to-slf4j-2.10.0.jar
7f27d00d3000-7f27d00d9000 r--s 00041000 08:02 9438641                    /home/kevin/.m2/repository/ch/qos/logback/logback-classic/1.2.3/logback-classic-1.2.3.jar
7f27d00d9000-7f27d00da000 r--s 00000000 08:02 9438639                    /home/kevin/.m2/repository/org/springframework/boot/spring-boot-starter-logging/2.0.2.RELEASE/spring-boot-starter-logging-2.0.2.RELEASE.jar
7f27d00da000-7f27d00db000 r--s 00000000 08:02 8920480                    /home/kevin/.m2/repository/org/springframework/boot/spring-boot-starter/2.0.2.RELEASE/spring-boot-starter-2.0.2.RELEASE.jar
7f27d00db000-7f27d00dc000 r--s 00000000 08:02 8131163                    /home/kevin/.m2/repository/org/springframework/boot/spring-boot-starter-data-jpa/2.0.2.RELEASE/spring-boot-starter-data-jpa-2.0.2.RELEASE.jar
7f27d00dc000-7f27d00e4000 rw-s 00000000 08:02 23201780                   /tmp/hsperfdata_kevin/3070
7f27d00e4000-7f27d00e5000 rw-p 00000000 00:00 0 
7f27d00e5000-7f27d00e6000 ---p 00000000 00:00 0 
7f27d00e6000-7f27d00e7000 r--p 00025000 08:02 21757969                   /lib/x86_64-linux-gnu/ld-2.23.so
7f27d00e7000-7f27d00e8000 rw-p 00026000 08:02 21757969                   /lib/x86_64-linux-gnu/ld-2.23.so
7f27d00e8000-7f27d00e9000 rw-p 00000000 00:00 0 
7fff907cd000-7fff907f0000 rw-p 00000000 00:00 0                          [stack]
7fff907f2000-7fff907f5000 r--p 00000000 00:00 0                          [vvar]
7fff907f5000-7fff907f7000 r-xp 00000000 00:00 0                          [vdso]
ffffffffff600000-ffffffffff601000 r-xp 00000000 00:00 0                  [vsyscall]

VM Arguments:
jvm_args: -Dcom.sun.management.jmxremote -Dcom.sun.management.jmxremote.port=36159 -Dcom.sun.management.jmxremote.authenticate=false -Dcom.sun.management.jmxremote.ssl=false -Djava.rmi.server.hostname=localhost -Dspring.liveBeansView.mbeanDomain -Dspring.application.admin.enabled=true -Djava.security.egd=file:/dev/./urandom -Xverify:none -XX:TieredStopAtLevel=1 -Dfile.encoding=UTF-8 
java_command: com.spring.consultorio.SpringConsultorioMedicoApplication --spring.output.ansi.enabled=always
java_class_path (initial): /usr/local/java/jdk1.8.0_162/jre/lib/resources.jar:/usr/local/java/jdk1.8.0_162/jre/lib/rt.jar:/usr/local/java/jdk1.8.0_162/jre/lib/jsse.jar:/usr/local/java/jdk1.8.0_162/jre/lib/jce.jar:/usr/local/java/jdk1.8.0_162/jre/lib/charsets.jar:/usr/local/java/jdk1.8.0_162/jre/lib/jfr.jar:/usr/local/java/jdk1.8.0_162/jre/lib/ext/jaccess.jar:/usr/local/java/jdk1.8.0_162/jre/lib/ext/localedata.jar:/usr/local/java/jdk1.8.0_162/jre/lib/ext/sunec.jar:/usr/local/java/jdk1.8.0_162/jre/lib/ext/sunpkcs11.jar:/usr/local/java/jdk1.8.0_162/jre/lib/ext/cldrdata.jar:/usr/local/java/jdk1.8.0_162/jre/lib/ext/zipfs.jar:/usr/local/java/jdk1.8.0_162/jre/lib/ext/sunjce_provider.jar:/usr/local/java/jdk1.8.0_162/jre/lib/ext/nashorn.jar:/usr/local/java/jdk1.8.0_162/jre/lib/ext/jfxrt.jar:/usr/local/java/jdk1.8.0_162/jre/lib/ext/dnsns.jar:/home/kevin/Documentos/proyectos_sts/spring-consultorio-medico/target/classes:/home/kevin/.m2/repository/org/springframework/boot/spring-boot-starter-data-jpa/2.0.2.RELEASE/spring-boot-starter-data-jpa-2.0.2.RELEASE.jar:/home/kevin/.m2/repository/org/springframework/boot/spring-boot-starter/2.0.2.RELEASE/spring-boot-starter-2.0.2.RELEASE.jar:/home/kevin/.m2/repository/org/springframework/boot/spring-boot-starter-logging/2.0.2.RELEASE/spring-boot-starter-logging-2.0.2.RELEASE.jar:/home/kevin/.m2/repository/ch/qos/logback/logback-classic/1.2.3/logback-classic-1.2.3.jar:/home/kevin/.m2/repository/ch/qos/logback/logback-core/1.2.3/logback-core-1.2.3.jar:/home/kevin/.m2/repository/org/apache/logging/log4j/log4j-to-slf4j/2.10.0/log4j-to-slf4j-2.10.0.jar:/home/kevin/.m2/repository/org/apache/logging/log4j/log4j-api/2.10.0/log4j-api-2.10.0.jar:/home/kevin/.m2/repository/org/slf4j/jul-to-slf4j/1.7.25/jul-to-slf4j-1.7.25.jar:/home/kevin/.m2/repository/javax/annotation/javax.annotation-api/1.3.2/javax.annotation-api-1.3.2.jar:/home/kevin/.m2/repository/org/yaml/snakeyaml/1.19/snakeyaml-1.19.jar:/home/kevin/.m2/repository/org/springframework/boot/s
Launcher Type: SUN_STANDARD

Environment Variables:
JAVA_HOME=/usr/local/java/jdk1.8.0_162
PATH=/home/kevin/bin:/home/kevin/.local/bin:/usr/local/sbin:/usr/local/bin:/usr/sbin:/usr/bin:/sbin:/bin:/usr/games:/usr/local/games:/snap/bin:/home/kevin/bin:/usr/local/java/jdk1.8.0_162/bin
SHELL=/bin/bash
DISPLAY=:0

Signal Handlers:
SIGSEGV: [libjvm.so+0xad03c0], sa_mask[0]=11111111011111111101111111111110, sa_flags=SA_RESTART|SA_SIGINFO
SIGBUS: [libjvm.so+0xad03c0], sa_mask[0]=11111111011111111101111111111110, sa_flags=SA_RESTART|SA_SIGINFO
SIGFPE: [libjvm.so+0x928210], sa_mask[0]=11111111011111111101111111111110, sa_flags=SA_RESTART|SA_SIGINFO
SIGPIPE: [libjvm.so+0x928210], sa_mask[0]=11111111011111111101111111111110, sa_flags=SA_RESTART|SA_SIGINFO
SIGXFSZ: [libjvm.so+0x928210], sa_mask[0]=11111111011111111101111111111110, sa_flags=SA_RESTART|SA_SIGINFO
SIGILL: [libjvm.so+0x928210], sa_mask[0]=11111111011111111101111111111110, sa_flags=SA_RESTART|SA_SIGINFO
SIGUSR1: SIG_DFL, sa_mask[0]=00000000000000000000000000000000, sa_flags=none
SIGUSR2: [libjvm.so+0x929a70], sa_mask[0]=00100000000000000000000000000000, sa_flags=SA_RESTART|SA_SIGINFO
SIGHUP: [libjvm.so+0x92ae70], sa_mask[0]=11111111011111111101111111111110, sa_flags=SA_RESTART|SA_SIGINFO
SIGINT: [libjvm.so+0x92ae70], sa_mask[0]=11111111011111111101111111111110, sa_flags=SA_RESTART|SA_SIGINFO
SIGTERM: [libjvm.so+0x92ae70], sa_mask[0]=11111111011111111101111111111110, sa_flags=SA_RESTART|SA_SIGINFO
SIGQUIT: [libjvm.so+0x92ae70], sa_mask[0]=11111111011111111101111111111110, sa_flags=SA_RESTART|SA_SIGINFO


---------------  S Y S T E M  ---------------

OS:DISTRIB_ID=Ubuntu
DISTRIB_RELEASE=16.04
DISTRIB_CODENAME=xenial
DISTRIB_DESCRIPTION="Ubuntu 16.04.3 LTS"

uname:Linux 4.13.0-41-generic #46~16.04.1-Ubuntu SMP Thu May 3 10:06:43 UTC 2018 x86_64
libc:glibc 2.23 NPTL 2.23 
rlimit: STACK 8192k, CORE 0k, NPROC 22964, NOFILE 1048576, AS infinity
load average:6,39 3,78 2,25

/proc/meminfo:
MemTotal:        5997936 kB
MemFree:         1397988 kB
MemAvailable:    3151888 kB
Buffers:          123532 kB
Cached:          1970216 kB
SwapCached:            0 kB
Active:          3089296 kB
Inactive:        1211576 kB
Active(anon):    2208516 kB
Inactive(anon):   198972 kB
Active(file):     880780 kB
Inactive(file):  1012604 kB
Unevictable:         128 kB
Mlocked:             128 kB
SwapTotal:       6184956 kB
SwapFree:        6184956 kB
Dirty:             74040 kB
Writeback:             0 kB
AnonPages:       2207424 kB
Mapped:           346260 kB
Shmem:            200120 kB
Slab:             187892 kB
SReclaimable:     148640 kB
SUnreclaim:        39252 kB
KernelStack:       10120 kB
PageTables:        36760 kB
NFS_Unstable:          0 kB
Bounce:                0 kB
WritebackTmp:          0 kB
CommitLimit:     9183924 kB
Committed_AS:    7340032 kB
VmallocTotal:   34359738367 kB
VmallocUsed:           0 kB
VmallocChunk:          0 kB
HardwareCorrupted:     0 kB
AnonHugePages:      8192 kB
ShmemHugePages:        0 kB
ShmemPmdMapped:        0 kB
CmaTotal:              0 kB
CmaFree:               0 kB
HugePages_Total:       0
HugePages_Free:        0
HugePages_Rsvd:        0
HugePages_Surp:        0
Hugepagesize:       2048 kB
DirectMap4k:      157440 kB
DirectMap2M:     6029312 kB


CPU:total 4 (initial active 4) (2 cores per cpu, 2 threads per core) family 6 model 42 stepping 7, cmov, cx8, fxsr, mmx, sse, sse2, sse3, ssse3, sse4.1, sse4.2, popcnt, avx, clmul, ht, tsc, tscinvbit

/proc/cpuinfo:
processor	: 0
vendor_id	: GenuineIntel
cpu family	: 6
model		: 42
model name	: Intel(R) Core(TM) i3-2328M CPU @ 2.20GHz
stepping	: 7
microcode	: 0x2d
cpu MHz		: 2195.018
cache size	: 3072 KB
physical id	: 0
siblings	: 4
core id		: 0
cpu cores	: 2
apicid		: 0
initial apicid	: 0
fpu		: yes
fpu_exception	: yes
cpuid level	: 13
wp		: yes
flags		: fpu vme de pse tsc msr pae mce cx8 apic sep mtrr pge mca cmov pat pse36 clflush dts acpi mmx fxsr sse sse2 ss ht tm pbe syscall nx rdtscp lm constant_tsc arch_perfmon pebs bts rep_good nopl xtopology nonstop_tsc cpuid aperfmperf pni pclmulqdq dtes64 monitor ds_cpl vmx est tm2 ssse3 cx16 xtpr pdcm pcid sse4_1 sse4_2 x2apic popcnt tsc_deadline_timer xsave avx lahf_lm epb pti retpoline spec_ctrl tpr_shadow vnmi flexpriority ept vpid xsaveopt dtherm arat pln pts
bugs		: cpu_meltdown spectre_v1 spectre_v2
bogomips	: 4390.03
clflush size	: 64
cache_alignment	: 64
address sizes	: 36 bits physical, 48 bits virtual
power management:

processor	: 1
vendor_id	: GenuineIntel
cpu family	: 6
model		: 42
model name	: Intel(R) Core(TM) i3-2328M CPU @ 2.20GHz
stepping	: 7
microcode	: 0x2d
cpu MHz		: 2195.017
cache size	: 3072 KB
physical id	: 0
siblings	: 4
core id		: 0
cpu cores	: 2
apicid		: 1
initial apicid	: 1
fpu		: yes
fpu_exception	: yes
cpuid level	: 13
wp		: yes
flags		: fpu vme de pse tsc msr pae mce cx8 apic sep mtrr pge mca cmov pat pse36 clflush dts acpi mmx fxsr sse sse2 ss ht tm pbe syscall nx rdtscp lm constant_tsc arch_perfmon pebs bts rep_good nopl xtopology nonstop_tsc cpuid aperfmperf pni pclmulqdq dtes64 monitor ds_cpl vmx est tm2 ssse3 cx16 xtpr pdcm pcid sse4_1 sse4_2 x2apic popcnt tsc_deadline_timer xsave avx lahf_lm epb pti retpoline spec_ctrl tpr_shadow vnmi flexpriority ept vpid xsaveopt dtherm arat pln pts
bugs		: cpu_meltdown spectre_v1 spectre_v2
bogomips	: 4390.03
clflush size	: 64
cache_alignment	: 64
address sizes	: 36 bits physical, 48 bits virtual
power management:

processor	: 2
vendor_id	: GenuineIntel
cpu family	: 6
model		: 42
model name	: Intel(R) Core(TM) i3-2328M CPU @ 2.20GHz
stepping	: 7
microcode	: 0x2d
cpu MHz		: 2195.018
cache size	: 3072 KB
physical id	: 0
siblings	: 4
core id		: 1
cpu cores	: 2
apicid		: 2
initial apicid	: 2
fpu		: yes
fpu_exception	: yes
cpuid level	: 13
wp		: yes
flags		: fpu vme de pse tsc msr pae mce cx8 apic sep mtrr pge mca cmov pat pse36 clflush dts acpi mmx fxsr sse sse2 ss ht tm pbe syscall nx rdtscp lm constant_tsc arch_perfmon pebs bts rep_good nopl xtopology nonstop_tsc cpuid aperfmperf pni pclmulqdq dtes64 monitor ds_cpl vmx est tm2 ssse3 cx16 xtpr pdcm pcid sse4_1 sse4_2 x2apic popcnt tsc_deadline_timer xsave avx lahf_lm epb pti retpoline spec_ctrl tpr_shadow vnmi flexpriority ept vpid xsaveopt dtherm arat pln pts
bugs		: cpu_meltdown spectre_v1 spectre_v2
bogomips	: 4390.03
clflush size	: 64
cache_alignment	: 64
address sizes	: 36 bits physical, 48 bits virtual
power management:

processor	: 3
vendor_id	: GenuineIntel
cpu family	: 6
model		: 42
model name	: Intel(R) Core(TM) i3-2328M CPU @ 2.20GHz
stepping	: 7
microcode	: 0x2d
cpu MHz		: 2195.017
cache size	: 3072 KB
physical id	: 0
siblings	: 4
core id		: 1
cpu cores	: 2
apicid		: 3
initial apicid	: 3
fpu		: yes
fpu_exception	: yes
cpuid level	: 13
wp		: yes
flags		: fpu vme de pse tsc msr pae mce cx8 apic sep mtrr pge mca cmov pat pse36 clflush dts acpi mmx fxsr sse sse2 ss ht tm pbe syscall nx rdtscp lm constant_tsc arch_perfmon pebs bts rep_good nopl xtopology nonstop_tsc cpuid aperfmperf pni pclmulqdq dtes64 monitor ds_cpl vmx est tm2 ssse3 cx16 xtpr pdcm pcid sse4_1 sse4_2 x2apic popcnt tsc_deadline_timer xsave avx lahf_lm epb pti retpoline spec_ctrl tpr_shadow vnmi flexpriority ept vpid xsaveopt dtherm arat pln pts
bugs		: cpu_meltdown spectre_v1 spectre_v2
bogomips	: 4390.03
clflush size	: 64
cache_alignment	: 64
address sizes	: 36 bits physical, 48 bits virtual
power management:



Memory: 4k page, physical 5997936k(1395136k free), swap 6184956k(6184956k free)

vm_info: Java HotSpot(TM) 64-Bit Server VM (25.162-b12) for linux-amd64 JRE (1.8.0_162-b12), built on Dec 19 2017 21:15:48 by "java_re" with gcc 4.3.0 20080428 (Red Hat 4.3.0-8)

time: Sat May 19 12:44:50 2018
elapsed time: 1726 seconds (0d 0h 28m 46s)

