#
# A fatal error has been detected by the Java Runtime Environment:
#
#  SIGSEGV (0xb) at pc=0x00007fc19c36c215, pid=6412, tid=0x00007fc19d771700
#
# JRE version: Java(TM) SE Runtime Environment (8.0_162-b12) (build 1.8.0_162-b12)
# Java VM: Java HotSpot(TM) 64-Bit Server VM (25.162-b12 mixed mode linux-amd64 compressed oops)
# Problematic frame:
# V  [libjvm.so+0x7fc215]  LinkResolver::lookup_method_in_klasses(methodHandle&, KlassHandle, Symbol*, Symbol*, bool, bool, Thread*)+0x35
#
# Failed to write core dump. Core dumps have been disabled. To enable core dumping, try "ulimit -c unlimited" before starting Java again
#
# If you would like to submit a bug report, please visit:
#   http://bugreport.java.com/bugreport/crash.jsp
#

---------------  T H R E A D  ---------------

Current thread (0x00007fc19400e800):  JavaThread "main" [_thread_in_vm, id=6414, stack(0x00007fc19d671000,0x00007fc19d772000)]

siginfo: si_signo: 11 (SIGSEGV), si_code: 128 (SI_KERNEL), si_addr: 0x0000000000000000

Registers:
RAX=0x0ae94e92ffff0003, RBX=0x00007fc19d5d52e0, RCX=0x0000000000000001, RDX=0x00007fc19d5ebbe0
RSP=0x00007fc19d76cdd0, RBP=0x00007fc19d76ce40, RSI=0x00007fc19906eb60, RDI=0x00007fc19d5d52e0
R8 =0x0000000000000001, R9 =0x0000000000000000, R10=0x000000000000001a, R11=0x00007fc19d5d52e0
R12=0x0000000000000000, R13=0x00007fc19d5ebbe0, R14=0x00007fc19906eb60, R15=0x0000000000000001
RIP=0x00007fc19c36c215, EFLAGS=0x0000000000010202, CSGSFS=0x002b000000000033, ERR=0x0000000000000000
  TRAPNO=0x000000000000000d

Top of Stack: (sp=0x00007fc19d76cdd0)
0x00007fc19d76cdd0:   00007fc19d76cdf8 00007fc19d76d090
0x00007fc19d76cde0:   00007fc199458700 000000009942b388
0x00007fc19d76cdf0:   00000000991e60c8 00000000e17e2768
0x00007fc19d76ce00:   00000000991d1408 00007fc19d76ce08
0x00007fc19d76ce10:   00007fc1990eca3d 0000000000000001
0x00007fc19d76ce20:   00007fc19d76d090 00007fc19d5ebbe0
0x00007fc19d76ce30:   00007fc19d5d52e0 00007fc19400e800
0x00007fc19d76ce40:   00007fc19d76cfb0 00007fc19c36f3ee
0x00007fc19d76ce50:   00007fc19400e800 00007fc1990f3180
0x00007fc19d76ce60:   00000001000016d0 00007fc19906eb60
0x00007fc19d76ce70:   0000000000000000 00007fc1990f3200
0x00007fc19d76ce80:   0000000000000000 00007fc19d76ceb0
0x00007fc19d76ce90:   00007fc19d76cef8 00007fc1997448d0
0x00007fc19d76cea0:   0000000000000000 000000009943d988
0x00007fc19d76ceb0:   0000000000000000 00007fc19d76ceb8
0x00007fc19d76cec0:   00007fc19907512b 00007fc19d76cf20
0x00007fc19d76ced0:   00007fc19910cc80 0000000000000000
0x00007fc19d76cee0:   00007fc1994586a0 0000000000000000
0x00007fc19d76cef0:   00007fc19d76cf10 00007fc19943d988
0x00007fc19d76cf00:   00007fc1850082bd 00007fc19d5d52e0
0x00007fc19d76cf10:   00000000e1ebc7d8 00000000e2095230
0x00007fc19d76cf20:   00000000e1807f40 00007fc19d76cf28
0x00007fc19d76cf30:   00007fc1990751f5 00007fc19400d6a0
0x00007fc19d76cf40:   00007fc199066c30 00007fc199060f30
0x00007fc19d76cf50:   00007fc19400e800 0000000000aa00a9
0x00007fc19d76cf60:   00007fc19d76cfb0 00007fc19c06cc90
0x00007fc19d76cf70:   00007fc199060f30 00007fc19400e800
0x00007fc19d76cf80:   00000000e2095218 00007fc19400d6a0
0x00007fc19d76cf90:   00000001000016d0 00007fc199060f30
0x00007fc19d76cfa0:   00007fc19d5ebbe0 00007fc19d76d080
0x00007fc19d76cfb0:   00007fc19d76d050 00007fc19c371b06
0x00007fc19d76cfc0:   00007fc100000000 00007fc19400e800 

Instructions: (pc=0x00007fc19c36c215)
0x00007fc19c36c1f5:   00 00 00 4c 89 ea 41 54 45 89 cc 53 48 89 f3 48
0x00007fc19c36c205:   83 ec 48 48 89 7d 98 48 8b 06 48 89 df 4c 89 f6
0x00007fc19c36c215:   ff 90 a0 00 00 00 48 89 c1 8b 43 08 85 c0 0f 88
0x00007fc19c36c225:   b7 01 00 00 45 84 e4 75 52 48 85 c9 74 7f 45 84 

Register to memory mapping:

RAX=0x0ae94e92ffff0003 is an unknown value
RBX=0x00007fc19d5d52e0 is an unknown value
RCX=0x0000000000000001 is an unknown value
RDX=0x00007fc19d5ebbe0 is an unknown value
RSP=0x00007fc19d76cdd0 is pointing into the stack for thread: 0x00007fc19400e800
RBP=0x00007fc19d76ce40 is pointing into the stack for thread: 0x00007fc19400e800
RSI=0x00007fc19906eb60 is pointing into metadata
RDI=0x00007fc19d5d52e0 is an unknown value
R8 =0x0000000000000001 is an unknown value
R9 =0x0000000000000000 is an unknown value
R10=0x000000000000001a is an unknown value
R11=0x00007fc19d5d52e0 is an unknown value
R12=0x0000000000000000 is an unknown value
R13=0x00007fc19d5ebbe0 is an unknown value
R14=0x00007fc19906eb60 is pointing into metadata
R15=0x0000000000000001 is an unknown value


Stack: [0x00007fc19d671000,0x00007fc19d772000],  sp=0x00007fc19d76cdd0,  free space=1007k
Native frames: (J=compiled Java code, j=interpreted, Vv=VM code, C=native code)
V  [libjvm.so+0x7fc215]  LinkResolver::lookup_method_in_klasses(methodHandle&, KlassHandle, Symbol*, Symbol*, bool, bool, Thread*)+0x35
V  [libjvm.so+0x7ff3ee]  LinkResolver::resolve_method(methodHandle&, KlassHandle, Symbol*, Symbol*, KlassHandle, bool, bool, Thread*)+0x6e
V  [libjvm.so+0x801b06]  LinkResolver::resolve_method_statically(methodHandle&, KlassHandle&, Bytecodes::Code, constantPoolHandle, int, Thread*)+0x3f6
V  [libjvm.so+0x344e02]  Bytecode_invoke::static_target(Thread*)+0xf2
V  [libjvm.so+0x9cee25]  SharedRuntime::find_callee_info_helper(JavaThread*, vframeStream&, Bytecodes::Code&, CallInfo&, Thread*)+0x2e5
V  [libjvm.so+0x9d1268]  SharedRuntime::resolve_sub_helper(JavaThread*, bool, bool, Thread*)+0x248
V  [libjvm.so+0x9d1820]  SharedRuntime::resolve_helper(JavaThread*, bool, bool, Thread*)+0x40
V  [libjvm.so+0x9d245b]  SharedRuntime::resolve_static_call_C(JavaThread*)+0x3b
v  ~RuntimeStub::resolve_static_call
J 538 C1 java.lang.String.toUpperCase(Ljava/util/Locale;)Ljava/lang/String; (439 bytes) @ 0x00007fc1851c3d24 [0x00007fc1851c3c40+0xe4]
j  java.util.jar.JarFile.maybeInstantiateVerifier()V+38
j  java.util.jar.JarFile.getInputStream(Ljava/util/zip/ZipEntry;)Ljava/io/InputStream;+1
j  sun.net.www.protocol.jar.JarURLConnection.getInputStream()Ljava/io/InputStream;+88
j  java.net.URL.openStream()Ljava/io/InputStream;+4
j  java.util.ServiceLoader.parse(Ljava/lang/Class;Ljava/net/URL;)Ljava/util/Iterator;+15
j  java.util.ServiceLoader.access$200(Ljava/util/ServiceLoader;Ljava/lang/Class;Ljava/net/URL;)Ljava/util/Iterator;+3
j  java.util.ServiceLoader$LazyIterator.hasNextService()Z+140
j  java.util.ServiceLoader$LazyIterator.hasNext()Z+11
j  java.util.ServiceLoader$1.hasNext()Z+21
j  org.apache.logging.log4j.util.ProviderUtil.loadProviders(Ljava/lang/ClassLoader;)V+14
j  org.apache.logging.log4j.util.ProviderUtil.<init>()V+25
j  org.apache.logging.log4j.util.ProviderUtil.lazyInit()V+24
j  org.apache.logging.log4j.util.ProviderUtil.hasProviders()Z+0
j  org.apache.logging.log4j.LogManager.<clinit>()V+88
v  ~StubRoutines::call_stub
V  [libjvm.so+0x695b86]  JavaCalls::call_helper(JavaValue*, methodHandle*, JavaCallArguments*, Thread*)+0x1056
V  [libjvm.so+0x649f0a]  InstanceKlass::call_class_initializer_impl(instanceKlassHandle, Thread*)+0xda
V  [libjvm.so+0x64c6d1]  InstanceKlass::initialize_impl(instanceKlassHandle, Thread*)+0x341
V  [libjvm.so+0x64c8f1]  InstanceKlass::initialize(Thread*)+0x41
V  [libjvm.so+0x8011b6]  LinkResolver::resolve_static_call(CallInfo&, KlassHandle&, Symbol*, Symbol*, KlassHandle, bool, bool, Thread*)+0x246
V  [libjvm.so+0x80143f]  LinkResolver::resolve_invokestatic(CallInfo&, constantPoolHandle, int, Thread*)+0x23f
V  [libjvm.so+0x802501]  LinkResolver::resolve_invoke(CallInfo&, Handle, constantPoolHandle, int, Bytecodes::Code, Thread*)+0x501
V  [libjvm.so+0x68e8b9]  InterpreterRuntime::resolve_invoke(JavaThread*, Bytecodes::Code)+0x1b9
j  org.apache.commons.logging.LogFactory$Log4jLog.<clinit>()V+14
v  ~StubRoutines::call_stub
V  [libjvm.so+0x695b86]  JavaCalls::call_helper(JavaValue*, methodHandle*, JavaCallArguments*, Thread*)+0x1056
V  [libjvm.so+0x649f0a]  InstanceKlass::call_class_initializer_impl(instanceKlassHandle, Thread*)+0xda
V  [libjvm.so+0x64c6d1]  InstanceKlass::initialize_impl(instanceKlassHandle, Thread*)+0x341
V  [libjvm.so+0x64c8f1]  InstanceKlass::initialize(Thread*)+0x41
V  [libjvm.so+0x68a21a]  InterpreterRuntime::_new(JavaThread*, ConstantPool*, int)+0x23a
j  org.apache.commons.logging.LogFactory$Log4jDelegate.createLog(Ljava/lang/String;)Lorg/apache/commons/logging/Log;+0
j  org.apache.commons.logging.LogFactory.getLog(Ljava/lang/String;)Lorg/apache/commons/logging/Log;+37
j  org.apache.commons.logging.LogFactory.getLog(Ljava/lang/Class;)Lorg/apache/commons/logging/Log;+4
j  org.springframework.boot.SpringApplication.<clinit>()V+21
v  ~StubRoutines::call_stub
V  [libjvm.so+0x695b86]  JavaCalls::call_helper(JavaValue*, methodHandle*, JavaCallArguments*, Thread*)+0x1056
V  [libjvm.so+0x649f0a]  InstanceKlass::call_class_initializer_impl(instanceKlassHandle, Thread*)+0xda
V  [libjvm.so+0x64c6d1]  InstanceKlass::initialize_impl(instanceKlassHandle, Thread*)+0x341
V  [libjvm.so+0x64c8f1]  InstanceKlass::initialize(Thread*)+0x41
V  [libjvm.so+0x8011b6]  LinkResolver::resolve_static_call(CallInfo&, KlassHandle&, Symbol*, Symbol*, KlassHandle, bool, bool, Thread*)+0x246
V  [libjvm.so+0x80143f]  LinkResolver::resolve_invokestatic(CallInfo&, constantPoolHandle, int, Thread*)+0x23f
V  [libjvm.so+0x802501]  LinkResolver::resolve_invoke(CallInfo&, Handle, constantPoolHandle, int, Bytecodes::Code, Thread*)+0x501
V  [libjvm.so+0x68e8b9]  InterpreterRuntime::resolve_invoke(JavaThread*, Bytecodes::Code)+0x1b9
j  com.spring.consultorio.SpringConsultorioMedicoApplication.main([Ljava/lang/String;)V+3
v  ~StubRoutines::call_stub
V  [libjvm.so+0x695b86]  JavaCalls::call_helper(JavaValue*, methodHandle*, JavaCallArguments*, Thread*)+0x1056
V  [libjvm.so+0x6d7112]  jni_invoke_static(JNIEnv_*, JavaValue*, _jobject*, JNICallType, _jmethodID*, JNI_ArgumentPusher*, Thread*)+0x362
V  [libjvm.so+0x6f397a]  jni_CallStaticVoidMethod+0x17a
C  [libjli.so+0x80ff]  JavaMain+0x81f
C  [libpthread.so.0+0x76ba]  start_thread+0xca

Java frames: (J=compiled Java code, j=interpreted, Vv=VM code)
v  ~RuntimeStub::resolve_static_call
J 538 C1 java.lang.String.toUpperCase(Ljava/util/Locale;)Ljava/lang/String; (439 bytes) @ 0x00007fc1851c3d24 [0x00007fc1851c3c40+0xe4]
j  java.util.jar.JarFile.maybeInstantiateVerifier()V+38
j  java.util.jar.JarFile.getInputStream(Ljava/util/zip/ZipEntry;)Ljava/io/InputStream;+1
j  sun.net.www.protocol.jar.JarURLConnection.getInputStream()Ljava/io/InputStream;+88
j  java.net.URL.openStream()Ljava/io/InputStream;+4
j  java.util.ServiceLoader.parse(Ljava/lang/Class;Ljava/net/URL;)Ljava/util/Iterator;+15
j  java.util.ServiceLoader.access$200(Ljava/util/ServiceLoader;Ljava/lang/Class;Ljava/net/URL;)Ljava/util/Iterator;+3
j  java.util.ServiceLoader$LazyIterator.hasNextService()Z+140
j  java.util.ServiceLoader$LazyIterator.hasNext()Z+11
j  java.util.ServiceLoader$1.hasNext()Z+21
j  org.apache.logging.log4j.util.ProviderUtil.loadProviders(Ljava/lang/ClassLoader;)V+14
j  org.apache.logging.log4j.util.ProviderUtil.<init>()V+25
j  org.apache.logging.log4j.util.ProviderUtil.lazyInit()V+24
j  org.apache.logging.log4j.util.ProviderUtil.hasProviders()Z+0
j  org.apache.logging.log4j.LogManager.<clinit>()V+88
v  ~StubRoutines::call_stub
j  org.apache.commons.logging.LogFactory$Log4jLog.<clinit>()V+14
v  ~StubRoutines::call_stub
j  org.apache.commons.logging.LogFactory$Log4jDelegate.createLog(Ljava/lang/String;)Lorg/apache/commons/logging/Log;+0
j  org.apache.commons.logging.LogFactory.getLog(Ljava/lang/String;)Lorg/apache/commons/logging/Log;+37
j  org.apache.commons.logging.LogFactory.getLog(Ljava/lang/Class;)Lorg/apache/commons/logging/Log;+4
j  org.springframework.boot.SpringApplication.<clinit>()V+21
v  ~StubRoutines::call_stub
j  com.spring.consultorio.SpringConsultorioMedicoApplication.main([Ljava/lang/String;)V+3
v  ~StubRoutines::call_stub

---------------  P R O C E S S  ---------------

Java Threads: ( => current thread )
  0x00007fc194530000 JavaThread "RMI TCP Accept-0" daemon [_thread_in_native, id=6433, stack(0x00007fc17c6ed000,0x00007fc17c7ee000)]
  0x00007fc1944fe800 JavaThread "RMI TCP Accept-41803" daemon [_thread_in_native, id=6432, stack(0x00007fc17c7f8000,0x00007fc17c8f9000)]
  0x00007fc1944ea000 JavaThread "RMI TCP Accept-0" daemon [_thread_in_native, id=6431, stack(0x00007fc17c8f9000,0x00007fc17c9fa000)]
  0x00007fc1940c5000 JavaThread "Service Thread" daemon [_thread_blocked, id=6429, stack(0x00007fc1840a9000,0x00007fc1841aa000)]
  0x00007fc1940c2000 JavaThread "C1 CompilerThread2" daemon [_thread_blocked, id=6428, stack(0x00007fc1841aa000,0x00007fc1842ab000)]
  0x00007fc1940c0000 JavaThread "C2 CompilerThread1" daemon [_thread_blocked, id=6427, stack(0x00007fc1842ab000,0x00007fc1843ac000)]
  0x00007fc1940bd000 JavaThread "C2 CompilerThread0" daemon [_thread_blocked, id=6426, stack(0x00007fc1843ac000,0x00007fc1844ad000)]
  0x00007fc1940bb800 JavaThread "Signal Dispatcher" daemon [_thread_blocked, id=6425, stack(0x00007fc1844ad000,0x00007fc1845ae000)]
  0x00007fc194088800 JavaThread "Finalizer" daemon [_thread_blocked, id=6424, stack(0x00007fc184afb000,0x00007fc184bfc000)]
  0x00007fc194084000 JavaThread "Reference Handler" daemon [_thread_blocked, id=6423, stack(0x00007fc184bfc000,0x00007fc184cfd000)]
=>0x00007fc19400e800 JavaThread "main" [_thread_in_vm, id=6414, stack(0x00007fc19d671000,0x00007fc19d772000)]

Other Threads:
  0x00007fc19407c800 VMThread [stack: 0x00007fc184cfd000,0x00007fc184dfe000] [id=6422]
  0x00007fc194532800 WatcherThread [stack: 0x00007fc17c5ec000,0x00007fc17c6ed000] [id=6434]

VM state:not at safepoint (normal execution)

VM Mutex/Monitor currently owned by a thread: None

Heap:
 PSYoungGen      total 27648K, used 9677K [0x00000000e1780000, 0x00000000e3600000, 0x0000000100000000)
  eden space 24064K, 40% used [0x00000000e1780000,0x00000000e20f3558,0x00000000e2f00000)
  from space 3584K, 0% used [0x00000000e3280000,0x00000000e3280000,0x00000000e3600000)
  to   space 3584K, 0% used [0x00000000e2f00000,0x00000000e2f00000,0x00000000e3280000)
 ParOldGen       total 62976K, used 0K [0x00000000a4600000, 0x00000000a8380000, 0x00000000e1780000)
  object space 62976K, 0% used [0x00000000a4600000,0x00000000a4600000,0x00000000a8380000)
 Metaspace       used 8484K, capacity 8726K, committed 8832K, reserved 1056768K
  class space    used 1029K, capacity 1099K, committed 1152K, reserved 1048576K

Card table byte_map: [0x00007fc19a12a000,0x00007fc19a408000] byte_map_base: 0x00007fc199c07000

Marking Bits: (ParMarkBitMap*) 0x00007fc19cb3fca0
 Begin Bits: [0x00007fc17d230000, 0x00007fc17e918000)
 End Bits:   [0x00007fc17e918000, 0x00007fc180000000)

Polling page: 0x00007fc19d792000

CodeCache: size=245760Kb used=1827Kb max_used=1827Kb free=243932Kb
 bounds [0x00007fc185000000, 0x00007fc185270000, 0x00007fc194000000]
 total_blobs=893 nmethods=553 adapters=254
 compilation: enabled

Compilation events (10 events):
Event: 0,722 Thread 0x00007fc1940c2000  546       1       java.lang.StringBuilder::append (8 bytes)
Event: 0,722 Thread 0x00007fc1940c2000 nmethod 546 0x00007fc1851c7210 code [0x00007fc1851c7380, 0x00007fc1851c74c8]
Event: 0,722 Thread 0x00007fc1940c2000  548       1       java.util.ArrayList::iterator (9 bytes)
Event: 0,723 Thread 0x00007fc1940c2000 nmethod 548 0x00007fc1851c7550 code [0x00007fc1851c76a0, 0x00007fc1851c7830]
Event: 0,723 Thread 0x00007fc1940c2000  549       1       java.util.ArrayList$Itr::<init> (26 bytes)
Event: 0,723 Thread 0x00007fc1940c2000 nmethod 549 0x00007fc1851c7890 code [0x00007fc1851c79e0, 0x00007fc1851c7b10]
Event: 0,723 Thread 0x00007fc1940c2000  550       1       java.util.concurrent.ConcurrentHashMap$Node::<init> (26 bytes)
Event: 0,723 Thread 0x00007fc1940c2000 nmethod 550 0x00007fc1851c7b90 code [0x00007fc1851c7ce0, 0x00007fc1851c7e30]
Event: 0,727 Thread 0x00007fc1940c2000  553       1       java.lang.String::equalsIgnoreCase (48 bytes)
Event: 0,728 Thread 0x00007fc1940c2000 nmethod 553 0x00007fc1851c8850 code [0x00007fc1851c89c0, 0x00007fc1851c8b68]

GC Heap History (0 events):
No events

Deoptimization events (0 events):
No events

Classes redefined (0 events):
No events

Internal exceptions (10 events):
Event: 0,289 Thread 0x00007fc19400e800 Exception <a 'java/lang/ArrayIndexOutOfBoundsException'> (0x00000000e1929200) thrown at [/HUDSON/workspace/8-2-build-linux-amd64/jdk8u162/10278/hotspot/src/share/vm/runtime/sharedRuntime.cpp, line 605]
Event: 0,302 Thread 0x00007fc19400e800 Exception <a 'java/lang/ArrayIndexOutOfBoundsException'> (0x00000000e194ed90) thrown at [/HUDSON/workspace/8-2-build-linux-amd64/jdk8u162/10278/hotspot/src/share/vm/runtime/sharedRuntime.cpp, line 605]
Event: 0,320 Thread 0x00007fc19400e800 Exception <a 'java/lang/ArrayIndexOutOfBoundsException'> (0x00000000e1962330) thrown at [/HUDSON/workspace/8-2-build-linux-amd64/jdk8u162/10278/hotspot/src/share/vm/runtime/sharedRuntime.cpp, line 605]
Event: 0,361 Thread 0x00007fc19400e800 Exception <a 'java/security/PrivilegedActionException'> (0x00000000e19aaa40) thrown at [/HUDSON/workspace/8-2-build-linux-amd64/jdk8u162/10278/hotspot/src/share/vm/prims/jvm.cpp, line 1390]
Event: 0,361 Thread 0x00007fc19400e800 Exception <a 'java/security/PrivilegedActionException'> (0x00000000e19aac50) thrown at [/HUDSON/workspace/8-2-build-linux-amd64/jdk8u162/10278/hotspot/src/share/vm/prims/jvm.cpp, line 1390]
Event: 0,361 Thread 0x00007fc19400e800 Exception <a 'java/security/PrivilegedActionException'> (0x00000000e19ad178) thrown at [/HUDSON/workspace/8-2-build-linux-amd64/jdk8u162/10278/hotspot/src/share/vm/prims/jvm.cpp, line 1390]
Event: 0,361 Thread 0x00007fc19400e800 Exception <a 'java/security/PrivilegedActionException'> (0x00000000e19ad388) thrown at [/HUDSON/workspace/8-2-build-linux-amd64/jdk8u162/10278/hotspot/src/share/vm/prims/jvm.cpp, line 1390]
Event: 0,549 Thread 0x00007fc19400e800 Exception <a 'java/lang/NoSuchFieldError': method resolution failed> (0x00000000e1b91100) thrown at [/HUDSON/workspace/8-2-build-linux-amd64/jdk8u162/10278/hotspot/src/share/vm/prims/methodHandles.cpp, line 1167]
Event: 0,552 Thread 0x00007fc19400e800 Exception <a 'java/lang/NoSuchFieldError': method resolution failed> (0x00000000e1b9e530) thrown at [/HUDSON/workspace/8-2-build-linux-amd64/jdk8u162/10278/hotspot/src/share/vm/prims/methodHandles.cpp, line 1167]
Event: 0,616 Thread 0x00007fc19400e800 Exception <a 'java/lang/ClassNotFoundException': javax/management/remote/rmi/RMIServerImpl_Skel> (0x00000000e1c70cd8) thrown at [/HUDSON/workspace/8-2-build-linux-amd64/jdk8u162/10278/hotspot/src/share/vm/classfile/systemDictionary.cpp, line 210]

Events (10 events):
Event: 0,727 loading class java/util/RegularEnumSet
Event: 0,727 loading class java/util/RegularEnumSet done
Event: 0,727 loading class org/apache/logging/log4j/util/Strings
Event: 0,727 loading class org/apache/logging/log4j/util/Strings done
Event: 0,728 loading class java/util/RegularEnumSet$EnumSetIterator
Event: 0,728 loading class java/util/RegularEnumSet$EnumSetIterator done
Event: 0,728 loading class org/apache/logging/log4j/util/ProviderUtil
Event: 0,728 loading class org/apache/logging/log4j/util/ProviderUtil done
Event: 0,729 loading class org/apache/logging/log4j/spi/Provider
Event: 0,729 loading class org/apache/logging/log4j/spi/Provider done


Dynamic libraries:
00400000-00401000 r-xp 00000000 08:02 16517874                           /usr/local/java/jdk1.8.0_162/bin/java
00600000-00601000 rw-p 00000000 08:02 16517874                           /usr/local/java/jdk1.8.0_162/bin/java
01514000-01535000 rw-p 00000000 00:00 0                                  [heap]
a4600000-a8380000 rw-p 00000000 00:00 0 
a8380000-e1780000 ---p 00000000 00:00 0 
e1780000-e3600000 rw-p 00000000 00:00 0 
e3600000-100000000 ---p 00000000 00:00 0 
100000000-100120000 rw-p 00000000 00:00 0 
100120000-140000000 ---p 00000000 00:00 0 
7fc138000000-7fc138021000 rw-p 00000000 00:00 0 
7fc138021000-7fc13c000000 ---p 00000000 00:00 0 
7fc140000000-7fc140021000 rw-p 00000000 00:00 0 
7fc140021000-7fc144000000 ---p 00000000 00:00 0 
7fc144000000-7fc144021000 rw-p 00000000 00:00 0 
7fc144021000-7fc148000000 ---p 00000000 00:00 0 
7fc148000000-7fc148021000 rw-p 00000000 00:00 0 
7fc148021000-7fc14c000000 ---p 00000000 00:00 0 
7fc14c000000-7fc14c021000 rw-p 00000000 00:00 0 
7fc14c021000-7fc150000000 ---p 00000000 00:00 0 
7fc150000000-7fc150021000 rw-p 00000000 00:00 0 
7fc150021000-7fc154000000 ---p 00000000 00:00 0 
7fc154000000-7fc15413c000 rw-p 00000000 00:00 0 
7fc15413c000-7fc158000000 ---p 00000000 00:00 0 
7fc158000000-7fc158021000 rw-p 00000000 00:00 0 
7fc158021000-7fc15c000000 ---p 00000000 00:00 0 
7fc15c000000-7fc15c04e000 rw-p 00000000 00:00 0 
7fc15c04e000-7fc160000000 ---p 00000000 00:00 0 
7fc160000000-7fc160021000 rw-p 00000000 00:00 0 
7fc160021000-7fc164000000 ---p 00000000 00:00 0 
7fc164000000-7fc164021000 rw-p 00000000 00:00 0 
7fc164021000-7fc168000000 ---p 00000000 00:00 0 
7fc168000000-7fc168021000 rw-p 00000000 00:00 0 
7fc168021000-7fc16c000000 ---p 00000000 00:00 0 
7fc16c000000-7fc16c021000 rw-p 00000000 00:00 0 
7fc16c021000-7fc170000000 ---p 00000000 00:00 0 
7fc170000000-7fc170021000 rw-p 00000000 00:00 0 
7fc170021000-7fc174000000 ---p 00000000 00:00 0 
7fc174fff000-7fc178000000 rw-p 00000000 00:00 0 
7fc178000000-7fc178021000 rw-p 00000000 00:00 0 
7fc178021000-7fc17c000000 ---p 00000000 00:00 0 
7fc17c5ec000-7fc17c5ed000 ---p 00000000 00:00 0 
7fc17c5ed000-7fc17c6ed000 rw-p 00000000 00:00 0 
7fc17c6ed000-7fc17c6f0000 ---p 00000000 00:00 0 
7fc17c6f0000-7fc17c7ee000 rw-p 00000000 00:00 0 
7fc17c7ee000-7fc17c7f8000 r--s 00116000 08:02 17174272                   /usr/local/java/jdk1.8.0_162/jre/lib/ext/localedata.jar
7fc17c7f8000-7fc17c7fb000 ---p 00000000 00:00 0 
7fc17c7fb000-7fc17c8f9000 rw-p 00000000 00:00 0 
7fc17c8f9000-7fc17c8fc000 ---p 00000000 00:00 0 
7fc17c8fc000-7fc17c9fa000 rw-p 00000000 00:00 0 
7fc17c9fa000-7fc17c9ff000 r--s 0009d000 08:02 17043002                   /usr/local/java/jdk1.8.0_162/jre/lib/jsse.jar
7fc17c9ff000-7fc17ca01000 r--s 00004000 08:02 9438767                    /home/kevin/.m2/repository/org/springframework/spring-jcl/5.0.6.RELEASE/spring-jcl-5.0.6.RELEASE.jar
7fc17ca01000-7fc17ca19000 r--s 00114000 08:02 9438765                    /home/kevin/.m2/repository/org/springframework/spring-core/5.0.6.RELEASE/spring-core-5.0.6.RELEASE.jar
7fc17ca19000-7fc17ca23000 r--s 000ec000 08:02 9438737                    /home/kevin/.m2/repository/mysql/mysql-connector-java/5.1.46/mysql-connector-java-5.1.46.jar
7fc17ca23000-7fc17ca44000 r--s 000fb000 08:02 9438735                    /home/kevin/.m2/repository/org/springframework/boot/spring-boot-autoconfigure/2.0.2.RELEASE/spring-boot-autoconfigure-2.0.2.RELEASE.jar
7fc17ca44000-7fc17ca59000 r--s 000ce000 08:02 9183808                    /home/kevin/.m2/repository/org/springframework/boot/spring-boot/2.0.2.RELEASE/spring-boot-2.0.2.RELEASE.jar
7fc17ca59000-7fc17ca5f000 r--s 0002d000 08:02 9438733                    /home/kevin/.m2/repository/org/springframework/boot/spring-boot-devtools/2.0.2.RELEASE/spring-boot-devtools-2.0.2.RELEASE.jar
7fc17ca5f000-7fc17ca64000 r--s 00040000 08:02 9438731                    /home/kevin/.m2/repository/org/springframework/spring-expression/5.0.6.RELEASE/spring-expression-5.0.6.RELEASE.jar
7fc17ca64000-7fc17ca73000 r--s 000b2000 08:02 9438729                    /home/kevin/.m2/repository/org/springframework/spring-webmvc/5.0.6.RELEASE/spring-webmvc-5.0.6.RELEASE.jar
7fc17ca73000-7fc17ca8d000 r--s 00119000 08:02 9438727                    /home/kevin/.m2/repository/org/springframework/spring-web/5.0.6.RELEASE/spring-web-5.0.6.RELEASE.jar
7fc17ca8d000-7fc17ca92000 r--s 00012000 08:02 9438725                    /home/kevin/.m2/repository/javax/validation/validation-api/2.0.1.Final/validation-api-2.0.1.Final.jar
7fc17ca92000-7fc17caaf000 r--s 000f8000 08:02 9438723                    /home/kevin/.m2/repository/org/hibernate/validator/hibernate-validator/6.0.9.Final/hibernate-validator-6.0.9.Final.jar
7fc17caaf000-7fc17cab4000 r--s 0003a000 08:02 9438721                    /home/kevin/.m2/repository/org/apache/tomcat/embed/tomcat-embed-websocket/8.5.31/tomcat-embed-websocket-8.5.31.jar
7fc17cab4000-7fc17cab8000 r--s 00037000 08:02 9438719                    /home/kevin/.m2/repository/org/apache/tomcat/embed/tomcat-embed-el/8.5.31/tomcat-embed-el-8.5.31.jar
7fc17cab8000-7fc17cae1000 r--s 002d0000 08:02 9438717                    /home/kevin/.m2/repository/org/apache/tomcat/embed/tomcat-embed-core/8.5.31/tomcat-embed-core-8.5.31.jar
7fc17cae1000-7fc17cae2000 r--s 00000000 08:02 9438715                    /home/kevin/.m2/repository/org/springframework/boot/spring-boot-starter-tomcat/2.0.2.RELEASE/spring-boot-starter-tomcat-2.0.2.RELEASE.jar
7fc17cae2000-7fc17cae4000 r--s 00001000 08:02 9438713                    /home/kevin/.m2/repository/com/fasterxml/jackson/module/jackson-module-parameter-names/2.9.5/jackson-module-parameter-names-2.9.5.jar
7fc17cae4000-7fc17cae7000 r--s 00016000 08:02 9438711                    /home/kevin/.m2/repository/com/fasterxml/jackson/datatype/jackson-datatype-jsr310/2.9.5/jackson-datatype-jsr310-2.9.5.jar
7fc17cae7000-7fc17cae9000 r--s 00007000 08:02 9438709                    /home/kevin/.m2/repository/com/fasterxml/jackson/datatype/jackson-datatype-jdk8/2.9.5/jackson-datatype-jdk8-2.9.5.jar
7fc17cae9000-7fc17caed000 r--s 0004b000 08:02 9438707                    /home/kevin/.m2/repository/com/fasterxml/jackson/core/jackson-core/2.9.5/jackson-core-2.9.5.jar
7fc17caed000-7fc17caf0000 r--s 0000e000 08:02 9438705                    /home/kevin/.m2/repository/com/fasterxml/jackson/core/jackson-annotations/2.9.0/jackson-annotations-2.9.0.jar
7fc17caf0000-7fc17cb03000 r--s 00135000 08:02 9438703                    /home/kevin/.m2/repository/com/fasterxml/jackson/core/jackson-databind/2.9.5/jackson-databind-2.9.5.jar
7fc17cb03000-7fc17cb04000 r--s 00000000 08:02 9438701                    /home/kevin/.m2/repository/org/springframework/boot/spring-boot-starter-json/2.0.2.RELEASE/spring-boot-starter-json-2.0.2.RELEASE.jar
7fc17cb04000-7fc17cb05000 r--s 00000000 08:02 9438699                    /home/kevin/.m2/repository/org/springframework/boot/spring-boot-starter-web/2.0.2.RELEASE/spring-boot-starter-web-2.0.2.RELEASE.jar
7fc17cb05000-7fc17cb06000 r--s 00009000 08:02 9438697                    /home/kevin/.m2/repository/org/thymeleaf/extras/thymeleaf-extras-java8time/3.0.1.RELEASE/thymeleaf-extras-java8time-3.0.1.RELEASE.jar
7fc17cb06000-7fc17cb09000 r--s 00026000 08:02 9438695                    /home/kevin/.m2/repository/org/unbescape/unbescape/1.1.5.RELEASE/unbescape-1.1.5.RELEASE.jar
7fc17cb09000-7fc17cb0d000 r--s 00035000 08:02 9438693                    /home/kevin/.m2/repository/org/attoparser/attoparser/2.0.4.RELEASE/attoparser-2.0.4.RELEASE.jar
7fc17cb0d000-7fc17cb1d000 r--s 000c5000 08:02 9438691                    /home/kevin/.m2/repository/org/thymeleaf/thymeleaf/3.0.9.RELEASE/thymeleaf-3.0.9.RELEASE.jar
7fc17cb1d000-7fc17cb21000 r--s 00027000 08:02 9438689                    /home/kevin/.m2/repository/org/thymeleaf/thymeleaf-spring5/3.0.9.RELEASE/thymeleaf-spring5-3.0.9.RELEASE.jar
7fc17cb21000-7fc17cb22000 r--s 00000000 08:02 9438687                    /home/kevin/.m2/repository/org/springframework/boot/spring-boot-starter-thymeleaf/2.0.2.RELEASE/spring-boot-starter-thymeleaf-2.0.2.RELEASE.jar
7fc17cb22000-7fc17cb2b000 r--s 00059000 08:02 9438685                    /home/kevin/.m2/repository/org/springframework/spring-jdbc/5.0.6.RELEASE/spring-jdbc-5.0.6.RELEASE.jar
7fc17cb2b000-7fc17cb2f000 r--s 00020000 08:02 9438683                    /home/kevin/.m2/repository/com/zaxxer/HikariCP/2.7.9/HikariCP-2.7.9.jar
7fc17cb2f000-7fc17cb31000 r--s 0000a000 08:02 9438679                    /home/kevin/.m2/repository/org/springframework/spring-aspects/5.0.6.RELEASE/spring-aspects-5.0.6.RELEASE.jar
7fc17cb31000-7fc17cb3d000 r--s 00096000 08:02 9438677                    /home/kevin/.m2/repository/org/springframework/spring-beans/5.0.6.RELEASE/spring-beans-5.0.6.RELEASE.jar
7fc17cb3d000-7fc17cb45000 r--s 00037000 08:02 9438675                    /home/kevin/.m2/repository/org/springframework/spring-tx/5.0.6.RELEASE/spring-tx-5.0.6.RELEASE.jar
7fc17cb45000-7fc17cb5f000 r--s 000f1000 08:02 9438673                    /home/kevin/.m2/repository/org/springframework/spring-context/5.0.6.RELEASE/spring-context-5.0.6.RELEASE.jar
7fc17cb5f000-7fc17cb63000 r--s 0002b000 08:02 9438671                    /home/kevin/.m2/repository/org/springframework/spring-orm/5.0.6.RELEASE/spring-orm-5.0.6.RELEASE.jar
7fc17cb63000-7fc17cb7a000 r--s 000f0000 08:02 9438669                    /home/kevin/.m2/repository/org/springframework/data/spring-data-commons/2.0.7.RELEASE/spring-data-commons-2.0.7.RELEASE.jar
7fc17cb7a000-7fc17cb81000 r--s 0004b000 08:02 9438667                    /home/kevin/.m2/repository/org/springframework/data/spring-data-jpa/2.0.7.RELEASE/spring-data-jpa-2.0.7.RELEASE.jar
7fc17cb81000-7fc17cbff000 r--s 005f0000 08:02 9438657                    /home/kevin/.m2/repository/org/hibernate/hibernate-core/5.2.17.Final/hibernate-core-5.2.17.Final.jar
7fc17cbff000-7fc17cc10000 r-xp 00000000 08:02 17174417                   /usr/local/java/jdk1.8.0_162/jre/lib/amd64/libnio.so
7fc17cc10000-7fc17ce0f000 ---p 00011000 08:02 17174417                   /usr/local/java/jdk1.8.0_162/jre/lib/amd64/libnio.so
7fc17ce0f000-7fc17ce10000 rw-p 00010000 08:02 17174417                   /usr/local/java/jdk1.8.0_162/jre/lib/amd64/libnio.so
7fc17ce10000-7fc17ce26000 r-xp 00000000 08:02 17174414                   /usr/local/java/jdk1.8.0_162/jre/lib/amd64/libnet.so
7fc17ce26000-7fc17d026000 ---p 00016000 08:02 17174414                   /usr/local/java/jdk1.8.0_162/jre/lib/amd64/libnet.so
7fc17d026000-7fc17d027000 rw-p 00016000 08:02 17174414                   /usr/local/java/jdk1.8.0_162/jre/lib/amd64/libnet.so
7fc17d027000-7fc17d030000 r-xp 00000000 08:02 17174422                   /usr/local/java/jdk1.8.0_162/jre/lib/amd64/libmanagement.so
7fc17d030000-7fc17d22f000 ---p 00009000 08:02 17174422                   /usr/local/java/jdk1.8.0_162/jre/lib/amd64/libmanagement.so
7fc17d22f000-7fc17d230000 rw-p 00008000 08:02 17174422                   /usr/local/java/jdk1.8.0_162/jre/lib/amd64/libmanagement.so
7fc17d230000-7fc180000000 rw-p 00000000 00:00 0 
7fc180000000-7fc180021000 rw-p 00000000 00:00 0 
7fc180021000-7fc184000000 ---p 00000000 00:00 0 
7fc184000000-7fc184002000 r--s 00009000 08:02 9314098                    /home/kevin/.m2/repository/org/slf4j/slf4j-api/1.7.25/slf4j-api-1.7.25.jar
7fc184002000-7fc184004000 r--s 00006000 08:02 9314082                    /home/kevin/.m2/repository/javax/transaction/javax.transaction-api/1.2/javax.transaction-api-1.2.jar
7fc184004000-7fc184007000 r--s 00010000 08:02 9314078                    /home/kevin/.m2/repository/org/hibernate/common/hibernate-commons-annotations/5.0.1.Final/hibernate-commons-annotations-5.0.1.Final.jar
7fc184007000-7fc18400c000 r--s 00048000 08:02 9314076                    /home/kevin/.m2/repository/dom4j/dom4j/1.6.1/dom4j-1.6.1.jar
7fc18400c000-7fc18400e000 r--s 0000e000 08:02 9438665                    /home/kevin/.m2/repository/com/fasterxml/classmate/1.3.4/classmate-1.3.4.jar
7fc18400e000-7fc184013000 r--s 00068000 08:02 9314072                    /home/kevin/.m2/repository/antlr/antlr/2.7.7/antlr-2.7.7.jar
7fc184013000-7fc1840a9000 r--s 0110a000 08:02 17172598                   /usr/local/java/jdk1.8.0_162/jre/lib/ext/jfxrt.jar
7fc1840a9000-7fc1840ac000 ---p 00000000 00:00 0 
7fc1840ac000-7fc1841aa000 rw-p 00000000 00:00 0 
7fc1841aa000-7fc1841ad000 ---p 00000000 00:00 0 
7fc1841ad000-7fc1842ab000 rw-p 00000000 00:00 0 
7fc1842ab000-7fc1842ae000 ---p 00000000 00:00 0 
7fc1842ae000-7fc1843ac000 rw-p 00000000 00:00 0 
7fc1843ac000-7fc1843af000 ---p 00000000 00:00 0 
7fc1843af000-7fc1844ad000 rw-p 00000000 00:00 0 
7fc1844ad000-7fc1844b0000 ---p 00000000 00:00 0 
7fc1844b0000-7fc1845ae000 rw-p 00000000 00:00 0 
7fc1845ae000-7fc184afb000 r--p 00000000 08:02 16384199                   /usr/lib/locale/locale-archive
7fc184afb000-7fc184afe000 ---p 00000000 00:00 0 
7fc184afe000-7fc184bfc000 rw-p 00000000 00:00 0 
7fc184bfc000-7fc184bff000 ---p 00000000 00:00 0 
7fc184bff000-7fc184cfd000 rw-p 00000000 00:00 0 
7fc184cfd000-7fc184cfe000 ---p 00000000 00:00 0 
7fc184cfe000-7fc185000000 rw-p 00000000 00:00 0 
7fc185000000-7fc185270000 rwxp 00000000 00:00 0 
7fc185270000-7fc194000000 ---p 00000000 00:00 0 
7fc194000000-7fc194807000 rw-p 00000000 00:00 0 
7fc194807000-7fc198000000 ---p 00000000 00:00 0 
7fc198000000-7fc19800a000 r--s 000ab000 08:02 9438661                    /home/kevin/.m2/repository/org/javassist/javassist/3.22.0-GA/javassist-3.22.0-GA.jar
7fc19800a000-7fc19800f000 r--s 00017000 08:02 9314068                    /home/kevin/.m2/repository/org/hibernate/javax/persistence/hibernate-jpa-2.1-api/1.0.0.Final/hibernate-jpa-2.1-api-1.0.0.Final.jar
7fc19800f000-7fc198028000 r--s 001bf000 08:02 9438655                    /home/kevin/.m2/repository/org/aspectj/aspectjweaver/1.8.13/aspectjweaver-1.8.13.jar
7fc198028000-7fc198031000 r--s 00051000 08:02 9438653                    /home/kevin/.m2/repository/org/springframework/spring-aop/5.0.6.RELEASE/spring-aop-5.0.6.RELEASE.jar
7fc198031000-7fc198e11000 rw-p 00000000 00:00 0 
7fc198e11000-7fc198fea000 r--s 03d65000 08:02 17042997                   /usr/local/java/jdk1.8.0_162/jre/lib/rt.jar
7fc198fea000-7fc1997e0000 rw-p 00000000 00:00 0 
7fc1997e0000-7fc199860000 ---p 00000000 00:00 0 
7fc199860000-7fc199b3d000 rw-p 00000000 00:00 0 
7fc199b3d000-7fc199b3e000 ---p 00000000 00:00 0 
7fc199b3e000-7fc199c3e000 rw-p 00000000 00:00 0 
7fc199c3e000-7fc199c3f000 ---p 00000000 00:00 0 
7fc199c3f000-7fc199d3f000 rw-p 00000000 00:00 0 
7fc199d3f000-7fc199d40000 ---p 00000000 00:00 0 
7fc199d40000-7fc199e40000 rw-p 00000000 00:00 0 
7fc199e40000-7fc199e41000 ---p 00000000 00:00 0 
7fc199e41000-7fc199f60000 rw-p 00000000 00:00 0 
7fc199f60000-7fc19a12a000 ---p 00000000 00:00 0 
7fc19a12a000-7fc19a149000 rw-p 00000000 00:00 0 
7fc19a149000-7fc19a312000 ---p 00000000 00:00 0 
7fc19a312000-7fc19a322000 rw-p 00000000 00:00 0 
7fc19a322000-7fc19a407000 ---p 00000000 00:00 0 
7fc19a407000-7fc19a412000 rw-p 00000000 00:00 0 
7fc19a412000-7fc19a7c8000 ---p 00000000 00:00 0 
7fc19a7c8000-7fc19a7e3000 r-xp 00000000 08:02 17174410                   /usr/local/java/jdk1.8.0_162/jre/lib/amd64/libzip.so
7fc19a7e3000-7fc19a9e3000 ---p 0001b000 08:02 17174410                   /usr/local/java/jdk1.8.0_162/jre/lib/amd64/libzip.so
7fc19a9e3000-7fc19a9e4000 rw-p 0001b000 08:02 17174410                   /usr/local/java/jdk1.8.0_162/jre/lib/amd64/libzip.so
7fc19a9e4000-7fc19a9ef000 r-xp 00000000 08:02 21758048                   /lib/x86_64-linux-gnu/libnss_files-2.23.so
7fc19a9ef000-7fc19abee000 ---p 0000b000 08:02 21758048                   /lib/x86_64-linux-gnu/libnss_files-2.23.so
7fc19abee000-7fc19abef000 r--p 0000a000 08:02 21758048                   /lib/x86_64-linux-gnu/libnss_files-2.23.so
7fc19abef000-7fc19abf0000 rw-p 0000b000 08:02 21758048                   /lib/x86_64-linux-gnu/libnss_files-2.23.so
7fc19abf0000-7fc19abf6000 rw-p 00000000 00:00 0 
7fc19abf6000-7fc19ac01000 r-xp 00000000 08:02 21762516                   /lib/x86_64-linux-gnu/libnss_nis-2.23.so
7fc19ac01000-7fc19ae00000 ---p 0000b000 08:02 21762516                   /lib/x86_64-linux-gnu/libnss_nis-2.23.so
7fc19ae00000-7fc19ae01000 r--p 0000a000 08:02 21762516                   /lib/x86_64-linux-gnu/libnss_nis-2.23.so
7fc19ae01000-7fc19ae02000 rw-p 0000b000 08:02 21762516                   /lib/x86_64-linux-gnu/libnss_nis-2.23.so
7fc19ae02000-7fc19ae18000 r-xp 00000000 08:02 21757966                   /lib/x86_64-linux-gnu/libnsl-2.23.so
7fc19ae18000-7fc19b017000 ---p 00016000 08:02 21757966                   /lib/x86_64-linux-gnu/libnsl-2.23.so
7fc19b017000-7fc19b018000 r--p 00015000 08:02 21757966                   /lib/x86_64-linux-gnu/libnsl-2.23.so
7fc19b018000-7fc19b019000 rw-p 00016000 08:02 21757966                   /lib/x86_64-linux-gnu/libnsl-2.23.so
7fc19b019000-7fc19b01b000 rw-p 00000000 00:00 0 
7fc19b01b000-7fc19b023000 r-xp 00000000 08:02 21758043                   /lib/x86_64-linux-gnu/libnss_compat-2.23.so
7fc19b023000-7fc19b222000 ---p 00008000 08:02 21758043                   /lib/x86_64-linux-gnu/libnss_compat-2.23.so
7fc19b222000-7fc19b223000 r--p 00007000 08:02 21758043                   /lib/x86_64-linux-gnu/libnss_compat-2.23.so
7fc19b223000-7fc19b224000 rw-p 00008000 08:02 21758043                   /lib/x86_64-linux-gnu/libnss_compat-2.23.so
7fc19b224000-7fc19b24f000 r-xp 00000000 08:02 17174404                   /usr/local/java/jdk1.8.0_162/jre/lib/amd64/libjava.so
7fc19b24f000-7fc19b44e000 ---p 0002b000 08:02 17174404                   /usr/local/java/jdk1.8.0_162/jre/lib/amd64/libjava.so
7fc19b44e000-7fc19b450000 rw-p 0002a000 08:02 17174404                   /usr/local/java/jdk1.8.0_162/jre/lib/amd64/libjava.so
7fc19b450000-7fc19b45d000 r-xp 00000000 08:02 17174409                   /usr/local/java/jdk1.8.0_162/jre/lib/amd64/libverify.so
7fc19b45d000-7fc19b65d000 ---p 0000d000 08:02 17174409                   /usr/local/java/jdk1.8.0_162/jre/lib/amd64/libverify.so
7fc19b65d000-7fc19b65f000 rw-p 0000d000 08:02 17174409                   /usr/local/java/jdk1.8.0_162/jre/lib/amd64/libverify.so
7fc19b65f000-7fc19b666000 r-xp 00000000 08:02 21762517                   /lib/x86_64-linux-gnu/librt-2.23.so
7fc19b666000-7fc19b865000 ---p 00007000 08:02 21762517                   /lib/x86_64-linux-gnu/librt-2.23.so
7fc19b865000-7fc19b866000 r--p 00006000 08:02 21762517                   /lib/x86_64-linux-gnu/librt-2.23.so
7fc19b866000-7fc19b867000 rw-p 00007000 08:02 21762517                   /lib/x86_64-linux-gnu/librt-2.23.so
7fc19b867000-7fc19b96f000 r-xp 00000000 08:02 21757957                   /lib/x86_64-linux-gnu/libm-2.23.so
7fc19b96f000-7fc19bb6e000 ---p 00108000 08:02 21757957                   /lib/x86_64-linux-gnu/libm-2.23.so
7fc19bb6e000-7fc19bb6f000 r--p 00107000 08:02 21757957                   /lib/x86_64-linux-gnu/libm-2.23.so
7fc19bb6f000-7fc19bb70000 rw-p 00108000 08:02 21757957                   /lib/x86_64-linux-gnu/libm-2.23.so
7fc19bb70000-7fc19c849000 r-xp 00000000 08:02 17301606                   /usr/local/java/jdk1.8.0_162/jre/lib/amd64/server/libjvm.so
7fc19c849000-7fc19ca48000 ---p 00cd9000 08:02 17301606                   /usr/local/java/jdk1.8.0_162/jre/lib/amd64/server/libjvm.so
7fc19ca48000-7fc19cb22000 rw-p 00cd8000 08:02 17301606                   /usr/local/java/jdk1.8.0_162/jre/lib/amd64/server/libjvm.so
7fc19cb22000-7fc19cb6d000 rw-p 00000000 00:00 0 
7fc19cb6d000-7fc19cd2d000 r-xp 00000000 08:02 21758035                   /lib/x86_64-linux-gnu/libc-2.23.so
7fc19cd2d000-7fc19cf2d000 ---p 001c0000 08:02 21758035                   /lib/x86_64-linux-gnu/libc-2.23.so
7fc19cf2d000-7fc19cf31000 r--p 001c0000 08:02 21758035                   /lib/x86_64-linux-gnu/libc-2.23.so
7fc19cf31000-7fc19cf33000 rw-p 001c4000 08:02 21758035                   /lib/x86_64-linux-gnu/libc-2.23.so
7fc19cf33000-7fc19cf37000 rw-p 00000000 00:00 0 
7fc19cf37000-7fc19cf3a000 r-xp 00000000 08:02 21758037                   /lib/x86_64-linux-gnu/libdl-2.23.so
7fc19cf3a000-7fc19d139000 ---p 00003000 08:02 21758037                   /lib/x86_64-linux-gnu/libdl-2.23.so
7fc19d139000-7fc19d13a000 r--p 00002000 08:02 21758037                   /lib/x86_64-linux-gnu/libdl-2.23.so
7fc19d13a000-7fc19d13b000 rw-p 00003000 08:02 21758037                   /lib/x86_64-linux-gnu/libdl-2.23.so
7fc19d13b000-7fc19d151000 r-xp 00000000 08:02 17041765                   /usr/local/java/jdk1.8.0_162/lib/amd64/jli/libjli.so
7fc19d151000-7fc19d350000 ---p 00016000 08:02 17041765                   /usr/local/java/jdk1.8.0_162/lib/amd64/jli/libjli.so
7fc19d350000-7fc19d351000 rw-p 00015000 08:02 17041765                   /usr/local/java/jdk1.8.0_162/lib/amd64/jli/libjli.so
7fc19d351000-7fc19d369000 r-xp 00000000 08:02 21757977                   /lib/x86_64-linux-gnu/libpthread-2.23.so
7fc19d369000-7fc19d568000 ---p 00018000 08:02 21757977                   /lib/x86_64-linux-gnu/libpthread-2.23.so
7fc19d568000-7fc19d569000 r--p 00017000 08:02 21757977                   /lib/x86_64-linux-gnu/libpthread-2.23.so
7fc19d569000-7fc19d56a000 rw-p 00018000 08:02 21757977                   /lib/x86_64-linux-gnu/libpthread-2.23.so
7fc19d56a000-7fc19d56e000 rw-p 00000000 00:00 0 
7fc19d56e000-7fc19d594000 r-xp 00000000 08:02 21757969                   /lib/x86_64-linux-gnu/ld-2.23.so
7fc19d594000-7fc19d595000 r--s 00000000 08:02 9438681                    /home/kevin/.m2/repository/org/springframework/boot/spring-boot-starter-jdbc/2.0.2.RELEASE/spring-boot-starter-jdbc-2.0.2.RELEASE.jar
7fc19d595000-7fc19d598000 r--s 0002b000 08:02 9438663                    /home/kevin/.m2/repository/org/jboss/jandex/2.0.3.Final/jandex-2.0.3.Final.jar
7fc19d598000-7fc19d59a000 r--s 0000f000 08:02 9438659                    /home/kevin/.m2/repository/org/jboss/logging/jboss-logging/3.3.2.Final/jboss-logging-3.3.2.Final.jar
7fc19d59a000-7fc19d5a1000 r--s 00042000 08:02 9438649                    /home/kevin/.m2/repository/org/yaml/snakeyaml/1.19/snakeyaml-1.19.jar
7fc19d5a1000-7fc19d5a3000 r--s 00005000 08:02 9438647                    /home/kevin/.m2/repository/javax/annotation/javax.annotation-api/1.3.2/javax.annotation-api-1.3.2.jar
7fc19d5a3000-7fc19d5a5000 r--s 00000000 08:02 9314044                    /home/kevin/.m2/repository/org/slf4j/jul-to-slf4j/1.7.25/jul-to-slf4j-1.7.25.jar
7fc19d5a5000-7fc19d5b0000 r--s 00069000 08:02 9438643                    /home/kevin/.m2/repository/ch/qos/logback/logback-core/1.2.3/logback-core-1.2.3.jar
7fc19d5b0000-7fc19d671000 rw-p 00000000 00:00 0 
7fc19d671000-7fc19d674000 ---p 00000000 00:00 0 
7fc19d674000-7fc19d777000 rw-p 00000000 00:00 0 
7fc19d777000-7fc19d778000 r--s 00000000 08:02 9438651                    /home/kevin/.m2/repository/org/springframework/boot/spring-boot-starter-aop/2.0.2.RELEASE/spring-boot-starter-aop-2.0.2.RELEASE.jar
7fc19d778000-7fc19d77e000 r--s 00039000 08:02 9438645                    /home/kevin/.m2/repository/org/apache/logging/log4j/log4j-api/2.10.0/log4j-api-2.10.0.jar
7fc19d77e000-7fc19d780000 r--s 00003000 08:02 9044099                    /home/kevin/.m2/repository/org/apache/logging/log4j/log4j-to-slf4j/2.10.0/log4j-to-slf4j-2.10.0.jar
7fc19d780000-7fc19d786000 r--s 00041000 08:02 9438641                    /home/kevin/.m2/repository/ch/qos/logback/logback-classic/1.2.3/logback-classic-1.2.3.jar
7fc19d786000-7fc19d787000 r--s 00000000 08:02 9438639                    /home/kevin/.m2/repository/org/springframework/boot/spring-boot-starter-logging/2.0.2.RELEASE/spring-boot-starter-logging-2.0.2.RELEASE.jar
7fc19d787000-7fc19d788000 r--s 00000000 08:02 8920480                    /home/kevin/.m2/repository/org/springframework/boot/spring-boot-starter/2.0.2.RELEASE/spring-boot-starter-2.0.2.RELEASE.jar
7fc19d788000-7fc19d789000 r--s 00000000 08:02 8131163                    /home/kevin/.m2/repository/org/springframework/boot/spring-boot-starter-data-jpa/2.0.2.RELEASE/spring-boot-starter-data-jpa-2.0.2.RELEASE.jar
7fc19d789000-7fc19d791000 rw-s 00000000 08:02 23201780                   /tmp/hsperfdata_kevin/6412
7fc19d791000-7fc19d792000 rw-p 00000000 00:00 0 
7fc19d792000-7fc19d793000 r--p 00000000 00:00 0 
7fc19d793000-7fc19d794000 r--p 00025000 08:02 21757969                   /lib/x86_64-linux-gnu/ld-2.23.so
7fc19d794000-7fc19d795000 rw-p 00026000 08:02 21757969                   /lib/x86_64-linux-gnu/ld-2.23.so
7fc19d795000-7fc19d796000 rw-p 00000000 00:00 0 
7ffceb8ca000-7ffceb8ed000 rw-p 00000000 00:00 0                          [stack]
7ffceb9e2000-7ffceb9e5000 r--p 00000000 00:00 0                          [vvar]
7ffceb9e5000-7ffceb9e7000 r-xp 00000000 00:00 0                          [vdso]
ffffffffff600000-ffffffffff601000 r-xp 00000000 00:00 0                  [vsyscall]

VM Arguments:
jvm_args: -Dcom.sun.management.jmxremote -Dcom.sun.management.jmxremote.port=41803 -Dcom.sun.management.jmxremote.authenticate=false -Dcom.sun.management.jmxremote.ssl=false -Djava.rmi.server.hostname=localhost -Dspring.liveBeansView.mbeanDomain -Dspring.application.admin.enabled=true -Djava.security.egd=file:/dev/./urandom -Xverify:none -XX:TieredStopAtLevel=1 -Dfile.encoding=UTF-8 
java_command: com.spring.consultorio.SpringConsultorioMedicoApplication --spring.output.ansi.enabled=always
java_class_path (initial): /usr/local/java/jdk1.8.0_162/jre/lib/resources.jar:/usr/local/java/jdk1.8.0_162/jre/lib/rt.jar:/usr/local/java/jdk1.8.0_162/jre/lib/jsse.jar:/usr/local/java/jdk1.8.0_162/jre/lib/jce.jar:/usr/local/java/jdk1.8.0_162/jre/lib/charsets.jar:/usr/local/java/jdk1.8.0_162/jre/lib/jfr.jar:/usr/local/java/jdk1.8.0_162/jre/lib/ext/jaccess.jar:/usr/local/java/jdk1.8.0_162/jre/lib/ext/localedata.jar:/usr/local/java/jdk1.8.0_162/jre/lib/ext/sunec.jar:/usr/local/java/jdk1.8.0_162/jre/lib/ext/sunpkcs11.jar:/usr/local/java/jdk1.8.0_162/jre/lib/ext/cldrdata.jar:/usr/local/java/jdk1.8.0_162/jre/lib/ext/zipfs.jar:/usr/local/java/jdk1.8.0_162/jre/lib/ext/sunjce_provider.jar:/usr/local/java/jdk1.8.0_162/jre/lib/ext/nashorn.jar:/usr/local/java/jdk1.8.0_162/jre/lib/ext/jfxrt.jar:/usr/local/java/jdk1.8.0_162/jre/lib/ext/dnsns.jar:/home/kevin/Documentos/proyectos_sts/spring-consultorio-medico/target/classes:/home/kevin/.m2/repository/org/springframework/boot/spring-boot-starter-data-jpa/2.0.2.RELEASE/spring-boot-starter-data-jpa-2.0.2.RELEASE.jar:/home/kevin/.m2/repository/org/springframework/boot/spring-boot-starter/2.0.2.RELEASE/spring-boot-starter-2.0.2.RELEASE.jar:/home/kevin/.m2/repository/org/springframework/boot/spring-boot-starter-logging/2.0.2.RELEASE/spring-boot-starter-logging-2.0.2.RELEASE.jar:/home/kevin/.m2/repository/ch/qos/logback/logback-classic/1.2.3/logback-classic-1.2.3.jar:/home/kevin/.m2/repository/ch/qos/logback/logback-core/1.2.3/logback-core-1.2.3.jar:/home/kevin/.m2/repository/org/apache/logging/log4j/log4j-to-slf4j/2.10.0/log4j-to-slf4j-2.10.0.jar:/home/kevin/.m2/repository/org/apache/logging/log4j/log4j-api/2.10.0/log4j-api-2.10.0.jar:/home/kevin/.m2/repository/org/slf4j/jul-to-slf4j/1.7.25/jul-to-slf4j-1.7.25.jar:/home/kevin/.m2/repository/javax/annotation/javax.annotation-api/1.3.2/javax.annotation-api-1.3.2.jar:/home/kevin/.m2/repository/org/yaml/snakeyaml/1.19/snakeyaml-1.19.jar:/home/kevin/.m2/repository/org/springframework/boot/s
Launcher Type: SUN_STANDARD

Environment Variables:
JAVA_HOME=/usr/local/java/jdk1.8.0_162
PATH=/home/kevin/bin:/home/kevin/.local/bin:/usr/local/sbin:/usr/local/bin:/usr/sbin:/usr/bin:/sbin:/bin:/usr/games:/usr/local/games:/snap/bin:/home/kevin/bin:/usr/local/java/jdk1.8.0_162/bin
SHELL=/bin/bash
DISPLAY=:0

Signal Handlers:
SIGSEGV: [libjvm.so+0xad03c0], sa_mask[0]=11111111011111111101111111111110, sa_flags=SA_RESTART|SA_SIGINFO
SIGBUS: [libjvm.so+0xad03c0], sa_mask[0]=11111111011111111101111111111110, sa_flags=SA_RESTART|SA_SIGINFO
SIGFPE: [libjvm.so+0x928210], sa_mask[0]=11111111011111111101111111111110, sa_flags=SA_RESTART|SA_SIGINFO
SIGPIPE: [libjvm.so+0x928210], sa_mask[0]=11111111011111111101111111111110, sa_flags=SA_RESTART|SA_SIGINFO
SIGXFSZ: [libjvm.so+0x928210], sa_mask[0]=11111111011111111101111111111110, sa_flags=SA_RESTART|SA_SIGINFO
SIGILL: [libjvm.so+0x928210], sa_mask[0]=11111111011111111101111111111110, sa_flags=SA_RESTART|SA_SIGINFO
SIGUSR1: SIG_DFL, sa_mask[0]=00000000000000000000000000000000, sa_flags=none
SIGUSR2: [libjvm.so+0x929a70], sa_mask[0]=00100000000000000000000000000000, sa_flags=SA_RESTART|SA_SIGINFO
SIGHUP: [libjvm.so+0x92ae70], sa_mask[0]=11111111011111111101111111111110, sa_flags=SA_RESTART|SA_SIGINFO
SIGINT: [libjvm.so+0x92ae70], sa_mask[0]=11111111011111111101111111111110, sa_flags=SA_RESTART|SA_SIGINFO
SIGTERM: [libjvm.so+0x92ae70], sa_mask[0]=11111111011111111101111111111110, sa_flags=SA_RESTART|SA_SIGINFO
SIGQUIT: [libjvm.so+0x92ae70], sa_mask[0]=11111111011111111101111111111110, sa_flags=SA_RESTART|SA_SIGINFO


---------------  S Y S T E M  ---------------

OS:DISTRIB_ID=Ubuntu
DISTRIB_RELEASE=16.04
DISTRIB_CODENAME=xenial
DISTRIB_DESCRIPTION="Ubuntu 16.04.3 LTS"

uname:Linux 4.13.0-41-generic #46~16.04.1-Ubuntu SMP Thu May 3 10:06:43 UTC 2018 x86_64
libc:glibc 2.23 NPTL 2.23 
rlimit: STACK 8192k, CORE 0k, NPROC 22964, NOFILE 1048576, AS infinity
load average:4,44 3,58 2,24

/proc/meminfo:
MemTotal:        5997936 kB
MemFree:         1623892 kB
MemAvailable:    3422380 kB
Buffers:          124824 kB
Cached:          2035524 kB
SwapCached:            0 kB
Active:          2807172 kB
Inactive:        1264676 kB
Active(anon):    1912644 kB
Inactive(anon):   221748 kB
Active(file):     894528 kB
Inactive(file):  1042928 kB
Unevictable:         128 kB
Mlocked:             128 kB
SwapTotal:       6184956 kB
SwapFree:        6184956 kB
Dirty:             12920 kB
Writeback:             0 kB
AnonPages:       1911708 kB
Mapped:           394716 kB
Shmem:            222896 kB
Slab:             189236 kB
SReclaimable:     149668 kB
SUnreclaim:        39568 kB
KernelStack:       10880 kB
PageTables:        38236 kB
NFS_Unstable:          0 kB
Bounce:                0 kB
WritebackTmp:          0 kB
CommitLimit:     9183924 kB
Committed_AS:    6773968 kB
VmallocTotal:   34359738367 kB
VmallocUsed:           0 kB
VmallocChunk:          0 kB
HardwareCorrupted:     0 kB
AnonHugePages:      8192 kB
ShmemHugePages:        0 kB
ShmemPmdMapped:        0 kB
CmaTotal:              0 kB
CmaFree:               0 kB
HugePages_Total:       0
HugePages_Free:        0
HugePages_Rsvd:        0
HugePages_Surp:        0
Hugepagesize:       2048 kB
DirectMap4k:      157440 kB
DirectMap2M:     6029312 kB


CPU:total 4 (initial active 4) (2 cores per cpu, 2 threads per core) family 6 model 42 stepping 7, cmov, cx8, fxsr, mmx, sse, sse2, sse3, ssse3, sse4.1, sse4.2, popcnt, avx, clmul, ht, tsc, tscinvbit

/proc/cpuinfo:
processor	: 0
vendor_id	: GenuineIntel
cpu family	: 6
model		: 42
model name	: Intel(R) Core(TM) i3-2328M CPU @ 2.20GHz
stepping	: 7
microcode	: 0x2d
cpu MHz		: 1299.350
cache size	: 3072 KB
physical id	: 0
siblings	: 4
core id		: 0
cpu cores	: 2
apicid		: 0
initial apicid	: 0
fpu		: yes
fpu_exception	: yes
cpuid level	: 13
wp		: yes
flags		: fpu vme de pse tsc msr pae mce cx8 apic sep mtrr pge mca cmov pat pse36 clflush dts acpi mmx fxsr sse sse2 ss ht tm pbe syscall nx rdtscp lm constant_tsc arch_perfmon pebs bts rep_good nopl xtopology nonstop_tsc cpuid aperfmperf pni pclmulqdq dtes64 monitor ds_cpl vmx est tm2 ssse3 cx16 xtpr pdcm pcid sse4_1 sse4_2 x2apic popcnt tsc_deadline_timer xsave avx lahf_lm epb pti retpoline spec_ctrl tpr_shadow vnmi flexpriority ept vpid xsaveopt dtherm arat pln pts
bugs		: cpu_meltdown spectre_v1 spectre_v2
bogomips	: 4390.03
clflush size	: 64
cache_alignment	: 64
address sizes	: 36 bits physical, 48 bits virtual
power management:

processor	: 1
vendor_id	: GenuineIntel
cpu family	: 6
model		: 42
model name	: Intel(R) Core(TM) i3-2328M CPU @ 2.20GHz
stepping	: 7
microcode	: 0x2d
cpu MHz		: 1047.698
cache size	: 3072 KB
physical id	: 0
siblings	: 4
core id		: 0
cpu cores	: 2
apicid		: 1
initial apicid	: 1
fpu		: yes
fpu_exception	: yes
cpuid level	: 13
wp		: yes
flags		: fpu vme de pse tsc msr pae mce cx8 apic sep mtrr pge mca cmov pat pse36 clflush dts acpi mmx fxsr sse sse2 ss ht tm pbe syscall nx rdtscp lm constant_tsc arch_perfmon pebs bts rep_good nopl xtopology nonstop_tsc cpuid aperfmperf pni pclmulqdq dtes64 monitor ds_cpl vmx est tm2 ssse3 cx16 xtpr pdcm pcid sse4_1 sse4_2 x2apic popcnt tsc_deadline_timer xsave avx lahf_lm epb pti retpoline spec_ctrl tpr_shadow vnmi flexpriority ept vpid xsaveopt dtherm arat pln pts
bugs		: cpu_meltdown spectre_v1 spectre_v2
bogomips	: 4390.03
clflush size	: 64
cache_alignment	: 64
address sizes	: 36 bits physical, 48 bits virtual
power management:

processor	: 2
vendor_id	: GenuineIntel
cpu family	: 6
model		: 42
model name	: Intel(R) Core(TM) i3-2328M CPU @ 2.20GHz
stepping	: 7
microcode	: 0x2d
cpu MHz		: 1537.224
cache size	: 3072 KB
physical id	: 0
siblings	: 4
core id		: 1
cpu cores	: 2
apicid		: 2
initial apicid	: 2
fpu		: yes
fpu_exception	: yes
cpuid level	: 13
wp		: yes
flags		: fpu vme de pse tsc msr pae mce cx8 apic sep mtrr pge mca cmov pat pse36 clflush dts acpi mmx fxsr sse sse2 ss ht tm pbe syscall nx rdtscp lm constant_tsc arch_perfmon pebs bts rep_good nopl xtopology nonstop_tsc cpuid aperfmperf pni pclmulqdq dtes64 monitor ds_cpl vmx est tm2 ssse3 cx16 xtpr pdcm pcid sse4_1 sse4_2 x2apic popcnt tsc_deadline_timer xsave avx lahf_lm epb pti retpoline spec_ctrl tpr_shadow vnmi flexpriority ept vpid xsaveopt dtherm arat pln pts
bugs		: cpu_meltdown spectre_v1 spectre_v2
bogomips	: 4390.03
clflush size	: 64
cache_alignment	: 64
address sizes	: 36 bits physical, 48 bits virtual
power management:

processor	: 3
vendor_id	: GenuineIntel
cpu family	: 6
model		: 42
model name	: Intel(R) Core(TM) i3-2328M CPU @ 2.20GHz
stepping	: 7
microcode	: 0x2d
cpu MHz		: 1942.780
cache size	: 3072 KB
physical id	: 0
siblings	: 4
core id		: 1
cpu cores	: 2
apicid		: 3
initial apicid	: 3
fpu		: yes
fpu_exception	: yes
cpuid level	: 13
wp		: yes
flags		: fpu vme de pse tsc msr pae mce cx8 apic sep mtrr pge mca cmov pat pse36 clflush dts acpi mmx fxsr sse sse2 ss ht tm pbe syscall nx rdtscp lm constant_tsc arch_perfmon pebs bts rep_good nopl xtopology nonstop_tsc cpuid aperfmperf pni pclmulqdq dtes64 monitor ds_cpl vmx est tm2 ssse3 cx16 xtpr pdcm pcid sse4_1 sse4_2 x2apic popcnt tsc_deadline_timer xsave avx lahf_lm epb pti retpoline spec_ctrl tpr_shadow vnmi flexpriority ept vpid xsaveopt dtherm arat pln pts
bugs		: cpu_meltdown spectre_v1 spectre_v2
bogomips	: 4390.03
clflush size	: 64
cache_alignment	: 64
address sizes	: 36 bits physical, 48 bits virtual
power management:



Memory: 4k page, physical 5997936k(1623768k free), swap 6184956k(6184956k free)

vm_info: Java HotSpot(TM) 64-Bit Server VM (25.162-b12) for linux-amd64 JRE (1.8.0_162-b12), built on Dec 19 2017 21:15:48 by "java_re" with gcc 4.3.0 20080428 (Red Hat 4.3.0-8)

time: Sat May 19 12:45:29 2018
elapsed time: 0 seconds (0d 0h 0m 0s)

