#
# A fatal error has been detected by the Java Runtime Environment:
#
#  SIGSEGV (0xb) at pc=0x00007efd2200fbd6, pid=6372, tid=0x00007efd018cb700
#
# JRE version: Java(TM) SE Runtime Environment (8.0_162-b12) (build 1.8.0_162-b12)
# Java VM: Java HotSpot(TM) 64-Bit Server VM (25.162-b12 mixed mode linux-amd64 compressed oops)
# Problematic frame:
# V  [libjvm.so+0x926bd6]  os::PlatformEvent::park()+0x76
#
# Failed to write core dump. Core dumps have been disabled. To enable core dumping, try "ulimit -c unlimited" before starting Java again
#
# If you would like to submit a bug report, please visit:
#   http://bugreport.java.com/bugreport/crash.jsp
#

---------------  T H R E A D  ---------------

Current thread (0x00007efca400e800):  JavaThread "background-preinit" [_thread_blocked, id=6408, stack(0x00007efd017cb000,0x00007efd018cc000)]

siginfo: si_signo: 11 (SIGSEGV), si_code: 128 (SI_KERNEL), si_addr: 0x0000000000000000

Registers:
RAX=0x0000000000000000, RBX=0x00007efd1c00a9a0, RCX=0x00007efd22eda30a, RDX=0x00007efca400ee28
RSP=0x00007efd018c31d8, RBP=0x00007efd018c3200, RSI=0x0000000000000000, RDI=0x00007efca400ee28
R8 =0x0000000000000000, R9 =0x0000000000000001, R10=0x0000000000000000, R11=0x0000000000000206
R12=0x00007efca400ee00, R13=0x00007efd226b4c40, R14=0x00007efca400e800, R15=0x0000000000000002
RIP=0x00007efd2200fbd6, EFLAGS=0x0000000000010246, CSGSFS=0x002b000000000033, ERR=0x0000000000000000
  TRAPNO=0x000000000000000d

Top of Stack: (sp=0x00007efd018c31d8)
0x00007efd018c31d8:   40007efd21fcf7e8 00007efd018c3210
0x00007efd018c31e8:   00007efd1c00a9a0 40007efca400e800
0x00007efd018c31f8:   00007efd018c3440 00007efd018c3240
0x00007efd018c3208:   00007efd21fcf954 00007efca400e800
0x00007efd018c3218:   0000000000000000 0000000000000000
0x00007efd018c3228:   00007efca4013c60 0000000000000015
0x00007efd018c3238:   00007efd020e1ad0 00007efd018c32e0
0x00007efd018c3248:   00007efd221229f1 4000000000000000
0x00007efd018c3258:   0000000000000000 4000000000000000
0x00007efd018c3268:   0000000000000000 0000000000000000
0x00007efd018c3278:   40007efd018c3400 00007efd018c3420
0x00007efd018c3288:   00007efd018c3370 00007efd1c0c61f0
0x00007efd018c3298:   00007efd1c00a9a0 0000000000000008
0x00007efd018c32a8:   0000003c00000078 00007efca8007d43
0x00007efd018c32b8:   00007efca4013c60 4000000000000015
0x00007efd018c32c8:   40007efd020e1ad0 40007efd1c0c61f0
0x00007efd018c32d8:   40007efca400e800 40007efd018c34a0
0x00007efd018c32e8:   00007efd21b4aab3 00007efd018c33e0
0x00007efd018c32f8:   40007efca400e800 0000006e0000005b
0x00007efd018c3308:   00007efd018c3460 00007efd018c33b0
0x00007efd018c3318:   00007efd018c33e0 00007efd018c3370
0x00007efd018c3328:   00007efd018c3420 00007efd018c3400
0x00007efd018c3338:   00007efd018c3450 40007efd018c3468
0x00007efd018c3348:   40000015a8000020 40007efd018c3c90
0x00007efd018c3358:   4000000200000078 00007efd020e1ab0
0x00007efd018c3368:   00007efca400e800 00007efca8007ce8
0x00007efd018c3378:   00007efca8007d43 0000000000000000
0x00007efd018c3388:   00007efd2267cc64 00007efd018c33d0
0x00007efd018c3398:   00007efd2200d3c5 000000071c4a3ba0
0x00007efd018c33a8:   00007efd018c3400 00007efca8007a30
0x00007efd018c33b8:   00007efca8007dd7 40007efca8007d7f
0x00007efd018c33c8:   00007efd018c3de0 40007efd018c3300 

Instructions: (pc=0x00007efd2200fbd6)
0x00007efd2200fbb6:   00 00 85 db 74 24 41 8b 44 24 20 85 c0 0f 1f 44
0x00007efd2200fbc6:   00 00 0f 88 94 00 00 00 5b 41 5c 41 5d 41 5e c9
0x00007efd2200fbd6:   c3 66 0f 1f 84 00 00 00 00 00 4d 8d 6c 24 28 4c
0x00007efd2200fbe6:   89 ef e8 bb 96 8f ff 41 8b 44 24 24 85 c0 0f 85 

Register to memory mapping:

RAX=0x0000000000000000 is an unknown value
RBX=0x00007efd1c00a9a0 is an unknown value
RCX=0x00007efd22eda30a: <offset 0x1030a> in /lib/x86_64-linux-gnu/libpthread.so.0 at 0x00007efd22eca000
RDX=0x00007efca400ee28 is an unknown value
RSP=0x00007efd018c31d8 is pointing into the stack for thread: 0x00007efca400e800
RBP=0x00007efd018c3200 is pointing into the stack for thread: 0x00007efca400e800
RSI=0x0000000000000000 is an unknown value
RDI=0x00007efca400ee28 is an unknown value
R8 =0x0000000000000000 is an unknown value
R9 =0x0000000000000001 is an unknown value
R10=0x0000000000000000 is an unknown value
R11=0x0000000000000206 is an unknown value
R12=0x00007efca400ee00 is an unknown value
R13=0x00007efd226b4c40: <offset 0xfcbc40> in /usr/local/java/jdk1.8.0_162/jre/lib/amd64/server/libjvm.so at 0x00007efd216e9000
R14=0x00007efca400e800 is a thread
R15=0x0000000000000002 is an unknown value


Stack: [0x00007efd017cb000,0x00007efd018cc000],  sp=0x00007efd018c31d8,  free space=992k
Native frames: (J=compiled Java code, j=interpreted, Vv=VM code, C=native code)
V  [libjvm.so+0x926bd6]  os::PlatformEvent::park()+0x76
V  [libjvm.so+0x8e6954]  Monitor::lock(Thread*)+0x104
V  [libjvm.so+0xa399f1]  SymbolTable::add(ClassLoaderData*, constantPoolHandle, int, char const**, int*, int*, unsigned int*, Thread*)+0x41
V  [libjvm.so+0x461ab3]  ClassFileParser::parse_constant_pool_entries(int, Thread*)+0x323

Java frames: (J=compiled Java code, j=interpreted, Vv=VM code)
J 777  java.lang.ClassLoader.defineClass1(Ljava/lang/String;[BIILjava/security/ProtectionDomain;Ljava/lang/String;)Ljava/lang/Class; (0 bytes) @ 0x00007efd0d22de51 [0x00007efd0d22ddc0+0x91]
C  0x40007efd0d22b27c
C  0x40007efd21d7eb86
V  [libjvm.so+0x72f2fc]  JVM_DoPrivileged+0x27c
J 591  java.security.AccessController.doPrivileged(Ljava/security/PrivilegedExceptionAction;Ljava/security/AccessControlContext;)Ljava/lang/Object; (0 bytes) @ 0x00007efd0d1d5395 [0x00007efd0d1d52c0+0xd5]

[error occurred during error reporting (printing Java stack), id 0xb]


---------------  P R O C E S S  ---------------

Java Threads: ( => current thread )
=>0x00007efca400e800 JavaThread "background-preinit" [_thread_blocked, id=6408, stack(0x00007efd017cb000,0x00007efd018cc000)]
  0x00007efcb0002000 JavaThread "restartedMain" [_thread_in_Java, id=6407, stack(0x00007efd018cc000,0x00007efd019cd000)]
  0x00007efd1c7ad800 JavaThread "Thread-2" [_thread_blocked, id=6406, stack(0x00007efd019cd000,0x00007efd01ace000)]
  0x00007efcb8008800 JavaThread "JMX server connection timeout 16" daemon [_thread_blocked, id=6404, stack(0x00007efd01ace000,0x00007efd01bcf000)]
  0x00007efccc001000 JavaThread "RMI TCP Connection(2)-127.0.0.1" daemon [_thread_in_native, id=6402, stack(0x00007efd01bcf000,0x00007efd01cd0000)]
  0x00007efcc0006000 JavaThread "RMI Scheduler(0)" daemon [_thread_blocked, id=6398, stack(0x00007efd01d37000,0x00007efd01e38000)]
  0x00007efcc4001000 JavaThread "RMI TCP Connection(1)-127.0.0.1" daemon [_thread_in_native, id=6396, stack(0x00007efd01e38000,0x00007efd01f39000)]
  0x00007efd1c4a0000 JavaThread "RMI TCP Accept-0" daemon [_thread_in_native, id=6393, stack(0x00007efd02266000,0x00007efd02367000)]
  0x00007efd1c46e800 JavaThread "RMI TCP Accept-39959" daemon [_thread_in_native, id=6392, stack(0x00007efd02371000,0x00007efd02472000)]
  0x00007efd1c459800 JavaThread "RMI TCP Accept-0" daemon [_thread_in_native, id=6391, stack(0x00007efd02472000,0x00007efd02573000)]
  0x00007efd1c0c4800 JavaThread "Service Thread" daemon [_thread_blocked, id=6390, stack(0x00007efd02da6000,0x00007efd02ea7000)]
  0x00007efd1c0c1800 JavaThread "C1 CompilerThread2" daemon [_thread_blocked, id=6389, stack(0x00007efd02ea7000,0x00007efd02fa8000)]
  0x00007efd1c0c0000 JavaThread "C2 CompilerThread1" daemon [_thread_blocked, id=6388, stack(0x00007efd02fa8000,0x00007efd030a9000)]
  0x00007efd1c0bd000 JavaThread "C2 CompilerThread0" daemon [_thread_blocked, id=6387, stack(0x00007efd030a9000,0x00007efd031aa000)]
  0x00007efd1c0bb800 JavaThread "Signal Dispatcher" daemon [_thread_blocked, id=6386, stack(0x00007efd031aa000,0x00007efd032ab000)]
  0x00007efd1c088800 JavaThread "Finalizer" daemon [_thread_blocked, id=6381, stack(0x00007efd037f8000,0x00007efd038f9000)]
  0x00007efd1c084000 JavaThread "Reference Handler" daemon [_thread_blocked, id=6380, stack(0x00007efd038f9000,0x00007efd039fa000)]
  0x00007efd1c00e800 JavaThread "main" [_thread_blocked, id=6374, stack(0x00007efd231ea000,0x00007efd232eb000)]

Other Threads:
  0x00007efd1c07c800 VMThread [stack: 0x00007efd039fa000,0x00007efd03afb000] [id=6379]
  0x00007efd1c4a2800 WatcherThread [stack: 0x00007efd02165000,0x00007efd02266000] [id=6394]

VM state:not at safepoint (normal execution)

VM Mutex/Monitor currently owned by a thread: None

Heap:
 PSYoungGen      total 51712K, used 14774K [0x00000000e1780000, 0x00000000e4d80000, 0x0000000100000000)
  eden space 48128K, 25% used [0x00000000e1780000,0x00000000e23704b0,0x00000000e4680000)
  from space 3584K, 71% used [0x00000000e4a00000,0x00000000e4c7d470,0x00000000e4d80000)
  to   space 3584K, 0% used [0x00000000e4680000,0x00000000e4680000,0x00000000e4a00000)
 ParOldGen       total 62976K, used 855K [0x00000000a4600000, 0x00000000a8380000, 0x00000000e1780000)
  object space 62976K, 1% used [0x00000000a4600000,0x00000000a46d5f90,0x00000000a8380000)
 Metaspace       used 11066K, capacity 11454K, committed 11520K, reserved 1058816K
  class space    used 1387K, capacity 1476K, committed 1536K, reserved 1048576K

Card table byte_map: [0x00007efd20063000,0x00007efd20341000] byte_map_base: 0x00007efd1fb40000

Marking Bits: (ParMarkBitMap*) 0x00007efd226b8ca0
 Begin Bits: [0x00007efd09883000, 0x00007efd0af6b000)
 End Bits:   [0x00007efd0af6b000, 0x00007efd0c653000)

Polling page: 0x00007efd2330b000

CodeCache: size=245760Kb used=2496Kb max_used=2496Kb free=243263Kb
 bounds [0x00007efd0d000000, 0x00007efd0d280000, 0x00007efd1c000000]
 total_blobs=1298 nmethods=939 adapters=272
 compilation: enabled

Compilation events (10 events):
Event: 1,713 Thread 0x00007efd1c0c1800  934       1       java.util.jar.JarFile::getManifest (5 bytes)
Event: 1,714 Thread 0x00007efd1c0c1800 nmethod 934 0x00007efd0d26ea50 code [0x00007efd0d26ebc0, 0x00007efd0d26ece8]
Event: 1,715 Thread 0x00007efd1c0c1800  935       1       java.util.regex.Pattern$Single::isSatisfiedBy (14 bytes)
Event: 1,715 Thread 0x00007efd1c0c1800 nmethod 935 0x00007efd0d26ed50 code [0x00007efd0d26eea0, 0x00007efd0d26efd0]
Event: 1,718 Thread 0x00007efd1c0c1800  936       1       sun.reflect.Reflection::quickCheckMemberAccess (10 bytes)
Event: 1,718 Thread 0x00007efd1c0c1800 nmethod 936 0x00007efd0d26f010 code [0x00007efd0d26f180, 0x00007efd0d26f2a8]
Event: 1,731 Thread 0x00007efd1c0c1800  937       1       java.lang.Package::isSealed (13 bytes)
Event: 1,731 Thread 0x00007efd1c0c1800 nmethod 937 0x00007efd0d26f690 code [0x00007efd0d26f7e0, 0x00007efd0d26f910]
Event: 1,731 Thread 0x00007efd1c0c1800  938       1       java.net.URLClassLoader::isSealed (72 bytes)
Event: 1,732 Thread 0x00007efd1c0c1800 nmethod 938 0x00007efd0d26f950 code [0x00007efd0d26fb20, 0x00007efd0d26fe38]

GC Heap History (4 events):
Event: 1,471 GC heap before
{Heap before GC invocations=1 (full 0):
 PSYoungGen      total 27648K, used 24064K [0x00000000e1780000, 0x00000000e3600000, 0x0000000100000000)
  eden space 24064K, 100% used [0x00000000e1780000,0x00000000e2f00000,0x00000000e2f00000)
  from space 3584K, 0% used [0x00000000e3280000,0x00000000e3280000,0x00000000e3600000)
  to   space 3584K, 0% used [0x00000000e2f00000,0x00000000e2f00000,0x00000000e3280000)
 ParOldGen       total 62976K, used 0K [0x00000000a4600000, 0x00000000a8380000, 0x00000000e1780000)
  object space 62976K, 0% used [0x00000000a4600000,0x00000000a4600000,0x00000000a8380000)
 Metaspace       used 10386K, capacity 10612K, committed 10880K, reserved 1058816K
  class space    used 1273K, capacity 1344K, committed 1408K, reserved 1048576K
Event: 1,498 GC heap after
Heap after GC invocations=1 (full 0):
 PSYoungGen      total 27648K, used 3580K [0x00000000e1780000, 0x00000000e4d80000, 0x0000000100000000)
  eden space 24064K, 0% used [0x00000000e1780000,0x00000000e1780000,0x00000000e2f00000)
  from space 3584K, 99% used [0x00000000e2f00000,0x00000000e327f268,0x00000000e3280000)
  to   space 3584K, 0% used [0x00000000e4a00000,0x00000000e4a00000,0x00000000e4d80000)
 ParOldGen       total 62976K, used 855K [0x00000000a4600000, 0x00000000a8380000, 0x00000000e1780000)
  object space 62976K, 1% used [0x00000000a4600000,0x00000000a46d5f90,0x00000000a8380000)
 Metaspace       used 10386K, capacity 10612K, committed 10880K, reserved 1058816K
  class space    used 1273K, capacity 1344K, committed 1408K, reserved 1048576K
}
Event: 1,517 GC heap before
{Heap before GC invocations=2 (full 0):
 PSYoungGen      total 27648K, used 27644K [0x00000000e1780000, 0x00000000e4d80000, 0x0000000100000000)
  eden space 24064K, 100% used [0x00000000e1780000,0x00000000e2f00000,0x00000000e2f00000)
  from space 3584K, 99% used [0x00000000e2f00000,0x00000000e327f268,0x00000000e3280000)
  to   space 3584K, 0% used [0x00000000e4a00000,0x00000000e4a00000,0x00000000e4d80000)
 ParOldGen       total 62976K, used 855K [0x00000000a4600000, 0x00000000a8380000, 0x00000000e1780000)
  object space 62976K, 1% used [0x00000000a4600000,0x00000000a46d5f90,0x00000000a8380000)
 Metaspace       used 10393K, capacity 10612K, committed 10880K, reserved 1058816K
  class space    used 1273K, capacity 1344K, committed 1408K, reserved 1048576K
Event: 1,535 GC heap after
Heap after GC invocations=2 (full 0):
 PSYoungGen      total 51712K, used 2549K [0x00000000e1780000, 0x00000000e4d80000, 0x0000000100000000)
  eden space 48128K, 0% used [0x00000000e1780000,0x00000000e1780000,0x00000000e4680000)
  from space 3584K, 71% used [0x00000000e4a00000,0x00000000e4c7d470,0x00000000e4d80000)
  to   space 3584K, 0% used [0x00000000e4680000,0x00000000e4680000,0x00000000e4a00000)
 ParOldGen       total 62976K, used 855K [0x00000000a4600000, 0x00000000a8380000, 0x00000000e1780000)
  object space 62976K, 1% used [0x00000000a4600000,0x00000000a46d5f90,0x00000000a8380000)
 Metaspace       used 10393K, capacity 10612K, committed 10880K, reserved 1058816K
  class space    used 1273K, capacity 1344K, committed 1408K, reserved 1048576K
}

Deoptimization events (0 events):
No events

Classes redefined (0 events):
No events

Internal exceptions (10 events):
Event: 1,415 Thread 0x00007efd1c00e800 Exception <a 'java/lang/ArrayIndexOutOfBoundsException'> (0x00000000e2b110d0) thrown at [/HUDSON/workspace/8-2-build-linux-amd64/jdk8u162/10278/hotspot/src/share/vm/runtime/sharedRuntime.cpp, line 605]
Event: 1,416 Thread 0x00007efd1c00e800 Exception <a 'java/lang/ArrayIndexOutOfBoundsException'> (0x00000000e2b22988) thrown at [/HUDSON/workspace/8-2-build-linux-amd64/jdk8u162/10278/hotspot/src/share/vm/runtime/sharedRuntime.cpp, line 605]
Event: 1,417 Thread 0x00007efd1c00e800 Exception <a 'java/lang/ArrayIndexOutOfBoundsException'> (0x00000000e2b2b390) thrown at [/HUDSON/workspace/8-2-build-linux-amd64/jdk8u162/10278/hotspot/src/share/vm/runtime/sharedRuntime.cpp, line 605]
Event: 1,419 Thread 0x00007efd1c00e800 Exception <a 'java/lang/ArrayIndexOutOfBoundsException'> (0x00000000e2b2f318) thrown at [/HUDSON/workspace/8-2-build-linux-amd64/jdk8u162/10278/hotspot/src/share/vm/runtime/sharedRuntime.cpp, line 605]
Event: 1,561 Thread 0x00007efccc001000 Exception <a 'java/lang/NoSuchMethodError': <clinit>> (0x00000000e1c950d0) thrown at [/HUDSON/workspace/8-2-build-linux-amd64/jdk8u162/10278/hotspot/src/share/vm/prims/jni.cpp, line 1613]
Event: 1,590 Thread 0x00007efccc001000 Exception <a 'java/lang/ClassNotFoundException': javax/management/remote/rmi/RMIConnectionImpl_Skel> (0x00000000e1c99ff8) thrown at [/HUDSON/workspace/8-2-build-linux-amd64/jdk8u162/10278/hotspot/src/share/vm/classfile/systemDictionary.cpp, line 210]
Event: 1,612 Thread 0x00007efd1c00e800 Exception <a 'java/lang/NoSuchMethodError': org.slf4j.impl.StaticMDCBinder.getSingleton()Lorg/slf4j/impl/StaticMDCBinder;> (0x00000000e1e9ab20) thrown at [/HUDSON/workspace/8-2-build-linux-amd64/jdk8u162/10278/hotspot/src/share/vm/interpreter/linkResolver
Event: 1,616 Thread 0x00007efccc001000 Exception <a 'java/lang/reflect/InvocationTargetException'> (0x00000000e1f574a0) thrown at [/HUDSON/workspace/8-2-build-linux-amd64/jdk8u162/10278/hotspot/src/share/vm/runtime/reflection.cpp, line 1092]
Event: 1,628 Thread 0x00007efccc001000 Exception <a 'java/lang/NoSuchMethodError': <clinit>> (0x00000000e1f779f0) thrown at [/HUDSON/workspace/8-2-build-linux-amd64/jdk8u162/10278/hotspot/src/share/vm/prims/jni.cpp, line 1613]
Event: 1,655 Thread 0x00007efd1c7ad800 Exception <a 'java/lang/NoSuchMethodError': java.lang.Object.lambda$static$0(Ljava/lang/Throwable;)Lorg/springframework/boot/devtools/restart/FailureHandler$Outcome;> (0x00000000e1fc3990) thrown at [/HUDSON/workspace/8-2-build-linux-amd64/jdk8u162/10278/h

Events (10 events):
Event: 1,733 loading class org/springframework/core/env/PropertySourcesPropertyResolver
Event: 1,733 loading class org/springframework/core/env/PropertySourcesPropertyResolver done
Event: 1,734 loading class org/springframework/core/env/AbstractPropertyResolver
Event: 1,734 loading class org/springframework/core/env/AbstractPropertyResolver done
Event: 1,736 loading class org/springframework/core/env/PropertySource$StubPropertySource
Event: 1,736 loading class org/springframework/core/env/PropertySource$StubPropertySource done
Event: 1,737 loading class org/springframework/jndi/JndiLocatorDelegate
Event: 1,737 loading class org/springframework/jndi/JndiLocatorDelegate done
Event: 1,737 loading class org/springframework/jndi/JndiLocatorSupport
Event: 1,737 loading class org/springframework/jndi/JndiLocatorSupport done


Dynamic libraries:
00400000-00401000 r-xp 00000000 08:02 16517874                           /usr/local/java/jdk1.8.0_162/bin/java
00600000-00601000 rw-p 00000000 08:02 16517874                           /usr/local/java/jdk1.8.0_162/bin/java
00edb000-00efc000 rw-p 00000000 00:00 0                                  [heap]
a4600000-a8380000 rw-p 00000000 00:00 0 
a8380000-e1780000 ---p 00000000 00:00 0 
e1780000-e4d80000 rw-p 00000000 00:00 0 
e4d80000-100000000 ---p 00000000 00:00 0 
100000000-100180000 rw-p 00000000 00:00 0 
100180000-140000000 ---p 00000000 00:00 0 
7efca4000000-7efca4021000 rw-p 00000000 00:00 0 
7efca4021000-7efca8000000 ---p 00000000 00:00 0 
7efca8000000-7efca8296000 rw-p 00000000 00:00 0 
7efca8296000-7efcac000000 ---p 00000000 00:00 0 
7efcac000000-7efcac021000 rw-p 00000000 00:00 0 
7efcac021000-7efcb0000000 ---p 00000000 00:00 0 
7efcb0000000-7efcb0021000 rw-p 00000000 00:00 0 
7efcb0021000-7efcb4000000 ---p 00000000 00:00 0 
7efcb4000000-7efcb4021000 rw-p 00000000 00:00 0 
7efcb4021000-7efcb8000000 ---p 00000000 00:00 0 
7efcb8000000-7efcb8021000 rw-p 00000000 00:00 0 
7efcb8021000-7efcbc000000 ---p 00000000 00:00 0 
7efcbc000000-7efcbc021000 rw-p 00000000 00:00 0 
7efcbc021000-7efcc0000000 ---p 00000000 00:00 0 
7efcc0000000-7efcc0021000 rw-p 00000000 00:00 0 
7efcc0021000-7efcc4000000 ---p 00000000 00:00 0 
7efcc4000000-7efcc4021000 rw-p 00000000 00:00 0 
7efcc4021000-7efcc8000000 ---p 00000000 00:00 0 
7efcc8000000-7efcc8021000 rw-p 00000000 00:00 0 
7efcc8021000-7efccc000000 ---p 00000000 00:00 0 
7efccc000000-7efccc021000 rw-p 00000000 00:00 0 
7efccc021000-7efcd0000000 ---p 00000000 00:00 0 
7efcd0fff000-7efcd4000000 rw-p 00000000 00:00 0 
7efcd4000000-7efcd4021000 rw-p 00000000 00:00 0 
7efcd4021000-7efcd8000000 ---p 00000000 00:00 0 
7efcd8000000-7efcd8021000 rw-p 00000000 00:00 0 
7efcd8021000-7efcdc000000 ---p 00000000 00:00 0 
7efcdc000000-7efcdc021000 rw-p 00000000 00:00 0 
7efcdc021000-7efce0000000 ---p 00000000 00:00 0 
7efce0000000-7efce0262000 rw-p 00000000 00:00 0 
7efce0262000-7efce4000000 ---p 00000000 00:00 0 
7efce4000000-7efce4021000 rw-p 00000000 00:00 0 
7efce4021000-7efce8000000 ---p 00000000 00:00 0 
7efce8000000-7efce804e000 rw-p 00000000 00:00 0 
7efce804e000-7efcec000000 ---p 00000000 00:00 0 
7efcec000000-7efcec021000 rw-p 00000000 00:00 0 
7efcec021000-7efcf0000000 ---p 00000000 00:00 0 
7efcf0000000-7efcf0021000 rw-p 00000000 00:00 0 
7efcf0021000-7efcf4000000 ---p 00000000 00:00 0 
7efcf4000000-7efcf4021000 rw-p 00000000 00:00 0 
7efcf4021000-7efcf8000000 ---p 00000000 00:00 0 
7efcf8000000-7efcf8021000 rw-p 00000000 00:00 0 
7efcf8021000-7efcfc000000 ---p 00000000 00:00 0 
7efcfc000000-7efcfc021000 rw-p 00000000 00:00 0 
7efcfc021000-7efd00000000 ---p 00000000 00:00 0 
7efd017cb000-7efd017ce000 ---p 00000000 00:00 0 
7efd017ce000-7efd018cc000 rw-p 00000000 00:00 0 
7efd018cc000-7efd018cf000 ---p 00000000 00:00 0 
7efd018cf000-7efd019cd000 rw-p 00000000 00:00 0 
7efd019cd000-7efd019d0000 ---p 00000000 00:00 0 
7efd019d0000-7efd01ace000 rw-p 00000000 00:00 0 
7efd01ace000-7efd01ad1000 ---p 00000000 00:00 0 
7efd01ad1000-7efd01bcf000 rw-p 00000000 00:00 0 
7efd01bcf000-7efd01bd2000 ---p 00000000 00:00 0 
7efd01bd2000-7efd01cd0000 rw-p 00000000 00:00 0 
7efd01d1b000-7efd01d37000 r--s 00393000 08:02 17172589                   /usr/local/java/jdk1.8.0_162/jre/lib/ext/cldrdata.jar
7efd01d37000-7efd01d3a000 ---p 00000000 00:00 0 
7efd01d3a000-7efd01e38000 rw-p 00000000 00:00 0 
7efd01e38000-7efd01e3b000 ---p 00000000 00:00 0 
7efd01e3b000-7efd020f9000 rw-p 00000000 00:00 0 
7efd020f9000-7efd02139000 ---p 00000000 00:00 0 
7efd02139000-7efd02140000 r--s 00000000 08:02 16651651                   /usr/lib/x86_64-linux-gnu/gconv/gconv-modules.cache
7efd02140000-7efd02165000 r--p 00000000 08:02 18223226                   /usr/share/locale-langpack/es/LC_MESSAGES/libc.mo
7efd02165000-7efd02166000 ---p 00000000 00:00 0 
7efd02166000-7efd02266000 rw-p 00000000 00:00 0 
7efd02266000-7efd02269000 ---p 00000000 00:00 0 
7efd02269000-7efd02367000 rw-p 00000000 00:00 0 
7efd02367000-7efd02371000 r--s 00116000 08:02 17174272                   /usr/local/java/jdk1.8.0_162/jre/lib/ext/localedata.jar
7efd02371000-7efd02374000 ---p 00000000 00:00 0 
7efd02374000-7efd02472000 rw-p 00000000 00:00 0 
7efd02472000-7efd02475000 ---p 00000000 00:00 0 
7efd02475000-7efd02573000 rw-p 00000000 00:00 0 
7efd02573000-7efd02578000 r--s 0009d000 08:02 17043002                   /usr/local/java/jdk1.8.0_162/jre/lib/jsse.jar
7efd02578000-7efd0257a000 r--s 00004000 08:02 9438767                    /home/kevin/.m2/repository/org/springframework/spring-jcl/5.0.6.RELEASE/spring-jcl-5.0.6.RELEASE.jar
7efd0257a000-7efd02592000 r--s 00114000 08:02 9438765                    /home/kevin/.m2/repository/org/springframework/spring-core/5.0.6.RELEASE/spring-core-5.0.6.RELEASE.jar
7efd02592000-7efd0259c000 r--s 000ec000 08:02 9438737                    /home/kevin/.m2/repository/mysql/mysql-connector-java/5.1.46/mysql-connector-java-5.1.46.jar
7efd0259c000-7efd025bd000 r--s 000fb000 08:02 9438735                    /home/kevin/.m2/repository/org/springframework/boot/spring-boot-autoconfigure/2.0.2.RELEASE/spring-boot-autoconfigure-2.0.2.RELEASE.jar
7efd025bd000-7efd025d2000 r--s 000ce000 08:02 9183808                    /home/kevin/.m2/repository/org/springframework/boot/spring-boot/2.0.2.RELEASE/spring-boot-2.0.2.RELEASE.jar
7efd025d2000-7efd025d8000 r--s 0002d000 08:02 9438733                    /home/kevin/.m2/repository/org/springframework/boot/spring-boot-devtools/2.0.2.RELEASE/spring-boot-devtools-2.0.2.RELEASE.jar
7efd025d8000-7efd025dd000 r--s 00040000 08:02 9438731                    /home/kevin/.m2/repository/org/springframework/spring-expression/5.0.6.RELEASE/spring-expression-5.0.6.RELEASE.jar
7efd025dd000-7efd025ec000 r--s 000b2000 08:02 9438729                    /home/kevin/.m2/repository/org/springframework/spring-webmvc/5.0.6.RELEASE/spring-webmvc-5.0.6.RELEASE.jar
7efd025ec000-7efd02606000 r--s 00119000 08:02 9438727                    /home/kevin/.m2/repository/org/springframework/spring-web/5.0.6.RELEASE/spring-web-5.0.6.RELEASE.jar
7efd02606000-7efd0260b000 r--s 00012000 08:02 9438725                    /home/kevin/.m2/repository/javax/validation/validation-api/2.0.1.Final/validation-api-2.0.1.Final.jar
7efd0260b000-7efd02628000 r--s 000f8000 08:02 9438723                    /home/kevin/.m2/repository/org/hibernate/validator/hibernate-validator/6.0.9.Final/hibernate-validator-6.0.9.Final.jar
7efd02628000-7efd0262d000 r--s 0003a000 08:02 9438721                    /home/kevin/.m2/repository/org/apache/tomcat/embed/tomcat-embed-websocket/8.5.31/tomcat-embed-websocket-8.5.31.jar
7efd0262d000-7efd02631000 r--s 00037000 08:02 9438719                    /home/kevin/.m2/repository/org/apache/tomcat/embed/tomcat-embed-el/8.5.31/tomcat-embed-el-8.5.31.jar
7efd02631000-7efd0265a000 r--s 002d0000 08:02 9438717                    /home/kevin/.m2/repository/org/apache/tomcat/embed/tomcat-embed-core/8.5.31/tomcat-embed-core-8.5.31.jar
7efd0265a000-7efd0265b000 r--s 00000000 08:02 9438715                    /home/kevin/.m2/repository/org/springframework/boot/spring-boot-starter-tomcat/2.0.2.RELEASE/spring-boot-starter-tomcat-2.0.2.RELEASE.jar
7efd0265b000-7efd0265d000 r--s 00001000 08:02 9438713                    /home/kevin/.m2/repository/com/fasterxml/jackson/module/jackson-module-parameter-names/2.9.5/jackson-module-parameter-names-2.9.5.jar
7efd0265d000-7efd02660000 r--s 00016000 08:02 9438711                    /home/kevin/.m2/repository/com/fasterxml/jackson/datatype/jackson-datatype-jsr310/2.9.5/jackson-datatype-jsr310-2.9.5.jar
7efd02660000-7efd02662000 r--s 00007000 08:02 9438709                    /home/kevin/.m2/repository/com/fasterxml/jackson/datatype/jackson-datatype-jdk8/2.9.5/jackson-datatype-jdk8-2.9.5.jar
7efd02662000-7efd02666000 r--s 0004b000 08:02 9438707                    /home/kevin/.m2/repository/com/fasterxml/jackson/core/jackson-core/2.9.5/jackson-core-2.9.5.jar
7efd02666000-7efd02669000 r--s 0000e000 08:02 9438705                    /home/kevin/.m2/repository/com/fasterxml/jackson/core/jackson-annotations/2.9.0/jackson-annotations-2.9.0.jar
7efd02669000-7efd0267c000 r--s 00135000 08:02 9438703                    /home/kevin/.m2/repository/com/fasterxml/jackson/core/jackson-databind/2.9.5/jackson-databind-2.9.5.jar
7efd0267c000-7efd0267d000 r--s 00000000 08:02 9438701                    /home/kevin/.m2/repository/org/springframework/boot/spring-boot-starter-json/2.0.2.RELEASE/spring-boot-starter-json-2.0.2.RELEASE.jar
7efd0267d000-7efd0267e000 r--s 00000000 08:02 9438699                    /home/kevin/.m2/repository/org/springframework/boot/spring-boot-starter-web/2.0.2.RELEASE/spring-boot-starter-web-2.0.2.RELEASE.jar
7efd0267e000-7efd0267f000 r--s 00009000 08:02 9438697                    /home/kevin/.m2/repository/org/thymeleaf/extras/thymeleaf-extras-java8time/3.0.1.RELEASE/thymeleaf-extras-java8time-3.0.1.RELEASE.jar
7efd0267f000-7efd02682000 r--s 00026000 08:02 9438695                    /home/kevin/.m2/repository/org/unbescape/unbescape/1.1.5.RELEASE/unbescape-1.1.5.RELEASE.jar
7efd02682000-7efd02686000 r--s 00035000 08:02 9438693                    /home/kevin/.m2/repository/org/attoparser/attoparser/2.0.4.RELEASE/attoparser-2.0.4.RELEASE.jar
7efd02686000-7efd02696000 r--s 000c5000 08:02 9438691                    /home/kevin/.m2/repository/org/thymeleaf/thymeleaf/3.0.9.RELEASE/thymeleaf-3.0.9.RELEASE.jar
7efd02696000-7efd0269a000 r--s 00027000 08:02 9438689                    /home/kevin/.m2/repository/org/thymeleaf/thymeleaf-spring5/3.0.9.RELEASE/thymeleaf-spring5-3.0.9.RELEASE.jar
7efd0269a000-7efd026a3000 r--s 00059000 08:02 9438685                    /home/kevin/.m2/repository/org/springframework/spring-jdbc/5.0.6.RELEASE/spring-jdbc-5.0.6.RELEASE.jar
7efd026a3000-7efd026a7000 r--s 00020000 08:02 9438683                    /home/kevin/.m2/repository/com/zaxxer/HikariCP/2.7.9/HikariCP-2.7.9.jar
7efd026a7000-7efd026a9000 r--s 0000a000 08:02 9438679                    /home/kevin/.m2/repository/org/springframework/spring-aspects/5.0.6.RELEASE/spring-aspects-5.0.6.RELEASE.jar
7efd026a9000-7efd026ab000 r--s 00009000 08:02 9314098                    /home/kevin/.m2/repository/org/slf4j/slf4j-api/1.7.25/slf4j-api-1.7.25.jar
7efd026ab000-7efd026b7000 r--s 00096000 08:02 9438677                    /home/kevin/.m2/repository/org/springframework/spring-beans/5.0.6.RELEASE/spring-beans-5.0.6.RELEASE.jar
7efd026b7000-7efd026bf000 r--s 00037000 08:02 9438675                    /home/kevin/.m2/repository/org/springframework/spring-tx/5.0.6.RELEASE/spring-tx-5.0.6.RELEASE.jar
7efd026bf000-7efd026d9000 r--s 000f1000 08:02 9438673                    /home/kevin/.m2/repository/org/springframework/spring-context/5.0.6.RELEASE/spring-context-5.0.6.RELEASE.jar
7efd026d9000-7efd026f0000 r--s 000f0000 08:02 9438669                    /home/kevin/.m2/repository/org/springframework/data/spring-data-commons/2.0.7.RELEASE/spring-data-commons-2.0.7.RELEASE.jar
7efd026f0000-7efd026f7000 r--s 0004b000 08:02 9438667                    /home/kevin/.m2/repository/org/springframework/data/spring-data-jpa/2.0.7.RELEASE/spring-data-jpa-2.0.7.RELEASE.jar
7efd026f7000-7efd02775000 r--s 005f0000 08:02 9438657                    /home/kevin/.m2/repository/org/hibernate/hibernate-core/5.2.17.Final/hibernate-core-5.2.17.Final.jar
7efd02775000-7efd02786000 r-xp 00000000 08:02 17174417                   /usr/local/java/jdk1.8.0_162/jre/lib/amd64/libnio.so
7efd02786000-7efd02985000 ---p 00011000 08:02 17174417                   /usr/local/java/jdk1.8.0_162/jre/lib/amd64/libnio.so
7efd02985000-7efd02986000 rw-p 00010000 08:02 17174417                   /usr/local/java/jdk1.8.0_162/jre/lib/amd64/libnio.so
7efd02986000-7efd0299c000 r-xp 00000000 08:02 17174414                   /usr/local/java/jdk1.8.0_162/jre/lib/amd64/libnet.so
7efd0299c000-7efd02b9c000 ---p 00016000 08:02 17174414                   /usr/local/java/jdk1.8.0_162/jre/lib/amd64/libnet.so
7efd02b9c000-7efd02b9d000 rw-p 00016000 08:02 17174414                   /usr/local/java/jdk1.8.0_162/jre/lib/amd64/libnet.so
7efd02b9d000-7efd02ba6000 r-xp 00000000 08:02 17174422                   /usr/local/java/jdk1.8.0_162/jre/lib/amd64/libmanagement.so
7efd02ba6000-7efd02da5000 ---p 00009000 08:02 17174422                   /usr/local/java/jdk1.8.0_162/jre/lib/amd64/libmanagement.so
7efd02da5000-7efd02da6000 rw-p 00008000 08:02 17174422                   /usr/local/java/jdk1.8.0_162/jre/lib/amd64/libmanagement.so
7efd02da6000-7efd02da9000 ---p 00000000 00:00 0 
7efd02da9000-7efd02ea7000 rw-p 00000000 00:00 0 
7efd02ea7000-7efd02eaa000 ---p 00000000 00:00 0 
7efd02eaa000-7efd02fa8000 rw-p 00000000 00:00 0 
7efd02fa8000-7efd02fab000 ---p 00000000 00:00 0 
7efd02fab000-7efd030a9000 rw-p 00000000 00:00 0 
7efd030a9000-7efd030ac000 ---p 00000000 00:00 0 
7efd030ac000-7efd031aa000 rw-p 00000000 00:00 0 
7efd031aa000-7efd031ad000 ---p 00000000 00:00 0 
7efd031ad000-7efd032ab000 rw-p 00000000 00:00 0 
7efd032ab000-7efd037f8000 r--p 00000000 08:02 16384199                   /usr/lib/locale/locale-archive
7efd037f8000-7efd037fb000 ---p 00000000 00:00 0 
7efd037fb000-7efd038f9000 rw-p 00000000 00:00 0 
7efd038f9000-7efd038fc000 ---p 00000000 00:00 0 
7efd038fc000-7efd039fa000 rw-p 00000000 00:00 0 
7efd039fa000-7efd039fb000 ---p 00000000 00:00 0 
7efd039fb000-7efd04000000 rw-p 00000000 00:00 0 
7efd04000000-7efd04021000 rw-p 00000000 00:00 0 
7efd04021000-7efd08000000 ---p 00000000 00:00 0 
7efd08000000-7efd08004000 r--s 0002b000 08:02 9438671                    /home/kevin/.m2/repository/org/springframework/spring-orm/5.0.6.RELEASE/spring-orm-5.0.6.RELEASE.jar
7efd08004000-7efd08006000 r--s 00006000 08:02 9314082                    /home/kevin/.m2/repository/javax/transaction/javax.transaction-api/1.2/javax.transaction-api-1.2.jar
7efd08006000-7efd08009000 r--s 00010000 08:02 9314078                    /home/kevin/.m2/repository/org/hibernate/common/hibernate-commons-annotations/5.0.1.Final/hibernate-commons-annotations-5.0.1.Final.jar
7efd08009000-7efd0800e000 r--s 00048000 08:02 9314076                    /home/kevin/.m2/repository/dom4j/dom4j/1.6.1/dom4j-1.6.1.jar
7efd0800e000-7efd08010000 r--s 0000e000 08:02 9438665                    /home/kevin/.m2/repository/com/fasterxml/classmate/1.3.4/classmate-1.3.4.jar
7efd08010000-7efd0801a000 r--s 000ab000 08:02 9438661                    /home/kevin/.m2/repository/org/javassist/javassist/3.22.0-GA/javassist-3.22.0-GA.jar
7efd0801a000-7efd08033000 r--s 001bf000 08:02 9438655                    /home/kevin/.m2/repository/org/aspectj/aspectjweaver/1.8.13/aspectjweaver-1.8.13.jar
7efd08033000-7efd080c9000 r--s 0110a000 08:02 17172598                   /usr/local/java/jdk1.8.0_162/jre/lib/ext/jfxrt.jar
7efd080c9000-7efd08b57000 rw-p 00000000 00:00 0 
7efd08b57000-7efd08d30000 r--s 03d65000 08:02 17042997                   /usr/local/java/jdk1.8.0_162/jre/lib/rt.jar
7efd08d30000-7efd0c653000 rw-p 00000000 00:00 0 
7efd0c653000-7efd0c654000 ---p 00000000 00:00 0 
7efd0c654000-7efd0c754000 rw-p 00000000 00:00 0 
7efd0c754000-7efd0c755000 ---p 00000000 00:00 0 
7efd0c755000-7efd0c855000 rw-p 00000000 00:00 0 
7efd0c855000-7efd0c856000 ---p 00000000 00:00 0 
7efd0c856000-7efd0c956000 rw-p 00000000 00:00 0 
7efd0c956000-7efd0c957000 ---p 00000000 00:00 0 
7efd0c957000-7efd0ca76000 rw-p 00000000 00:00 0 
7efd0ca76000-7efd0cc40000 ---p 00000000 00:00 0 
7efd0cc40000-7efd0cc4a000 rw-p 00000000 00:00 0 
7efd0cc4a000-7efd0d000000 ---p 00000000 00:00 0 
7efd0d000000-7efd0d280000 rwxp 00000000 00:00 0 
7efd0d280000-7efd1c000000 ---p 00000000 00:00 0 
7efd1c000000-7efd1c7b7000 rw-p 00000000 00:00 0 
7efd1c7b7000-7efd20000000 ---p 00000000 00:00 0 
7efd20000000-7efd20001000 r--s 00000000 08:02 9438687                    /home/kevin/.m2/repository/org/springframework/boot/spring-boot-starter-thymeleaf/2.0.2.RELEASE/spring-boot-starter-thymeleaf-2.0.2.RELEASE.jar
7efd20001000-7efd20006000 r--s 00068000 08:02 9314072                    /home/kevin/.m2/repository/antlr/antlr/2.7.7/antlr-2.7.7.jar
7efd20006000-7efd2000b000 r--s 00017000 08:02 9314068                    /home/kevin/.m2/repository/org/hibernate/javax/persistence/hibernate-jpa-2.1-api/1.0.0.Final/hibernate-jpa-2.1-api-1.0.0.Final.jar
7efd2000b000-7efd20014000 r--s 00051000 08:02 9438653                    /home/kevin/.m2/repository/org/springframework/spring-aop/5.0.6.RELEASE/spring-aop-5.0.6.RELEASE.jar
7efd20014000-7efd20082000 rw-p 00000000 00:00 0 
7efd20082000-7efd2024b000 ---p 00000000 00:00 0 
7efd2024b000-7efd20267000 rw-p 00000000 00:00 0 
7efd20267000-7efd20340000 ---p 00000000 00:00 0 
7efd20340000-7efd20341000 rw-p 00000000 00:00 0 
7efd20341000-7efd2035c000 r-xp 00000000 08:02 17174410                   /usr/local/java/jdk1.8.0_162/jre/lib/amd64/libzip.so
7efd2035c000-7efd2055c000 ---p 0001b000 08:02 17174410                   /usr/local/java/jdk1.8.0_162/jre/lib/amd64/libzip.so
7efd2055c000-7efd2055d000 rw-p 0001b000 08:02 17174410                   /usr/local/java/jdk1.8.0_162/jre/lib/amd64/libzip.so
7efd2055d000-7efd20568000 r-xp 00000000 08:02 21758048                   /lib/x86_64-linux-gnu/libnss_files-2.23.so
7efd20568000-7efd20767000 ---p 0000b000 08:02 21758048                   /lib/x86_64-linux-gnu/libnss_files-2.23.so
7efd20767000-7efd20768000 r--p 0000a000 08:02 21758048                   /lib/x86_64-linux-gnu/libnss_files-2.23.so
7efd20768000-7efd20769000 rw-p 0000b000 08:02 21758048                   /lib/x86_64-linux-gnu/libnss_files-2.23.so
7efd20769000-7efd2076f000 rw-p 00000000 00:00 0 
7efd2076f000-7efd2077a000 r-xp 00000000 08:02 21762516                   /lib/x86_64-linux-gnu/libnss_nis-2.23.so
7efd2077a000-7efd20979000 ---p 0000b000 08:02 21762516                   /lib/x86_64-linux-gnu/libnss_nis-2.23.so
7efd20979000-7efd2097a000 r--p 0000a000 08:02 21762516                   /lib/x86_64-linux-gnu/libnss_nis-2.23.so
7efd2097a000-7efd2097b000 rw-p 0000b000 08:02 21762516                   /lib/x86_64-linux-gnu/libnss_nis-2.23.so
7efd2097b000-7efd20991000 r-xp 00000000 08:02 21757966                   /lib/x86_64-linux-gnu/libnsl-2.23.so
7efd20991000-7efd20b90000 ---p 00016000 08:02 21757966                   /lib/x86_64-linux-gnu/libnsl-2.23.so
7efd20b90000-7efd20b91000 r--p 00015000 08:02 21757966                   /lib/x86_64-linux-gnu/libnsl-2.23.so
7efd20b91000-7efd20b92000 rw-p 00016000 08:02 21757966                   /lib/x86_64-linux-gnu/libnsl-2.23.so
7efd20b92000-7efd20b94000 rw-p 00000000 00:00 0 
7efd20b94000-7efd20b9c000 r-xp 00000000 08:02 21758043                   /lib/x86_64-linux-gnu/libnss_compat-2.23.so
7efd20b9c000-7efd20d9b000 ---p 00008000 08:02 21758043                   /lib/x86_64-linux-gnu/libnss_compat-2.23.so
7efd20d9b000-7efd20d9c000 r--p 00007000 08:02 21758043                   /lib/x86_64-linux-gnu/libnss_compat-2.23.so
7efd20d9c000-7efd20d9d000 rw-p 00008000 08:02 21758043                   /lib/x86_64-linux-gnu/libnss_compat-2.23.so
7efd20d9d000-7efd20dc8000 r-xp 00000000 08:02 17174404                   /usr/local/java/jdk1.8.0_162/jre/lib/amd64/libjava.so
7efd20dc8000-7efd20fc7000 ---p 0002b000 08:02 17174404                   /usr/local/java/jdk1.8.0_162/jre/lib/amd64/libjava.so
7efd20fc7000-7efd20fc9000 rw-p 0002a000 08:02 17174404                   /usr/local/java/jdk1.8.0_162/jre/lib/amd64/libjava.so
7efd20fc9000-7efd20fd6000 r-xp 00000000 08:02 17174409                   /usr/local/java/jdk1.8.0_162/jre/lib/amd64/libverify.so
7efd20fd6000-7efd211d6000 ---p 0000d000 08:02 17174409                   /usr/local/java/jdk1.8.0_162/jre/lib/amd64/libverify.so
7efd211d6000-7efd211d8000 rw-p 0000d000 08:02 17174409                   /usr/local/java/jdk1.8.0_162/jre/lib/amd64/libverify.so
7efd211d8000-7efd211df000 r-xp 00000000 08:02 21762517                   /lib/x86_64-linux-gnu/librt-2.23.so
7efd211df000-7efd213de000 ---p 00007000 08:02 21762517                   /lib/x86_64-linux-gnu/librt-2.23.so
7efd213de000-7efd213df000 r--p 00006000 08:02 21762517                   /lib/x86_64-linux-gnu/librt-2.23.so
7efd213df000-7efd213e0000 rw-p 00007000 08:02 21762517                   /lib/x86_64-linux-gnu/librt-2.23.so
7efd213e0000-7efd214e8000 r-xp 00000000 08:02 21757957                   /lib/x86_64-linux-gnu/libm-2.23.so
7efd214e8000-7efd216e7000 ---p 00108000 08:02 21757957                   /lib/x86_64-linux-gnu/libm-2.23.so
7efd216e7000-7efd216e8000 r--p 00107000 08:02 21757957                   /lib/x86_64-linux-gnu/libm-2.23.so
7efd216e8000-7efd216e9000 rw-p 00108000 08:02 21757957                   /lib/x86_64-linux-gnu/libm-2.23.so
7efd216e9000-7efd223c2000 r-xp 00000000 08:02 17301606                   /usr/local/java/jdk1.8.0_162/jre/lib/amd64/server/libjvm.so
7efd223c2000-7efd225c1000 ---p 00cd9000 08:02 17301606                   /usr/local/java/jdk1.8.0_162/jre/lib/amd64/server/libjvm.so
7efd225c1000-7efd2269b000 rw-p 00cd8000 08:02 17301606                   /usr/local/java/jdk1.8.0_162/jre/lib/amd64/server/libjvm.so
7efd2269b000-7efd226e6000 rw-p 00000000 00:00 0 
7efd226e6000-7efd228a6000 r-xp 00000000 08:02 21758035                   /lib/x86_64-linux-gnu/libc-2.23.so
7efd228a6000-7efd22aa6000 ---p 001c0000 08:02 21758035                   /lib/x86_64-linux-gnu/libc-2.23.so
7efd22aa6000-7efd22aaa000 r--p 001c0000 08:02 21758035                   /lib/x86_64-linux-gnu/libc-2.23.so
7efd22aaa000-7efd22aac000 rw-p 001c4000 08:02 21758035                   /lib/x86_64-linux-gnu/libc-2.23.so
7efd22aac000-7efd22ab0000 rw-p 00000000 00:00 0 
7efd22ab0000-7efd22ab3000 r-xp 00000000 08:02 21758037                   /lib/x86_64-linux-gnu/libdl-2.23.so
7efd22ab3000-7efd22cb2000 ---p 00003000 08:02 21758037                   /lib/x86_64-linux-gnu/libdl-2.23.so
7efd22cb2000-7efd22cb3000 r--p 00002000 08:02 21758037                   /lib/x86_64-linux-gnu/libdl-2.23.so
7efd22cb3000-7efd22cb4000 rw-p 00003000 08:02 21758037                   /lib/x86_64-linux-gnu/libdl-2.23.so
7efd22cb4000-7efd22cca000 r-xp 00000000 08:02 17041765                   /usr/local/java/jdk1.8.0_162/lib/amd64/jli/libjli.so
7efd22cca000-7efd22ec9000 ---p 00016000 08:02 17041765                   /usr/local/java/jdk1.8.0_162/lib/amd64/jli/libjli.so
7efd22ec9000-7efd22eca000 rw-p 00015000 08:02 17041765                   /usr/local/java/jdk1.8.0_162/lib/amd64/jli/libjli.so
7efd22eca000-7efd22ee2000 r-xp 00000000 08:02 21757977                   /lib/x86_64-linux-gnu/libpthread-2.23.so
7efd22ee2000-7efd230e1000 ---p 00018000 08:02 21757977                   /lib/x86_64-linux-gnu/libpthread-2.23.so
7efd230e1000-7efd230e2000 r--p 00017000 08:02 21757977                   /lib/x86_64-linux-gnu/libpthread-2.23.so
7efd230e2000-7efd230e3000 rw-p 00018000 08:02 21757977                   /lib/x86_64-linux-gnu/libpthread-2.23.so
7efd230e3000-7efd230e7000 rw-p 00000000 00:00 0 
7efd230e7000-7efd2310d000 r-xp 00000000 08:02 21757969                   /lib/x86_64-linux-gnu/ld-2.23.so
7efd2310d000-7efd2310e000 r--s 00000000 08:02 9438681                    /home/kevin/.m2/repository/org/springframework/boot/spring-boot-starter-jdbc/2.0.2.RELEASE/spring-boot-starter-jdbc-2.0.2.RELEASE.jar
7efd2310e000-7efd23111000 r--s 0002b000 08:02 9438663                    /home/kevin/.m2/repository/org/jboss/jandex/2.0.3.Final/jandex-2.0.3.Final.jar
7efd23111000-7efd23113000 r--s 0000f000 08:02 9438659                    /home/kevin/.m2/repository/org/jboss/logging/jboss-logging/3.3.2.Final/jboss-logging-3.3.2.Final.jar
7efd23113000-7efd2311a000 r--s 00042000 08:02 9438649                    /home/kevin/.m2/repository/org/yaml/snakeyaml/1.19/snakeyaml-1.19.jar
7efd2311a000-7efd2311c000 r--s 00005000 08:02 9438647                    /home/kevin/.m2/repository/javax/annotation/javax.annotation-api/1.3.2/javax.annotation-api-1.3.2.jar
7efd2311c000-7efd2311e000 r--s 00000000 08:02 9314044                    /home/kevin/.m2/repository/org/slf4j/jul-to-slf4j/1.7.25/jul-to-slf4j-1.7.25.jar
7efd2311e000-7efd23129000 r--s 00069000 08:02 9438643                    /home/kevin/.m2/repository/ch/qos/logback/logback-core/1.2.3/logback-core-1.2.3.jar
7efd23129000-7efd231ea000 rw-p 00000000 00:00 0 
7efd231ea000-7efd231ed000 ---p 00000000 00:00 0 
7efd231ed000-7efd232f0000 rw-p 00000000 00:00 0 
7efd232f0000-7efd232f1000 r--s 00000000 08:02 9438651                    /home/kevin/.m2/repository/org/springframework/boot/spring-boot-starter-aop/2.0.2.RELEASE/spring-boot-starter-aop-2.0.2.RELEASE.jar
7efd232f1000-7efd232f7000 r--s 00039000 08:02 9438645                    /home/kevin/.m2/repository/org/apache/logging/log4j/log4j-api/2.10.0/log4j-api-2.10.0.jar
7efd232f7000-7efd232f9000 r--s 00003000 08:02 9044099                    /home/kevin/.m2/repository/org/apache/logging/log4j/log4j-to-slf4j/2.10.0/log4j-to-slf4j-2.10.0.jar
7efd232f9000-7efd232ff000 r--s 00041000 08:02 9438641                    /home/kevin/.m2/repository/ch/qos/logback/logback-classic/1.2.3/logback-classic-1.2.3.jar
7efd232ff000-7efd23300000 r--s 00000000 08:02 9438639                    /home/kevin/.m2/repository/org/springframework/boot/spring-boot-starter-logging/2.0.2.RELEASE/spring-boot-starter-logging-2.0.2.RELEASE.jar
7efd23300000-7efd23301000 r--s 00000000 08:02 8920480                    /home/kevin/.m2/repository/org/springframework/boot/spring-boot-starter/2.0.2.RELEASE/spring-boot-starter-2.0.2.RELEASE.jar
7efd23301000-7efd23302000 r--s 00000000 08:02 8131163                    /home/kevin/.m2/repository/org/springframework/boot/spring-boot-starter-data-jpa/2.0.2.RELEASE/spring-boot-starter-data-jpa-2.0.2.RELEASE.jar
7efd23302000-7efd2330a000 rw-s 00000000 08:02 23201780                   /tmp/hsperfdata_kevin/6372
7efd2330a000-7efd2330b000 rw-p 00000000 00:00 0 
7efd2330b000-7efd2330c000 r--p 00000000 00:00 0 
7efd2330c000-7efd2330d000 r--p 00025000 08:02 21757969                   /lib/x86_64-linux-gnu/ld-2.23.so
7efd2330d000-7efd2330e000 rw-p 00026000 08:02 21757969                   /lib/x86_64-linux-gnu/ld-2.23.so
7efd2330e000-7efd2330f000 rw-p 00000000 00:00 0 
7fff815e9000-7fff8160c000 rw-p 00000000 00:00 0                          [stack]
7fff81780000-7fff81783000 r--p 00000000 00:00 0                          [vvar]
7fff81783000-7fff81785000 r-xp 00000000 00:00 0                          [vdso]
ffffffffff600000-ffffffffff601000 r-xp 00000000 00:00 0                  [vsyscall]

VM Arguments:
jvm_args: -Dcom.sun.management.jmxremote -Dcom.sun.management.jmxremote.port=39959 -Dcom.sun.management.jmxremote.authenticate=false -Dcom.sun.management.jmxremote.ssl=false -Djava.rmi.server.hostname=localhost -Dspring.liveBeansView.mbeanDomain -Dspring.application.admin.enabled=true -Djava.security.egd=file:/dev/./urandom -Xverify:none -XX:TieredStopAtLevel=1 -Dfile.encoding=UTF-8 
java_command: com.spring.consultorio.SpringConsultorioMedicoApplication --spring.output.ansi.enabled=always
java_class_path (initial): /usr/local/java/jdk1.8.0_162/jre/lib/resources.jar:/usr/local/java/jdk1.8.0_162/jre/lib/rt.jar:/usr/local/java/jdk1.8.0_162/jre/lib/jsse.jar:/usr/local/java/jdk1.8.0_162/jre/lib/jce.jar:/usr/local/java/jdk1.8.0_162/jre/lib/charsets.jar:/usr/local/java/jdk1.8.0_162/jre/lib/jfr.jar:/usr/local/java/jdk1.8.0_162/jre/lib/ext/jaccess.jar:/usr/local/java/jdk1.8.0_162/jre/lib/ext/localedata.jar:/usr/local/java/jdk1.8.0_162/jre/lib/ext/sunec.jar:/usr/local/java/jdk1.8.0_162/jre/lib/ext/sunpkcs11.jar:/usr/local/java/jdk1.8.0_162/jre/lib/ext/cldrdata.jar:/usr/local/java/jdk1.8.0_162/jre/lib/ext/zipfs.jar:/usr/local/java/jdk1.8.0_162/jre/lib/ext/sunjce_provider.jar:/usr/local/java/jdk1.8.0_162/jre/lib/ext/nashorn.jar:/usr/local/java/jdk1.8.0_162/jre/lib/ext/jfxrt.jar:/usr/local/java/jdk1.8.0_162/jre/lib/ext/dnsns.jar:/home/kevin/Documentos/proyectos_sts/spring-consultorio-medico/target/classes:/home/kevin/.m2/repository/org/springframework/boot/spring-boot-starter-data-jpa/2.0.2.RELEASE/spring-boot-starter-data-jpa-2.0.2.RELEASE.jar:/home/kevin/.m2/repository/org/springframework/boot/spring-boot-starter/2.0.2.RELEASE/spring-boot-starter-2.0.2.RELEASE.jar:/home/kevin/.m2/repository/org/springframework/boot/spring-boot-starter-logging/2.0.2.RELEASE/spring-boot-starter-logging-2.0.2.RELEASE.jar:/home/kevin/.m2/repository/ch/qos/logback/logback-classic/1.2.3/logback-classic-1.2.3.jar:/home/kevin/.m2/repository/ch/qos/logback/logback-core/1.2.3/logback-core-1.2.3.jar:/home/kevin/.m2/repository/org/apache/logging/log4j/log4j-to-slf4j/2.10.0/log4j-to-slf4j-2.10.0.jar:/home/kevin/.m2/repository/org/apache/logging/log4j/log4j-api/2.10.0/log4j-api-2.10.0.jar:/home/kevin/.m2/repository/org/slf4j/jul-to-slf4j/1.7.25/jul-to-slf4j-1.7.25.jar:/home/kevin/.m2/repository/javax/annotation/javax.annotation-api/1.3.2/javax.annotation-api-1.3.2.jar:/home/kevin/.m2/repository/org/yaml/snakeyaml/1.19/snakeyaml-1.19.jar:/home/kevin/.m2/repository/org/springframework/boot/s
Launcher Type: SUN_STANDARD

Environment Variables:
JAVA_HOME=/usr/local/java/jdk1.8.0_162
PATH=/home/kevin/bin:/home/kevin/.local/bin:/usr/local/sbin:/usr/local/bin:/usr/sbin:/usr/bin:/sbin:/bin:/usr/games:/usr/local/games:/snap/bin:/home/kevin/bin:/usr/local/java/jdk1.8.0_162/bin
SHELL=/bin/bash
DISPLAY=:0

Signal Handlers:
SIGSEGV: [libjvm.so+0xad03c0], sa_mask[0]=11111111011111111101111111111110, sa_flags=SA_RESTART|SA_SIGINFO
SIGBUS: [libjvm.so+0xad03c0], sa_mask[0]=11111111011111111101111111111110, sa_flags=SA_RESTART|SA_SIGINFO
SIGFPE: [libjvm.so+0x928210], sa_mask[0]=11111111011111111101111111111110, sa_flags=SA_RESTART|SA_SIGINFO
SIGPIPE: [libjvm.so+0x928210], sa_mask[0]=11111111011111111101111111111110, sa_flags=SA_RESTART|SA_SIGINFO
SIGXFSZ: [libjvm.so+0x928210], sa_mask[0]=11111111011111111101111111111110, sa_flags=SA_RESTART|SA_SIGINFO
SIGILL: [libjvm.so+0x928210], sa_mask[0]=11111111011111111101111111111110, sa_flags=SA_RESTART|SA_SIGINFO
SIGUSR1: SIG_DFL, sa_mask[0]=00000000000000000000000000000000, sa_flags=none
SIGUSR2: [libjvm.so+0x929a70], sa_mask[0]=00100000000000000000000000000000, sa_flags=SA_RESTART|SA_SIGINFO
SIGHUP: [libjvm.so+0x92ae70], sa_mask[0]=11111111011111111101111111111110, sa_flags=SA_RESTART|SA_SIGINFO
SIGINT: [libjvm.so+0x92ae70], sa_mask[0]=11111111011111111101111111111110, sa_flags=SA_RESTART|SA_SIGINFO
SIGTERM: [libjvm.so+0x92ae70], sa_mask[0]=11111111011111111101111111111110, sa_flags=SA_RESTART|SA_SIGINFO
SIGQUIT: [libjvm.so+0x92ae70], sa_mask[0]=11111111011111111101111111111110, sa_flags=SA_RESTART|SA_SIGINFO


---------------  S Y S T E M  ---------------

OS:DISTRIB_ID=Ubuntu
DISTRIB_RELEASE=16.04
DISTRIB_CODENAME=xenial
DISTRIB_DESCRIPTION="Ubuntu 16.04.3 LTS"

uname:Linux 4.13.0-41-generic #46~16.04.1-Ubuntu SMP Thu May 3 10:06:43 UTC 2018 x86_64
libc:glibc 2.23 NPTL 2.23 
rlimit: STACK 8192k, CORE 0k, NPROC 22964, NOFILE 1048576, AS infinity
load average:4,70 3,60 2,23

/proc/meminfo:
MemTotal:        5997936 kB
MemFree:         1606584 kB
MemAvailable:    3404940 kB
Buffers:          124800 kB
Cached:          2041376 kB
SwapCached:            0 kB
Active:          2817992 kB
Inactive:        1270680 kB
Active(anon):    1923640 kB
Inactive(anon):   227672 kB
Active(file):     894352 kB
Inactive(file):  1043008 kB
Unevictable:         128 kB
Mlocked:             128 kB
SwapTotal:       6184956 kB
SwapFree:        6184956 kB
Dirty:             13136 kB
Writeback:             0 kB
AnonPages:       1922572 kB
Mapped:           395392 kB
Shmem:            228820 kB
Slab:             189292 kB
SReclaimable:     149600 kB
SUnreclaim:        39692 kB
KernelStack:       11088 kB
PageTables:        38344 kB
NFS_Unstable:          0 kB
Bounce:                0 kB
WritebackTmp:          0 kB
CommitLimit:     9183924 kB
Committed_AS:    6812644 kB
VmallocTotal:   34359738367 kB
VmallocUsed:           0 kB
VmallocChunk:          0 kB
HardwareCorrupted:     0 kB
AnonHugePages:      8192 kB
ShmemHugePages:        0 kB
ShmemPmdMapped:        0 kB
CmaTotal:              0 kB
CmaFree:               0 kB
HugePages_Total:       0
HugePages_Free:        0
HugePages_Rsvd:        0
HugePages_Surp:        0
Hugepagesize:       2048 kB
DirectMap4k:      157440 kB
DirectMap2M:     6029312 kB


CPU:total 4 (initial active 4) (2 cores per cpu, 2 threads per core) family 6 model 42 stepping 7, cmov, cx8, fxsr, mmx, sse, sse2, sse3, ssse3, sse4.1, sse4.2, popcnt, avx, clmul, ht, tsc, tscinvbit

/proc/cpuinfo:
processor	: 0
vendor_id	: GenuineIntel
cpu family	: 6
model		: 42
model name	: Intel(R) Core(TM) i3-2328M CPU @ 2.20GHz
stepping	: 7
microcode	: 0x2d
cpu MHz		: 2195.015
cache size	: 3072 KB
physical id	: 0
siblings	: 4
core id		: 0
cpu cores	: 2
apicid		: 0
initial apicid	: 0
fpu		: yes
fpu_exception	: yes
cpuid level	: 13
wp		: yes
flags		: fpu vme de pse tsc msr pae mce cx8 apic sep mtrr pge mca cmov pat pse36 clflush dts acpi mmx fxsr sse sse2 ss ht tm pbe syscall nx rdtscp lm constant_tsc arch_perfmon pebs bts rep_good nopl xtopology nonstop_tsc cpuid aperfmperf pni pclmulqdq dtes64 monitor ds_cpl vmx est tm2 ssse3 cx16 xtpr pdcm pcid sse4_1 sse4_2 x2apic popcnt tsc_deadline_timer xsave avx lahf_lm epb pti retpoline spec_ctrl tpr_shadow vnmi flexpriority ept vpid xsaveopt dtherm arat pln pts
bugs		: cpu_meltdown spectre_v1 spectre_v2
bogomips	: 4390.03
clflush size	: 64
cache_alignment	: 64
address sizes	: 36 bits physical, 48 bits virtual
power management:

processor	: 1
vendor_id	: GenuineIntel
cpu family	: 6
model		: 42
model name	: Intel(R) Core(TM) i3-2328M CPU @ 2.20GHz
stepping	: 7
microcode	: 0x2d
cpu MHz		: 2195.017
cache size	: 3072 KB
physical id	: 0
siblings	: 4
core id		: 0
cpu cores	: 2
apicid		: 1
initial apicid	: 1
fpu		: yes
fpu_exception	: yes
cpuid level	: 13
wp		: yes
flags		: fpu vme de pse tsc msr pae mce cx8 apic sep mtrr pge mca cmov pat pse36 clflush dts acpi mmx fxsr sse sse2 ss ht tm pbe syscall nx rdtscp lm constant_tsc arch_perfmon pebs bts rep_good nopl xtopology nonstop_tsc cpuid aperfmperf pni pclmulqdq dtes64 monitor ds_cpl vmx est tm2 ssse3 cx16 xtpr pdcm pcid sse4_1 sse4_2 x2apic popcnt tsc_deadline_timer xsave avx lahf_lm epb pti retpoline spec_ctrl tpr_shadow vnmi flexpriority ept vpid xsaveopt dtherm arat pln pts
bugs		: cpu_meltdown spectre_v1 spectre_v2
bogomips	: 4390.03
clflush size	: 64
cache_alignment	: 64
address sizes	: 36 bits physical, 48 bits virtual
power management:

processor	: 2
vendor_id	: GenuineIntel
cpu family	: 6
model		: 42
model name	: Intel(R) Core(TM) i3-2328M CPU @ 2.20GHz
stepping	: 7
microcode	: 0x2d
cpu MHz		: 2195.017
cache size	: 3072 KB
physical id	: 0
siblings	: 4
core id		: 1
cpu cores	: 2
apicid		: 2
initial apicid	: 2
fpu		: yes
fpu_exception	: yes
cpuid level	: 13
wp		: yes
flags		: fpu vme de pse tsc msr pae mce cx8 apic sep mtrr pge mca cmov pat pse36 clflush dts acpi mmx fxsr sse sse2 ss ht tm pbe syscall nx rdtscp lm constant_tsc arch_perfmon pebs bts rep_good nopl xtopology nonstop_tsc cpuid aperfmperf pni pclmulqdq dtes64 monitor ds_cpl vmx est tm2 ssse3 cx16 xtpr pdcm pcid sse4_1 sse4_2 x2apic popcnt tsc_deadline_timer xsave avx lahf_lm epb pti retpoline spec_ctrl tpr_shadow vnmi flexpriority ept vpid xsaveopt dtherm arat pln pts
bugs		: cpu_meltdown spectre_v1 spectre_v2
bogomips	: 4390.03
clflush size	: 64
cache_alignment	: 64
address sizes	: 36 bits physical, 48 bits virtual
power management:

processor	: 3
vendor_id	: GenuineIntel
cpu family	: 6
model		: 42
model name	: Intel(R) Core(TM) i3-2328M CPU @ 2.20GHz
stepping	: 7
microcode	: 0x2d
cpu MHz		: 2195.018
cache size	: 3072 KB
physical id	: 0
siblings	: 4
core id		: 1
cpu cores	: 2
apicid		: 3
initial apicid	: 3
fpu		: yes
fpu_exception	: yes
cpuid level	: 13
wp		: yes
flags		: fpu vme de pse tsc msr pae mce cx8 apic sep mtrr pge mca cmov pat pse36 clflush dts acpi mmx fxsr sse sse2 ss ht tm pbe syscall nx rdtscp lm constant_tsc arch_perfmon pebs bts rep_good nopl xtopology nonstop_tsc cpuid aperfmperf pni pclmulqdq dtes64 monitor ds_cpl vmx est tm2 ssse3 cx16 xtpr pdcm pcid sse4_1 sse4_2 x2apic popcnt tsc_deadline_timer xsave avx lahf_lm epb pti retpoline spec_ctrl tpr_shadow vnmi flexpriority ept vpid xsaveopt dtherm arat pln pts
bugs		: cpu_meltdown spectre_v1 spectre_v2
bogomips	: 4390.03
clflush size	: 64
cache_alignment	: 64
address sizes	: 36 bits physical, 48 bits virtual
power management:



Memory: 4k page, physical 5997936k(1606336k free), swap 6184956k(6184956k free)

vm_info: Java HotSpot(TM) 64-Bit Server VM (25.162-b12) for linux-amd64 JRE (1.8.0_162-b12), built on Dec 19 2017 21:15:48 by "java_re" with gcc 4.3.0 20080428 (Red Hat 4.3.0-8)

time: Sat May 19 12:45:18 2018
elapsed time: 1 seconds (0d 0h 0m 1s)

